+ cd /testbed
+ git checkout 96f91428c6ad2d19f1ce87ae160b78f52ed989fb test/core-test.cc test/locale-test.cc
Updated 2 paths from 41f2ed4d
+ git apply -v -
Checking patch test/core-test.cc...
Checking patch test/locale-test.cc...
Applied patch test/core-test.cc cleanly.
Applied patch test/locale-test.cc cleanly.
+ cd _build
+ cmake --build .
Consolidate compiler generated dependencies of target fmt
[  1%] Building CXX object CMakeFiles/fmt.dir/src/format.cc.o
[  3%] Building CXX object CMakeFiles/fmt.dir/src/posix.cc.o
[  5%] Linking CXX static library libfmt.a
[  5%] Built target fmt
Consolidate compiler generated dependencies of target gmock
[  8%] Built target gmock
Consolidate compiler generated dependencies of target test-main
[ 10%] Building CXX object test/CMakeFiles/test-main.dir/gtest-extra.cc.o
[ 12%] Building CXX object test/CMakeFiles/test-main.dir/util.cc.o
[ 14%] Linking CXX static library libtest-main.a
[ 15%] Built target test-main
Consolidate compiler generated dependencies of target assert-test
[ 17%] Building CXX object test/CMakeFiles/assert-test.dir/assert-test.cc.o
[ 19%] Linking CXX executable ../bin/assert-test
[ 19%] Built target assert-test
Consolidate compiler generated dependencies of target chrono-test
[ 21%] Building CXX object test/CMakeFiles/chrono-test.dir/chrono-test.cc.o
[ 22%] Linking CXX executable ../bin/chrono-test
[ 22%] Built target chrono-test
Consolidate compiler generated dependencies of target color-test
[ 24%] Building CXX object test/CMakeFiles/color-test.dir/color-test.cc.o
[ 26%] Linking CXX executable ../bin/color-test
[ 26%] Built target color-test
Consolidate compiler generated dependencies of target core-test
[ 28%] Building CXX object test/CMakeFiles/core-test.dir/core-test.cc.o
[ 29%] Linking CXX executable ../bin/core-test
[ 29%] Built target core-test
Consolidate compiler generated dependencies of target grisu-test
[ 31%] Building CXX object test/CMakeFiles/grisu-test.dir/grisu-test.cc.o
[ 33%] Linking CXX executable ../bin/grisu-test
[ 33%] Built target grisu-test
Consolidate compiler generated dependencies of target gtest-extra-test
[ 35%] Building CXX object test/CMakeFiles/gtest-extra-test.dir/gtest-extra-test.cc.o
[ 36%] Linking CXX executable ../bin/gtest-extra-test
[ 36%] Built target gtest-extra-test
Consolidate compiler generated dependencies of target format-test
[ 38%] Building CXX object test/CMakeFiles/format-test.dir/format-test.cc.o
[ 40%] Linking CXX executable ../bin/format-test
[ 40%] Built target format-test
Consolidate compiler generated dependencies of target format-impl-test
[ 42%] Building CXX object test/CMakeFiles/format-impl-test.dir/format-impl-test.cc.o
[ 43%] Linking CXX executable ../bin/format-impl-test
[ 43%] Built target format-impl-test
Consolidate compiler generated dependencies of target locale-test
[ 45%] Building CXX object test/CMakeFiles/locale-test.dir/locale-test.cc.o
[ 47%] Linking CXX executable ../bin/locale-test
[ 47%] Built target locale-test
Consolidate compiler generated dependencies of target ostream-test
[ 49%] Building CXX object test/CMakeFiles/ostream-test.dir/ostream-test.cc.o
[ 50%] Linking CXX executable ../bin/ostream-test
[ 50%] Built target ostream-test
Consolidate compiler generated dependencies of target compile-test
[ 52%] Building CXX object test/CMakeFiles/compile-test.dir/compile-test.cc.o
[ 54%] Linking CXX executable ../bin/compile-test
[ 54%] Built target compile-test
Consolidate compiler generated dependencies of target printf-test
[ 56%] Building CXX object test/CMakeFiles/printf-test.dir/printf-test.cc.o
[ 57%] Linking CXX executable ../bin/printf-test
[ 57%] Built target printf-test
Consolidate compiler generated dependencies of target custom-formatter-test
[ 59%] Building CXX object test/CMakeFiles/custom-formatter-test.dir/custom-formatter-test.cc.o
[ 61%] Linking CXX executable ../bin/custom-formatter-test
[ 61%] Built target custom-formatter-test
Consolidate compiler generated dependencies of target ranges-test
[ 63%] Building CXX object test/CMakeFiles/ranges-test.dir/ranges-test.cc.o
[ 64%] Linking CXX executable ../bin/ranges-test
[ 64%] Built target ranges-test
Consolidate compiler generated dependencies of target scan-test
[ 66%] Building CXX object test/CMakeFiles/scan-test.dir/scan-test.cc.o
[ 68%] Linking CXX executable ../bin/scan-test
[ 68%] Built target scan-test
Consolidate compiler generated dependencies of target posix-mock-test
[ 70%] Building CXX object test/CMakeFiles/posix-mock-test.dir/posix-mock-test.cc.o
[ 71%] Building CXX object test/CMakeFiles/posix-mock-test.dir/__/src/format.cc.o
[ 73%] Building CXX object test/CMakeFiles/posix-mock-test.dir/gtest-extra.cc.o
[ 75%] Building CXX object test/CMakeFiles/posix-mock-test.dir/util.cc.o
[ 77%] Linking CXX executable ../bin/posix-mock-test
[ 78%] Built target posix-mock-test
Consolidate compiler generated dependencies of target posix-test
[ 80%] Building CXX object test/CMakeFiles/posix-test.dir/posix-test.cc.o
[ 82%] Linking CXX executable ../bin/posix-test
[ 82%] Built target posix-test
Consolidate compiler generated dependencies of target header-only-test
[ 84%] Building CXX object test/CMakeFiles/header-only-test.dir/header-only-test.cc.o
[ 85%] Building CXX object test/CMakeFiles/header-only-test.dir/header-only-test2.cc.o
[ 87%] Linking CXX executable ../bin/header-only-test
[ 89%] Built target header-only-test
Consolidate compiler generated dependencies of target std-format-test
[ 91%] Building CXX object test/CMakeFiles/std-format-test.dir/std-format-test.cc.o
[ 92%] Linking CXX executable ../bin/std-format-test
[ 92%] Built target std-format-test
Consolidate compiler generated dependencies of target noexception-test
[ 94%] Building CXX object test/CMakeFiles/noexception-test.dir/__/src/format.cc.o
[ 96%] Linking CXX static library libnoexception-test.a
[ 96%] Built target noexception-test
Consolidate compiler generated dependencies of target nolocale-test
[ 98%] Building CXX object test/CMakeFiles/nolocale-test.dir/__/src/format.cc.o
[100%] Linking CXX static library libnolocale-test.a
[100%] Built target nolocale-test
+ build_rc=0
+ '[' 0 -ne 0 ']'
+ echo 'Running make test (full CTest suite).'
+ CTEST_OUTPUT_ON_FAILURE=1
+ make test
Running make test (full CTest suite).
Running tests...
Test project /testbed/_build
      Start  1: assert-test
 1/21 Test  #1: assert-test ......................   Passed    0.00 sec
      Start  2: chrono-test
 2/21 Test  #2: chrono-test ......................   Passed    0.00 sec
      Start  3: color-test
 3/21 Test  #3: color-test .......................   Passed    0.00 sec
      Start  4: core-test
 4/21 Test  #4: core-test ........................   Passed    0.00 sec
      Start  5: grisu-test
 5/21 Test  #5: grisu-test .......................   Passed    0.00 sec
      Start  6: gtest-extra-test
 6/21 Test  #6: gtest-extra-test .................   Passed    0.00 sec
      Start  7: format-test
 7/21 Test  #7: format-test ......................   Passed    0.01 sec
      Start  8: format-impl-test
 8/21 Test  #8: format-impl-test .................   Passed    0.00 sec
      Start  9: locale-test
 9/21 Test  #9: locale-test ......................   Passed    0.00 sec
      Start 10: ostream-test
10/21 Test #10: ostream-test .....................   Passed    0.00 sec
      Start 11: compile-test
11/21 Test #11: compile-test .....................   Passed    0.00 sec
      Start 12: printf-test
12/21 Test #12: printf-test ......................   Passed    0.00 sec
      Start 13: custom-formatter-test
13/21 Test #13: custom-formatter-test ............   Passed    0.00 sec
      Start 14: ranges-test
14/21 Test #14: ranges-test ......................   Passed    0.00 sec
      Start 15: scan-test
15/21 Test #15: scan-test ........................   Passed    0.00 sec
      Start 16: posix-mock-test
16/21 Test #16: posix-mock-test ..................   Passed    0.00 sec
      Start 17: posix-test
17/21 Test #17: posix-test .......................   Passed    0.00 sec
      Start 18: std-format-test
18/21 Test #18: std-format-test ..................   Passed    0.00 sec
      Start 19: compile-error-test
19/21 Test #19: compile-error-test ...............   Passed    4.24 sec
      Start 20: find-package-test
20/21 Test #20: find-package-test ................   Passed    4.06 sec
      Start 21: add-subdirectory-test
21/21 Test #21: add-subdirectory-test ............   Passed   12.03 sec

100% tests passed, 0 tests failed out of 21

Total Test time (real) =  20.40 sec
OMNIGRIL_EXIT_CODE=0
+ rc=0
+ echo OMNIGRIL_EXIT_CODE=0
+ cd /testbed
+ git checkout 96f91428c6ad2d19f1ce87ae160b78f52ed989fb test/core-test.cc test/locale-test.cc
Updated 2 paths from 41f2ed4d
