Running generateSingleHeader.py...
Generated single include for Catch v2.10.0

Creating and entering build directory...
Configuring CMake...
-- The CXX compiler identification is GNU 8.4.0
-- Check for working CXX compiler: /usr/bin/g++-8
-- Check for working CXX compiler: /usr/bin/g++-8 -- works
-- Detecting CXX compiler ABI info
-- Detecting CXX compiler ABI info - done
-- Detecting CXX compile features
-- Detecting CXX compile features - done
-- Found PythonInterp: /usr/bin/python (found version "3.8.10") 
-- Examples included
-- Extra tests included
-- Configuring done
-- Generating done
-- Build files have been written to: /testbed/Build-Debug
Compiling project with make...
Scanning dependencies of target SelfTest
[  0%] Building CXX object projects/CMakeFiles/SelfTest.dir/SelfTest/TestMain.cpp.o
[  1%] Building CXX object projects/CMakeFiles/SelfTest.dir/SelfTest/IntrospectiveTests/CmdLine.tests.cpp.o
[  1%] Building CXX object projects/CMakeFiles/SelfTest.dir/SelfTest/IntrospectiveTests/Details.tests.cpp.o
[  2%] Building CXX object projects/CMakeFiles/SelfTest.dir/SelfTest/IntrospectiveTests/GeneratorsImpl.tests.cpp.o
[  3%] Building CXX object projects/CMakeFiles/SelfTest.dir/SelfTest/IntrospectiveTests/InternalBenchmark.tests.cpp.o
[  3%] Building CXX object projects/CMakeFiles/SelfTest.dir/SelfTest/IntrospectiveTests/PartTracker.tests.cpp.o
[  4%] Building CXX object projects/CMakeFiles/SelfTest.dir/SelfTest/IntrospectiveTests/RandomNumberGeneration.tests.cpp.o
[  5%] Building CXX object projects/CMakeFiles/SelfTest.dir/SelfTest/IntrospectiveTests/Tag.tests.cpp.o
[  5%] Building CXX object projects/CMakeFiles/SelfTest.dir/SelfTest/IntrospectiveTests/String.tests.cpp.o
[  6%] Building CXX object projects/CMakeFiles/SelfTest.dir/SelfTest/IntrospectiveTests/StringManip.tests.cpp.o
[  6%] Building CXX object projects/CMakeFiles/SelfTest.dir/SelfTest/IntrospectiveTests/Xml.tests.cpp.o
[  7%] Building CXX object projects/CMakeFiles/SelfTest.dir/SelfTest/IntrospectiveTests/ToString.tests.cpp.o
[  8%] Building CXX object projects/CMakeFiles/SelfTest.dir/SelfTest/UsageTests/Approx.tests.cpp.o
[  8%] Building CXX object projects/CMakeFiles/SelfTest.dir/SelfTest/UsageTests/BDD.tests.cpp.o
[  9%] Building CXX object projects/CMakeFiles/SelfTest.dir/SelfTest/UsageTests/Benchmark.tests.cpp.o
[ 10%] Building CXX object projects/CMakeFiles/SelfTest.dir/SelfTest/UsageTests/Class.tests.cpp.o
[ 10%] Building CXX object projects/CMakeFiles/SelfTest.dir/SelfTest/UsageTests/Compilation.tests.cpp.o
[ 11%] Building CXX object projects/CMakeFiles/SelfTest.dir/SelfTest/UsageTests/Condition.tests.cpp.o
[ 11%] Building CXX object projects/CMakeFiles/SelfTest.dir/SelfTest/UsageTests/Decomposition.tests.cpp.o
[ 12%] Building CXX object projects/CMakeFiles/SelfTest.dir/SelfTest/UsageTests/EnumToString.tests.cpp.o
[ 13%] Building CXX object projects/CMakeFiles/SelfTest.dir/SelfTest/UsageTests/Exception.tests.cpp.o
[ 13%] Building CXX object projects/CMakeFiles/SelfTest.dir/SelfTest/UsageTests/Generators.tests.cpp.o
[ 14%] Building CXX object projects/CMakeFiles/SelfTest.dir/SelfTest/UsageTests/Message.tests.cpp.o
[ 15%] Building CXX object projects/CMakeFiles/SelfTest.dir/SelfTest/UsageTests/Misc.tests.cpp.o
[ 15%] Building CXX object projects/CMakeFiles/SelfTest.dir/SelfTest/UsageTests/ToStringByte.tests.cpp.o
[ 16%] Building CXX object projects/CMakeFiles/SelfTest.dir/SelfTest/UsageTests/ToStringChrono.tests.cpp.o
[ 17%] Building CXX object projects/CMakeFiles/SelfTest.dir/SelfTest/UsageTests/ToStringGeneral.tests.cpp.o
[ 17%] Building CXX object projects/CMakeFiles/SelfTest.dir/SelfTest/UsageTests/ToStringOptional.tests.cpp.o
[ 18%] Building CXX object projects/CMakeFiles/SelfTest.dir/SelfTest/UsageTests/ToStringPair.tests.cpp.o
[ 18%] Building CXX object projects/CMakeFiles/SelfTest.dir/SelfTest/UsageTests/ToStringTuple.tests.cpp.o
[ 19%] Building CXX object projects/CMakeFiles/SelfTest.dir/SelfTest/UsageTests/ToStringVariant.tests.cpp.o
[ 20%] Building CXX object projects/CMakeFiles/SelfTest.dir/SelfTest/UsageTests/ToStringVector.tests.cpp.o
[ 20%] Building CXX object projects/CMakeFiles/SelfTest.dir/SelfTest/UsageTests/ToStringWhich.tests.cpp.o
[ 21%] Building CXX object projects/CMakeFiles/SelfTest.dir/SelfTest/UsageTests/Tricky.tests.cpp.o
[ 22%] Building CXX object projects/CMakeFiles/SelfTest.dir/SelfTest/UsageTests/VariadicMacros.tests.cpp.o
[ 22%] Building CXX object projects/CMakeFiles/SelfTest.dir/SelfTest/UsageTests/Matchers.tests.cpp.o
[ 23%] Building CXX object projects/CMakeFiles/SelfTest.dir/__/include/internal/catch_approx.cpp.o
[ 23%] Building CXX object projects/CMakeFiles/SelfTest.dir/__/include/internal/catch_assertionhandler.cpp.o
[ 24%] Building CXX object projects/CMakeFiles/SelfTest.dir/__/include/internal/catch_assertionresult.cpp.o
[ 25%] Building CXX object projects/CMakeFiles/SelfTest.dir/__/include/internal/catch_capture_matchers.cpp.o
[ 25%] Building CXX object projects/CMakeFiles/SelfTest.dir/__/include/internal/catch_commandline.cpp.o
[ 26%] Building CXX object projects/CMakeFiles/SelfTest.dir/__/include/internal/catch_common.cpp.o
[ 27%] Building CXX object projects/CMakeFiles/SelfTest.dir/__/include/internal/catch_config.cpp.o
[ 27%] Building CXX object projects/CMakeFiles/SelfTest.dir/__/include/internal/catch_console_colour.cpp.o
[ 28%] Building CXX object projects/CMakeFiles/SelfTest.dir/__/include/internal/catch_context.cpp.o
[ 28%] Building CXX object projects/CMakeFiles/SelfTest.dir/__/include/internal/catch_debug_console.cpp.o
[ 29%] Building CXX object projects/CMakeFiles/SelfTest.dir/__/include/internal/catch_debugger.cpp.o
[ 30%] Building CXX object projects/CMakeFiles/SelfTest.dir/__/include/internal/catch_decomposer.cpp.o
[ 30%] Building CXX object projects/CMakeFiles/SelfTest.dir/__/include/internal/catch_enforce.cpp.o
[ 31%] Building CXX object projects/CMakeFiles/SelfTest.dir/__/include/internal/catch_enum_values_registry.cpp.o
[ 32%] Building CXX object projects/CMakeFiles/SelfTest.dir/__/include/internal/catch_errno_guard.cpp.o
[ 32%] Building CXX object projects/CMakeFiles/SelfTest.dir/__/include/internal/catch_exception_translator_registry.cpp.o
[ 33%] Building CXX object projects/CMakeFiles/SelfTest.dir/__/include/internal/catch_fatal_condition.cpp.o
[ 34%] Building CXX object projects/CMakeFiles/SelfTest.dir/__/include/internal/catch_generators.cpp.o
[ 34%] Building CXX object projects/CMakeFiles/SelfTest.dir/__/include/internal/catch_interfaces_capture.cpp.o
[ 35%] Building CXX object projects/CMakeFiles/SelfTest.dir/__/include/internal/catch_interfaces_config.cpp.o
[ 35%] Building CXX object projects/CMakeFiles/SelfTest.dir/__/include/internal/catch_interfaces_exception.cpp.o
[ 36%] Building CXX object projects/CMakeFiles/SelfTest.dir/__/include/internal/catch_interfaces_registry_hub.cpp.o
[ 37%] Building CXX object projects/CMakeFiles/SelfTest.dir/__/include/internal/catch_interfaces_runner.cpp.o
[ 37%] Building CXX object projects/CMakeFiles/SelfTest.dir/__/include/internal/catch_interfaces_testcase.cpp.o
[ 38%] Building CXX object projects/CMakeFiles/SelfTest.dir/__/include/internal/catch_list.cpp.o
[ 39%] Building CXX object projects/CMakeFiles/SelfTest.dir/__/include/internal/catch_leak_detector.cpp.o
[ 39%] Building CXX object projects/CMakeFiles/SelfTest.dir/__/include/internal/catch_matchers.cpp.o
[ 40%] Building CXX object projects/CMakeFiles/SelfTest.dir/__/include/internal/catch_matchers_exception.cpp.o
[ 40%] Building CXX object projects/CMakeFiles/SelfTest.dir/__/include/internal/catch_matchers_floating.cpp.o
[ 41%] Building CXX object projects/CMakeFiles/SelfTest.dir/__/include/internal/catch_matchers_generic.cpp.o
[ 42%] Building CXX object projects/CMakeFiles/SelfTest.dir/__/include/internal/catch_matchers_string.cpp.o
[ 42%] Building CXX object projects/CMakeFiles/SelfTest.dir/__/include/internal/catch_message.cpp.o
[ 43%] Building CXX object projects/CMakeFiles/SelfTest.dir/__/include/internal/catch_output_redirect.cpp.o
[ 44%] Building CXX object projects/CMakeFiles/SelfTest.dir/__/include/internal/catch_registry_hub.cpp.o
[ 44%] Building CXX object projects/CMakeFiles/SelfTest.dir/__/include/internal/catch_interfaces_reporter.cpp.o
[ 45%] Building CXX object projects/CMakeFiles/SelfTest.dir/__/include/internal/catch_polyfills.cpp.o
[ 45%] Building CXX object projects/CMakeFiles/SelfTest.dir/__/include/internal/catch_random_number_generator.cpp.o
[ 46%] Building CXX object projects/CMakeFiles/SelfTest.dir/__/include/internal/catch_reporter_registry.cpp.o
[ 47%] Building CXX object projects/CMakeFiles/SelfTest.dir/__/include/internal/catch_result_type.cpp.o
[ 47%] Building CXX object projects/CMakeFiles/SelfTest.dir/__/include/internal/catch_run_context.cpp.o
[ 48%] Building CXX object projects/CMakeFiles/SelfTest.dir/__/include/internal/catch_section.cpp.o
[ 49%] Building CXX object projects/CMakeFiles/SelfTest.dir/__/include/internal/catch_section_info.cpp.o
[ 49%] Building CXX object projects/CMakeFiles/SelfTest.dir/__/include/internal/catch_session.cpp.o
[ 50%] Building CXX object projects/CMakeFiles/SelfTest.dir/__/include/internal/catch_singletons.cpp.o
[ 50%] Building CXX object projects/CMakeFiles/SelfTest.dir/__/include/internal/catch_startup_exception_registry.cpp.o
[ 51%] Building CXX object projects/CMakeFiles/SelfTest.dir/__/include/internal/catch_stream.cpp.o
[ 52%] Building CXX object projects/CMakeFiles/SelfTest.dir/__/include/internal/catch_stringref.cpp.o
[ 52%] Building CXX object projects/CMakeFiles/SelfTest.dir/__/include/internal/catch_string_manip.cpp.o
[ 53%] Building CXX object projects/CMakeFiles/SelfTest.dir/__/include/internal/catch_tag_alias.cpp.o
[ 54%] Building CXX object projects/CMakeFiles/SelfTest.dir/__/include/internal/catch_tag_alias_autoregistrar.cpp.o
[ 54%] Building CXX object projects/CMakeFiles/SelfTest.dir/__/include/internal/catch_tag_alias_registry.cpp.o
[ 55%] Building CXX object projects/CMakeFiles/SelfTest.dir/__/include/internal/catch_test_case_info.cpp.o
[ 56%] Building CXX object projects/CMakeFiles/SelfTest.dir/__/include/internal/catch_test_case_registry_impl.cpp.o
[ 56%] Building CXX object projects/CMakeFiles/SelfTest.dir/__/include/internal/catch_test_case_tracker.cpp.o
[ 57%] Building CXX object projects/CMakeFiles/SelfTest.dir/__/include/internal/catch_test_registry.cpp.o
[ 57%] Building CXX object projects/CMakeFiles/SelfTest.dir/__/include/internal/catch_test_spec.cpp.o
[ 58%] Building CXX object projects/CMakeFiles/SelfTest.dir/__/include/internal/catch_test_spec_parser.cpp.o
[ 59%] Building CXX object projects/CMakeFiles/SelfTest.dir/__/include/internal/catch_timer.cpp.o
[ 59%] Building CXX object projects/CMakeFiles/SelfTest.dir/__/include/internal/catch_tostring.cpp.o
[ 60%] Building CXX object projects/CMakeFiles/SelfTest.dir/__/include/internal/catch_totals.cpp.o
[ 61%] Building CXX object projects/CMakeFiles/SelfTest.dir/__/include/internal/catch_uncaught_exceptions.cpp.o
[ 61%] Building CXX object projects/CMakeFiles/SelfTest.dir/__/include/internal/catch_version.cpp.o
[ 62%] Building CXX object projects/CMakeFiles/SelfTest.dir/__/include/internal/catch_wildcard_pattern.cpp.o
[ 62%] Building CXX object projects/CMakeFiles/SelfTest.dir/__/include/internal/catch_xmlwriter.cpp.o
[ 63%] Building CXX object projects/CMakeFiles/SelfTest.dir/__/include/reporters/catch_reporter_bases.cpp.o
[ 64%] Building CXX object projects/CMakeFiles/SelfTest.dir/__/include/reporters/catch_reporter_compact.cpp.o
[ 64%] Building CXX object projects/CMakeFiles/SelfTest.dir/__/include/reporters/catch_reporter_console.cpp.o
[ 65%] Building CXX object projects/CMakeFiles/SelfTest.dir/__/include/reporters/catch_reporter_junit.cpp.o
[ 66%] Building CXX object projects/CMakeFiles/SelfTest.dir/__/include/reporters/catch_reporter_listening.cpp.o
[ 66%] Building CXX object projects/CMakeFiles/SelfTest.dir/__/include/reporters/catch_reporter_xml.cpp.o
[ 67%] Building CXX object projects/CMakeFiles/SelfTest.dir/SelfTest/SurrogateCpps/catch_console_colour.cpp.o
[ 67%] Building CXX object projects/CMakeFiles/SelfTest.dir/SelfTest/SurrogateCpps/catch_debugger.cpp.o
[ 68%] Building CXX object projects/CMakeFiles/SelfTest.dir/SelfTest/SurrogateCpps/catch_interfaces_reporter.cpp.o
[ 69%] Building CXX object projects/CMakeFiles/SelfTest.dir/SelfTest/SurrogateCpps/catch_option.cpp.o
[ 69%] Building CXX object projects/CMakeFiles/SelfTest.dir/SelfTest/SurrogateCpps/catch_stream.cpp.o
[ 70%] Building CXX object projects/CMakeFiles/SelfTest.dir/SelfTest/SurrogateCpps/catch_test_case_tracker.cpp.o
[ 71%] Building CXX object projects/CMakeFiles/SelfTest.dir/SelfTest/SurrogateCpps/catch_test_spec.cpp.o
[ 71%] Building CXX object projects/CMakeFiles/SelfTest.dir/SelfTest/SurrogateCpps/catch_xmlwriter.cpp.o
[ 72%] Building CXX object projects/CMakeFiles/SelfTest.dir/__/include/internal/benchmark/detail/catch_stats.cpp.o
[ 73%] Linking CXX executable SelfTest
[ 73%] Built target SelfTest
Scanning dependencies of target CatchMain
[ 73%] Building CXX object examples/CMakeFiles/CatchMain.dir/000-CatchMain.cpp.o
[ 73%] Built target CatchMain
Scanning dependencies of target 311-Gen-CustomCapture
[ 74%] Building CXX object examples/CMakeFiles/311-Gen-CustomCapture.dir/311-Gen-CustomCapture.cpp.o
[ 74%] Linking CXX executable 311-Gen-CustomCapture
[ 74%] Built target 311-Gen-CustomCapture
Scanning dependencies of target 100-Fix-Section
[ 75%] Building CXX object examples/CMakeFiles/100-Fix-Section.dir/100-Fix-Section.cpp.o
[ 75%] Linking CXX executable 100-Fix-Section
[ 75%] Built target 100-Fix-Section
Scanning dependencies of target 300-Gen-OwnGenerator
[ 76%] Building CXX object examples/CMakeFiles/300-Gen-OwnGenerator.dir/300-Gen-OwnGenerator.cpp.o
[ 77%] Linking CXX executable 300-Gen-OwnGenerator
[ 77%] Built target 300-Gen-OwnGenerator
Scanning dependencies of target 210-Evt-EventListeners
[ 78%] Building CXX object examples/CMakeFiles/210-Evt-EventListeners.dir/210-Evt-EventListeners.cpp.o
[ 78%] Linking CXX executable 210-Evt-EventListeners
[ 78%] Built target 210-Evt-EventListeners
Scanning dependencies of target 310-Gen-VariablesInGenerators
[ 79%] Building CXX object examples/CMakeFiles/310-Gen-VariablesInGenerators.dir/310-Gen-VariablesInGenerators.cpp.o
[ 79%] Linking CXX executable 310-Gen-VariablesInGenerators
[ 79%] Built target 310-Gen-VariablesInGenerators
Scanning dependencies of target 120-Bdd-ScenarioGivenWhenThen
[ 80%] Building CXX object examples/CMakeFiles/120-Bdd-ScenarioGivenWhenThen.dir/120-Bdd-ScenarioGivenWhenThen.cpp.o
[ 81%] Linking CXX executable 120-Bdd-ScenarioGivenWhenThen
[ 81%] Built target 120-Bdd-ScenarioGivenWhenThen
Scanning dependencies of target 110-Fix-ClassFixture
[ 82%] Building CXX object examples/CMakeFiles/110-Fix-ClassFixture.dir/110-Fix-ClassFixture.cpp.o
[ 82%] Linking CXX executable 110-Fix-ClassFixture
[ 82%] Built target 110-Fix-ClassFixture
Scanning dependencies of target 030-Asn-Require-Check
[ 82%] Building CXX object examples/CMakeFiles/030-Asn-Require-Check.dir/030-Asn-Require-Check.cpp.o
[ 83%] Linking CXX executable 030-Asn-Require-Check
[ 83%] Built target 030-Asn-Require-Check
Scanning dependencies of target 010-TestCase
[ 83%] Building CXX object examples/CMakeFiles/010-TestCase.dir/010-TestCase.cpp.o
[ 84%] Linking CXX executable 010-TestCase
[ 84%] Built target 010-TestCase
Scanning dependencies of target CatchMainTeamCity
[ 85%] Building CXX object examples/CMakeFiles/CatchMainTeamCity.dir/200-Rpt-CatchMain.cpp.o
[ 85%] Built target CatchMainTeamCity
Scanning dependencies of target 231-Cfg-OutputStreams
[ 86%] Building CXX object examples/CMakeFiles/231-Cfg-OutputStreams.dir/231-Cfg-OutputStreams.cpp.o
[ 86%] Linking CXX executable 231-Cfg-OutputStreams
[ 86%] Built target 231-Cfg-OutputStreams
Scanning dependencies of target 301-Gen-MapTypeConversion
[ 86%] Building CXX object examples/CMakeFiles/301-Gen-MapTypeConversion.dir/301-Gen-MapTypeConversion.cpp.o
[ 87%] Linking CXX executable 301-Gen-MapTypeConversion
[ 87%] Built target 301-Gen-MapTypeConversion
Scanning dependencies of target 207-Rpt-TeamCityReporter
[ 87%] Building CXX object examples/CMakeFiles/207-Rpt-TeamCityReporter.dir/207-Rpt-TeamCityReporter.cpp.o
[ 88%] Linking CXX executable 207-Rpt-TeamCityReporter
[ 88%] Built target 207-Rpt-TeamCityReporter
Scanning dependencies of target 020-TestCase
[ 88%] Building CXX object examples/CMakeFiles/020-TestCase.dir/020-TestCase-1.cpp.o
[ 89%] Building CXX object examples/CMakeFiles/020-TestCase.dir/020-TestCase-2.cpp.o
[ 90%] Linking CXX executable 020-TestCase
[ 90%] Built target 020-TestCase
Scanning dependencies of target DisabledExceptions-CustomHandler
[ 91%] Building CXX object projects/ExtraTests/CMakeFiles/DisabledExceptions-CustomHandler.dir/X04-DisabledExceptions-CustomHandler.cpp.o
[ 92%] Linking CXX executable DisabledExceptions-CustomHandler
[ 92%] Built target DisabledExceptions-CustomHandler
Scanning dependencies of target DisabledExceptions-DefaultHandler
[ 92%] Building CXX object projects/ExtraTests/CMakeFiles/DisabledExceptions-DefaultHandler.dir/X03-DisabledExceptions-DefaultHandler.cpp.o
[ 93%] Linking CXX executable DisabledExceptions-DefaultHandler
[ 93%] Built target DisabledExceptions-DefaultHandler
Scanning dependencies of target DisabledMacros
[ 93%] Building CXX object projects/ExtraTests/CMakeFiles/DisabledMacros.dir/X02-DisabledMacros.cpp.o
[ 94%] Linking CXX executable DisabledMacros
[ 94%] Built target DisabledMacros
Scanning dependencies of target FallbackStringifier
[ 95%] Building CXX object projects/ExtraTests/CMakeFiles/FallbackStringifier.dir/X10-FallbackStringifier.cpp.o
[ 95%] Linking CXX executable FallbackStringifier
[ 95%] Built target FallbackStringifier
Scanning dependencies of target PrefixedMacros
[ 96%] Building CXX object projects/ExtraTests/CMakeFiles/PrefixedMacros.dir/X01-PrefixedMacros.cpp.o
[ 97%] Linking CXX executable PrefixedMacros
[ 97%] Built target PrefixedMacros
Scanning dependencies of target DisableStringification
[ 98%] Building CXX object projects/ExtraTests/CMakeFiles/DisableStringification.dir/X11-DisableStringification.cpp.o
[ 98%] Linking CXX executable DisableStringification
[ 98%] Built target DisableStringification
Scanning dependencies of target BenchmarkingMacros
[ 99%] Building CXX object projects/ExtraTests/CMakeFiles/BenchmarkingMacros.dir/X20-BenchmarkingMacros.cpp.o
[100%] Linking CXX executable BenchmarkingMacros
[100%] Built target BenchmarkingMacros
Running CTest tests...
Test project /testbed/Build-Debug
      Start  1: RunTests
      Start  2: ListTests
      Start  3: ListTags
      Start  4: ListReporters
      Start  5: ListTestNamesOnly
      Start  6: NoAssertions
      Start  7: NoTest
      Start  8: WarnAboutNoTests
      Start  9: UnmatchedOutputFilter
      Start 10: FilteredSection-1
      Start 11: FilteredSection-2
      Start 12: ApprovalTests
 1/29 Test  #1: RunTests ...............................   Passed    0.03 sec
 2/29 Test  #2: ListTests ..............................   Passed    0.03 sec
 3/29 Test  #3: ListTags ...............................   Passed    0.03 sec
 4/29 Test  #4: ListReporters ..........................   Passed    0.03 sec
 5/29 Test  #8: WarnAboutNoTests .......................   Passed    0.03 sec
 6/29 Test  #9: UnmatchedOutputFilter ..................   Passed    0.03 sec
 7/29 Test #10: FilteredSection-1 ......................   Passed    0.03 sec
 8/29 Test  #6: NoAssertions ...........................   Passed    0.03 sec
 9/29 Test  #7: NoTest .................................   Passed    0.03 sec
10/29 Test  #5: ListTestNamesOnly ......................   Passed    0.03 sec
11/29 Test #11: FilteredSection-2 ......................   Passed    0.03 sec
      Start 13: RegressionCheck-1670
      Start 14: VersionCheck
      Start 15: LibIdentityTest
      Start 16: FilenameAsTagsTest
      Start 17: EscapeSpecialCharactersInTestNames
      Start 18: SpecialCharactersInTestNamesFromFile
      Start 19: RunningTestsFromFile
      Start 20: CATCH_CONFIG_PREFIX_ALL
      Start 21: CATCH_CONFIG_DISABLE-1
      Start 22: CATCH_CONFIG_DISABLE-2
      Start 23: CATCH_CONFIG_DISABLE_EXCEPTIONS-1
12/29 Test #19: RunningTestsFromFile ...................   Passed    0.01 sec
13/29 Test #18: SpecialCharactersInTestNamesFromFile ...   Passed    0.01 sec
14/29 Test #17: EscapeSpecialCharactersInTestNames .....   Passed    0.01 sec
15/29 Test #16: FilenameAsTagsTest .....................   Passed    0.01 sec
16/29 Test #15: LibIdentityTest ........................   Passed    0.01 sec
17/29 Test #14: VersionCheck ...........................   Passed    0.01 sec
18/29 Test #13: RegressionCheck-1670 ...................   Passed    0.01 sec
19/29 Test #21: CATCH_CONFIG_DISABLE-1 .................   Passed    0.01 sec
20/29 Test #22: CATCH_CONFIG_DISABLE-2 .................   Passed    0.00 sec
21/29 Test #20: CATCH_CONFIG_PREFIX_ALL ................   Passed    0.01 sec
22/29 Test #23: CATCH_CONFIG_DISABLE_EXCEPTIONS-1 ......   Passed    0.10 sec
      Start 24: CATCH_CONFIG_DISABLE_EXCEPTIONS-2
      Start 25: CATCH_CONFIG_DISABLE_EXCEPTIONS-3
      Start 26: CATCH_CONFIG_DISABLE_EXCEPTIONS-4
      Start 27: FallbackStringifier
      Start 28: CATCH_CONFIG_DISABLE_STRINGIFICATION
      Start 29: BenchmarkingMacros
23/29 Test #28: CATCH_CONFIG_DISABLE_STRINGIFICATION ...   Passed    0.10 sec
24/29 Test #27: FallbackStringifier ....................   Passed    0.10 sec
25/29 Test #26: CATCH_CONFIG_DISABLE_EXCEPTIONS-4 ......   Passed    0.10 sec
26/29 Test #25: CATCH_CONFIG_DISABLE_EXCEPTIONS-3 ......   Passed    0.11 sec
27/29 Test #24: CATCH_CONFIG_DISABLE_EXCEPTIONS-2 ......   Passed    0.11 sec
28/29 Test #12: ApprovalTests ..........................   Passed    0.76 sec
29/29 Test #29: BenchmarkingMacros .....................   Passed    6.16 sec

100% tests passed, 0 tests failed out of 29

Total Test time (real) =   6.43 sec
OMNIGRIL_EXIT_CODE=0
