+ cd /testbed
+ git checkout 0387fb64ced7c3626b3164207c2d29aadb9ceaf2 include/internal/catch_test_case_tracker.cpp include/internal/catch_test_case_tracker.h projects/SelfTest/IntrospectiveTests/PartTracker.tests.cpp
Updated 0 paths from de53e23d
+ git apply -v -
Checking patch include/internal/catch_test_case_tracker.cpp...
Checking patch include/internal/catch_test_case_tracker.h...
Checking patch projects/SelfTest/IntrospectiveTests/PartTracker.tests.cpp...
Applied patch include/internal/catch_test_case_tracker.cpp cleanly.
Applied patch include/internal/catch_test_case_tracker.h cleanly.
Applied patch projects/SelfTest/IntrospectiveTests/PartTracker.tests.cpp cleanly.
+ python3 scripts/generateSingleHeader.py
Generated single include for Catch v2.5.0

+ mkdir build
+ cd build
+ cmake -S .. -B . -DCMAKE_BUILD_TYPE=Debug -DCMAKE_CXX_STANDARD=17 -DCMAKE_CXX_EXTENSIONS=OFF -DCATCH_BUILD_EXTRA_TESTS=ON -DCATCH_ENABLE_WERROR=ON -DCATCH_BUILD_TESTING=ON -DCMAKE_CXX_FLAGS=-DCATCH_CONFIG_NO_POSIX_SIGNALS
-- The CXX compiler identification is GNU 11.4.0
-- Detecting CXX compiler ABI info
-- Detecting CXX compiler ABI info - done
-- Check for working CXX compiler: /usr/bin/c++ - skipped
-- Detecting CXX compile features
-- Detecting CXX compile features - done
-- Found PythonInterp: /usr/bin/python3.10 (found version "3.10.12") 
-- Enabling C++11
-- Extra tests included
-- Configuring done
-- Generating done
-- Build files have been written to: /testbed/build
++ nproc
+ cmake --build . -j 12
[  3%] Building CXX object projects/ExtraTests/CMakeFiles/FallbackStringifier.dir/X10-FallbackStringifier.cpp.o
[  3%] Building CXX object projects/ExtraTests/CMakeFiles/DisabledMacros.dir/X02-DisabledMacros.cpp.o
[  3%] Building CXX object projects/ExtraTests/CMakeFiles/DisabledExceptions-CustomHandler.dir/X04-DisabledExceptions-CustomHandler.cpp.o
[  3%] Building CXX object projects/ExtraTests/CMakeFiles/DisabledExceptions-DefaultHandler.dir/X03-DisabledExceptions-DefaultHandler.cpp.o
[  4%] Building CXX object projects/ExtraTests/CMakeFiles/PrefixedMacros.dir/X01-PrefixedMacros.cpp.o
[  3%] Building CXX object projects/ExtraTests/CMakeFiles/DisableStringification.dir/X11-DisableStringification.cpp.o
[  4%] Building CXX object projects/CMakeFiles/SelfTest.dir/SelfTest/TestMain.cpp.o
[  5%] Building CXX object projects/CMakeFiles/SelfTest.dir/SelfTest/IntrospectiveTests/CmdLine.tests.cpp.o
[  7%] Building CXX object projects/CMakeFiles/SelfTest.dir/SelfTest/IntrospectiveTests/GeneratorsImpl.tests.cpp.o
[  7%] Building CXX object projects/CMakeFiles/SelfTest.dir/SelfTest/IntrospectiveTests/TagAlias.tests.cpp.o
[  8%] Building CXX object projects/CMakeFiles/SelfTest.dir/SelfTest/IntrospectiveTests/PartTracker.tests.cpp.o
[  9%] Building CXX object projects/CMakeFiles/SelfTest.dir/SelfTest/IntrospectiveTests/String.tests.cpp.o
[  9%] Building CXX object projects/CMakeFiles/SelfTest.dir/SelfTest/IntrospectiveTests/Xml.tests.cpp.o
[ 11%] Building CXX object projects/CMakeFiles/SelfTest.dir/SelfTest/UsageTests/Approx.tests.cpp.o
[ 11%] Building CXX object projects/CMakeFiles/SelfTest.dir/SelfTest/UsageTests/BDD.tests.cpp.o
[ 12%] Building CXX object projects/CMakeFiles/SelfTest.dir/SelfTest/UsageTests/Benchmark.tests.cpp.o
[ 14%] Building CXX object projects/CMakeFiles/SelfTest.dir/SelfTest/UsageTests/Compilation.tests.cpp.o
[ 14%] Building CXX object projects/CMakeFiles/SelfTest.dir/SelfTest/UsageTests/Class.tests.cpp.o
[ 15%] Building CXX object projects/CMakeFiles/SelfTest.dir/SelfTest/UsageTests/Condition.tests.cpp.o
[ 15%] Building CXX object projects/CMakeFiles/SelfTest.dir/SelfTest/UsageTests/Decomposition.tests.cpp.o
[ 16%] Building CXX object projects/CMakeFiles/SelfTest.dir/SelfTest/UsageTests/EnumToString.tests.cpp.o
[ 17%] Building CXX object projects/CMakeFiles/SelfTest.dir/SelfTest/UsageTests/Exception.tests.cpp.o
[ 18%] Building CXX object projects/CMakeFiles/SelfTest.dir/SelfTest/UsageTests/Generators.tests.cpp.o
[ 19%] Building CXX object projects/CMakeFiles/SelfTest.dir/SelfTest/UsageTests/Message.tests.cpp.o
[ 20%] Building CXX object projects/CMakeFiles/SelfTest.dir/SelfTest/UsageTests/Misc.tests.cpp.o
[ 20%] Building CXX object projects/CMakeFiles/SelfTest.dir/SelfTest/UsageTests/ToStringChrono.tests.cpp.o
[ 21%] Building CXX object projects/CMakeFiles/SelfTest.dir/SelfTest/UsageTests/ToStringGeneral.tests.cpp.o
[ 22%] Building CXX object projects/CMakeFiles/SelfTest.dir/SelfTest/UsageTests/ToStringPair.tests.cpp.o
[ 23%] Building CXX object projects/CMakeFiles/SelfTest.dir/SelfTest/UsageTests/ToStringTuple.tests.cpp.o
[ 24%] Building CXX object projects/CMakeFiles/SelfTest.dir/SelfTest/UsageTests/ToStringVariant.tests.cpp.o
[ 24%] Building CXX object projects/CMakeFiles/SelfTest.dir/SelfTest/UsageTests/ToStringWhich.tests.cpp.o
[ 26%] Building CXX object projects/CMakeFiles/SelfTest.dir/SelfTest/UsageTests/Tricky.tests.cpp.o
[ 25%] Building CXX object projects/CMakeFiles/SelfTest.dir/SelfTest/UsageTests/ToStringVector.tests.cpp.o
[ 27%] Building CXX object projects/CMakeFiles/SelfTest.dir/SelfTest/UsageTests/VariadicMacros.tests.cpp.o
[ 28%] Building CXX object projects/CMakeFiles/SelfTest.dir/SelfTest/UsageTests/Matchers.tests.cpp.o
[ 29%] Building CXX object projects/CMakeFiles/SelfTest.dir/__/include/internal/catch_approx.cpp.o
[ 30%] Building CXX object projects/CMakeFiles/SelfTest.dir/__/include/internal/catch_assertionhandler.cpp.o
[ 30%] Building CXX object projects/CMakeFiles/SelfTest.dir/__/include/internal/catch_assertionresult.cpp.o
[ 31%] Building CXX object projects/CMakeFiles/SelfTest.dir/__/include/internal/catch_benchmark.cpp.o
[ 32%] Building CXX object projects/CMakeFiles/SelfTest.dir/__/include/internal/catch_capture_matchers.cpp.o
[ 33%] Building CXX object projects/CMakeFiles/SelfTest.dir/__/include/internal/catch_commandline.cpp.o
[ 34%] Building CXX object projects/CMakeFiles/SelfTest.dir/__/include/internal/catch_common.cpp.o
[ 35%] Building CXX object projects/CMakeFiles/SelfTest.dir/__/include/internal/catch_config.cpp.o
[ 36%] Building CXX object projects/CMakeFiles/SelfTest.dir/__/include/internal/catch_console_colour.cpp.o
[ 36%] Building CXX object projects/CMakeFiles/SelfTest.dir/__/include/internal/catch_context.cpp.o
[ 37%] Building CXX object projects/CMakeFiles/SelfTest.dir/__/include/internal/catch_debug_console.cpp.o
[ 38%] Building CXX object projects/CMakeFiles/SelfTest.dir/__/include/internal/catch_debugger.cpp.o
[ 39%] Building CXX object projects/CMakeFiles/SelfTest.dir/__/include/internal/catch_decomposer.cpp.o
[ 40%] Building CXX object projects/CMakeFiles/SelfTest.dir/__/include/internal/catch_enforce.cpp.o
[ 41%] Building CXX object projects/CMakeFiles/SelfTest.dir/__/include/internal/catch_errno_guard.cpp.o
[ 41%] Building CXX object projects/CMakeFiles/SelfTest.dir/__/include/internal/catch_exception_translator_registry.cpp.o
[ 42%] Building CXX object projects/CMakeFiles/SelfTest.dir/__/include/internal/catch_fatal_condition.cpp.o
[ 43%] Building CXX object projects/CMakeFiles/SelfTest.dir/__/include/internal/catch_generators.cpp.o
[ 44%] Building CXX object projects/CMakeFiles/SelfTest.dir/__/include/internal/catch_interfaces_capture.cpp.o
[ 45%] Building CXX object projects/CMakeFiles/SelfTest.dir/__/include/internal/catch_interfaces_config.cpp.o
[ 46%] Building CXX object projects/CMakeFiles/SelfTest.dir/__/include/internal/catch_interfaces_exception.cpp.o
[ 46%] Building CXX object projects/CMakeFiles/SelfTest.dir/__/include/internal/catch_interfaces_registry_hub.cpp.o
[ 47%] Building CXX object projects/CMakeFiles/SelfTest.dir/__/include/internal/catch_interfaces_runner.cpp.o
[ 48%] Building CXX object projects/CMakeFiles/SelfTest.dir/__/include/internal/catch_interfaces_testcase.cpp.o
[ 49%] Building CXX object projects/CMakeFiles/SelfTest.dir/__/include/internal/catch_list.cpp.o
[ 50%] Building CXX object projects/CMakeFiles/SelfTest.dir/__/include/internal/catch_leak_detector.cpp.o
[ 51%] Building CXX object projects/CMakeFiles/SelfTest.dir/__/include/internal/catch_matchers.cpp.o
[ 51%] Building CXX object projects/CMakeFiles/SelfTest.dir/__/include/internal/catch_matchers_floating.cpp.o
[ 52%] Building CXX object projects/CMakeFiles/SelfTest.dir/__/include/internal/catch_matchers_generic.cpp.o
[ 53%] Building CXX object projects/CMakeFiles/SelfTest.dir/__/include/internal/catch_matchers_string.cpp.o
[ 54%] Building CXX object projects/CMakeFiles/SelfTest.dir/__/include/internal/catch_message.cpp.o
[ 55%] Building CXX object projects/CMakeFiles/SelfTest.dir/__/include/internal/catch_output_redirect.cpp.o
[ 56%] Building CXX object projects/CMakeFiles/SelfTest.dir/__/include/internal/catch_registry_hub.cpp.o
[ 57%] Building CXX object projects/CMakeFiles/SelfTest.dir/__/include/internal/catch_interfaces_reporter.cpp.o
[ 57%] Building CXX object projects/CMakeFiles/SelfTest.dir/__/include/internal/catch_polyfills.cpp.o
[ 58%] Building CXX object projects/CMakeFiles/SelfTest.dir/__/include/internal/catch_random_number_generator.cpp.o
[ 59%] Building CXX object projects/CMakeFiles/SelfTest.dir/__/include/internal/catch_reporter_registry.cpp.o
[ 60%] Building CXX object projects/CMakeFiles/SelfTest.dir/__/include/internal/catch_result_type.cpp.o
[ 61%] Building CXX object projects/CMakeFiles/SelfTest.dir/__/include/internal/catch_run_context.cpp.o
[ 62%] Building CXX object projects/CMakeFiles/SelfTest.dir/__/include/internal/catch_section.cpp.o
[ 62%] Building CXX object projects/CMakeFiles/SelfTest.dir/__/include/internal/catch_section_info.cpp.o
[ 63%] Building CXX object projects/CMakeFiles/SelfTest.dir/__/include/internal/catch_session.cpp.o
[ 64%] Building CXX object projects/CMakeFiles/SelfTest.dir/__/include/internal/catch_singletons.cpp.o
[ 65%] Building CXX object projects/CMakeFiles/SelfTest.dir/__/include/internal/catch_startup_exception_registry.cpp.o
[ 66%] Building CXX object projects/CMakeFiles/SelfTest.dir/__/include/internal/catch_stream.cpp.o
[ 67%] Building CXX object projects/CMakeFiles/SelfTest.dir/__/include/internal/catch_stringref.cpp.o
[ 67%] Building CXX object projects/CMakeFiles/SelfTest.dir/__/include/internal/catch_string_manip.cpp.o
[ 68%] Building CXX object projects/CMakeFiles/SelfTest.dir/__/include/internal/catch_tag_alias.cpp.o
[ 69%] Building CXX object projects/CMakeFiles/SelfTest.dir/__/include/internal/catch_tag_alias_autoregistrar.cpp.o
[ 70%] Building CXX object projects/CMakeFiles/SelfTest.dir/__/include/internal/catch_tag_alias_registry.cpp.o
[ 71%] Building CXX object projects/CMakeFiles/SelfTest.dir/__/include/internal/catch_test_case_info.cpp.o
[ 72%] Building CXX object projects/CMakeFiles/SelfTest.dir/__/include/internal/catch_test_case_registry_impl.cpp.o
[ 72%] Building CXX object projects/CMakeFiles/SelfTest.dir/__/include/internal/catch_test_case_tracker.cpp.o
[ 73%] Building CXX object projects/CMakeFiles/SelfTest.dir/__/include/internal/catch_test_registry.cpp.o
[ 74%] Building CXX object projects/CMakeFiles/SelfTest.dir/__/include/internal/catch_test_spec.cpp.o
[ 75%] Building CXX object projects/CMakeFiles/SelfTest.dir/__/include/internal/catch_test_spec_parser.cpp.o
[ 76%] Building CXX object projects/CMakeFiles/SelfTest.dir/__/include/internal/catch_timer.cpp.o
[ 77%] Building CXX object projects/CMakeFiles/SelfTest.dir/__/include/internal/catch_tostring.cpp.o
[ 78%] Building CXX object projects/CMakeFiles/SelfTest.dir/__/include/internal/catch_totals.cpp.o
[ 78%] Building CXX object projects/CMakeFiles/SelfTest.dir/__/include/internal/catch_uncaught_exceptions.cpp.o
[ 79%] Building CXX object projects/CMakeFiles/SelfTest.dir/__/include/internal/catch_version.cpp.o
[ 81%] Building CXX object projects/CMakeFiles/SelfTest.dir/__/include/internal/catch_xmlwriter.cpp.o
[ 81%] Building CXX object projects/CMakeFiles/SelfTest.dir/__/include/internal/catch_wildcard_pattern.cpp.o
[ 82%] Building CXX object projects/CMakeFiles/SelfTest.dir/__/include/reporters/catch_reporter_bases.cpp.o
[ 83%] Building CXX object projects/CMakeFiles/SelfTest.dir/__/include/reporters/catch_reporter_compact.cpp.o
[ 83%] Building CXX object projects/CMakeFiles/SelfTest.dir/__/include/reporters/catch_reporter_console.cpp.o
[ 84%] Building CXX object projects/CMakeFiles/SelfTest.dir/__/include/reporters/catch_reporter_junit.cpp.o
[ 85%] Building CXX object projects/CMakeFiles/SelfTest.dir/__/include/reporters/catch_reporter_listening.cpp.o
[ 86%] Building CXX object projects/CMakeFiles/SelfTest.dir/__/include/reporters/catch_reporter_xml.cpp.o
[ 87%] Building CXX object projects/CMakeFiles/SelfTest.dir/SelfTest/SurrogateCpps/catch_console_colour.cpp.o
[ 88%] Building CXX object projects/CMakeFiles/SelfTest.dir/SelfTest/SurrogateCpps/catch_debugger.cpp.o
[ 88%] Building CXX object projects/CMakeFiles/SelfTest.dir/SelfTest/SurrogateCpps/catch_interfaces_reporter.cpp.o
[ 89%] Building CXX object projects/CMakeFiles/SelfTest.dir/SelfTest/SurrogateCpps/catch_option.cpp.o
[ 90%] Building CXX object projects/CMakeFiles/SelfTest.dir/SelfTest/SurrogateCpps/catch_stream.cpp.o
[ 91%] Building CXX object projects/CMakeFiles/SelfTest.dir/SelfTest/SurrogateCpps/catch_test_case_tracker.cpp.o
[ 92%] Building CXX object projects/CMakeFiles/SelfTest.dir/SelfTest/SurrogateCpps/catch_test_spec.cpp.o
[ 93%] Building CXX object projects/CMakeFiles/SelfTest.dir/SelfTest/SurrogateCpps/catch_xmlwriter.cpp.o
[ 94%] Linking CXX executable SelfTest
[ 94%] Built target SelfTest
[ 95%] Linking CXX executable DisabledExceptions-DefaultHandler
[ 96%] Linking CXX executable DisabledMacros
[ 97%] Linking CXX executable DisabledExceptions-CustomHandler
[ 97%] Built target DisabledExceptions-DefaultHandler
[ 97%] Built target DisabledMacros
[ 97%] Built target DisabledExceptions-CustomHandler
[ 98%] Linking CXX executable FallbackStringifier
[ 98%] Built target FallbackStringifier
[ 99%] Linking CXX executable PrefixedMacros
[100%] Linking CXX executable DisableStringification
[100%] Built target PrefixedMacros
[100%] Built target DisableStringification
++ nproc
+ CTEST_OUTPUT_ON_FAILURE=1
+ ctest -j 12
Test project /testbed/build
      Start  1: RunTests
      Start  2: ListTests
      Start  3: ListTags
      Start  4: ListReporters
      Start  5: ListTestNamesOnly
      Start  6: NoAssertions
      Start  7: NoTest
      Start  8: FilteredSection-1
      Start  9: FilteredSection-2
      Start 10: ApprovalTests
      Start 11: CATCH_CONFIG_PREFIX_ALL
      Start 12: CATCH_CONFIG_DISABLE-1
 1/19 Test  #2: ListTests ..............................   Passed    0.02 sec
      Start 13: CATCH_CONFIG_DISABLE-2
 2/19 Test  #3: ListTags ...............................   Passed    0.02 sec
      Start 14: CATCH_CONFIG_DISABLE_EXCEPTIONS-1
 3/19 Test  #4: ListReporters ..........................   Passed    0.02 sec
      Start 15: CATCH_CONFIG_DISABLE_EXCEPTIONS-2
 4/19 Test  #5: ListTestNamesOnly ......................   Passed    0.02 sec
      Start 16: CATCH_CONFIG_DISABLE_EXCEPTIONS-3
 5/19 Test  #7: NoTest .................................   Passed    0.02 sec
      Start 17: CATCH_CONFIG_DISABLE_EXCEPTIONS-4
 6/19 Test  #8: FilteredSection-1 ......................   Passed    0.02 sec
      Start 18: FallbackStringifier
 7/19 Test  #9: FilteredSection-2 ......................   Passed    0.02 sec
      Start 19: CATCH_CONFIG_DISABLE_STRINGIFICATION
 8/19 Test #11: CATCH_CONFIG_PREFIX_ALL ................   Passed    0.02 sec
 9/19 Test #12: CATCH_CONFIG_DISABLE-1 .................   Passed    0.02 sec
10/19 Test #13: CATCH_CONFIG_DISABLE-2 .................   Passed    0.02 sec
11/19 Test #14: CATCH_CONFIG_DISABLE_EXCEPTIONS-1 ......   Passed    0.01 sec
12/19 Test #15: CATCH_CONFIG_DISABLE_EXCEPTIONS-2 ......   Passed    0.01 sec
13/19 Test #16: CATCH_CONFIG_DISABLE_EXCEPTIONS-3 ......   Passed    0.01 sec
14/19 Test #17: CATCH_CONFIG_DISABLE_EXCEPTIONS-4 ......   Passed    0.01 sec
15/19 Test #18: FallbackStringifier ....................   Passed    0.01 sec
16/19 Test #19: CATCH_CONFIG_DISABLE_STRINGIFICATION ...   Passed    0.01 sec
17/19 Test  #1: RunTests ...............................   Passed    0.05 sec
18/19 Test  #6: NoAssertions ...........................   Passed    0.04 sec
19/19 Test #10: ApprovalTests ..........................   Passed    0.61 sec

100% tests passed, 0 tests failed out of 19

Total Test time (real) =   0.63 sec
OMNIGRIL_EXIT_CODE=0
+ rc=0
+ echo OMNIGRIL_EXIT_CODE=0
+ cd /testbed
+ git checkout 0387fb64ced7c3626b3164207c2d29aadb9ceaf2 include/internal/catch_test_case_tracker.cpp include/internal/catch_test_case_tracker.h projects/SelfTest/IntrospectiveTests/PartTracker.tests.cpp
Updated 3 paths from de53e23d
