+ cd /testbed
+ git checkout 87fbc6f7566e4d3266bd3a2cd69f6c90e1aefa5d test/prepare-test.cc
Updated 1 path from a314e37e
+ git apply -v -
Checking patch test/prepare-test.cc...
Applied patch test/prepare-test.cc cleanly.
+ mkdir build
+ cmake -S . -B build -DFMT_TEST=ON
-- CMake version: 3.22.1
-- The CXX compiler identification is GNU 11.4.0
-- Detecting CXX compiler ABI info
-- Detecting CXX compiler ABI info - done
-- Check for working CXX compiler: /usr/bin/c++ - skipped
-- Detecting CXX compile features
-- Detecting CXX compile features - done
-- Version: 5.3.1
-- Build type: Release
-- CXX_STANDARD: 11
-- Performing Test has_std_11_flag
-- Performing Test has_std_11_flag - Success
-- Performing Test has_std_0x_flag
-- Performing Test has_std_0x_flag - Success
-- Performing Test SUPPORTS_VARIADIC_TEMPLATES
-- Performing Test SUPPORTS_VARIADIC_TEMPLATES - Success
-- Performing Test SUPPORTS_USER_DEFINED_LITERALS
-- Performing Test SUPPORTS_USER_DEFINED_LITERALS - Success
-- Performing Test FMT_HAS_VARIANT
-- Performing Test FMT_HAS_VARIANT - Success
-- Looking for open
-- Looking for open - found
-- Target 'doc' disabled (requires doxygen)
-- Looking for C++ include pthread.h
-- Looking for C++ include pthread.h - found
-- Performing Test CMAKE_HAVE_LIBC_PTHREAD
-- Performing Test CMAKE_HAVE_LIBC_PTHREAD - Success
-- Found Threads: TRUE  
-- Performing Test HAVE_FNO_DELETE_NULL_POINTER_CHECKS
-- Performing Test HAVE_FNO_DELETE_NULL_POINTER_CHECKS - Success
-- FMT_PEDANTIC: OFF
-- Configuring done
-- Generating done
-- Build files have been written to: /testbed/build
+ cmake --build build
[  1%] Building CXX object CMakeFiles/fmt.dir/src/format.cc.o
[  3%] Building CXX object CMakeFiles/fmt.dir/src/posix.cc.o
[  5%] Linking CXX static library libfmt.a
[  5%] Built target fmt
[  7%] Building CXX object test/CMakeFiles/gmock.dir/gmock-gtest-all.cc.o
[  9%] Linking CXX static library libgmock.a
[  9%] Built target gmock
[ 11%] Building CXX object test/CMakeFiles/test-main.dir/test-main.cc.o
[ 13%] Building CXX object test/CMakeFiles/test-main.dir/gtest-extra.cc.o
[ 15%] Building CXX object test/CMakeFiles/test-main.dir/util.cc.o
[ 17%] Linking CXX static library libtest-main.a
[ 17%] Built target test-main
[ 19%] Building CXX object test/CMakeFiles/assert-test.dir/assert-test.cc.o
[ 21%] Linking CXX executable ../bin/assert-test
[ 21%] Built target assert-test
[ 23%] Building CXX object test/CMakeFiles/chrono-test.dir/chrono-test.cc.o
[ 25%] Linking CXX executable ../bin/chrono-test
[ 25%] Built target chrono-test
[ 27%] Building CXX object test/CMakeFiles/color-test.dir/color-test.cc.o
[ 29%] Linking CXX executable ../bin/color-test
[ 29%] Built target color-test
[ 31%] Building CXX object test/CMakeFiles/core-test.dir/core-test.cc.o
[ 33%] Linking CXX executable ../bin/core-test
[ 33%] Built target core-test
[ 35%] Building CXX object test/CMakeFiles/grisu-test.dir/grisu-test.cc.o
[ 37%] Linking CXX executable ../bin/grisu-test
[ 37%] Built target grisu-test
[ 39%] Building CXX object test/CMakeFiles/gtest-extra-test.dir/gtest-extra-test.cc.o
[ 41%] Linking CXX executable ../bin/gtest-extra-test
[ 41%] Built target gtest-extra-test
[ 43%] Building CXX object test/CMakeFiles/format-test.dir/format-test.cc.o
[ 45%] Linking CXX executable ../bin/format-test
[ 45%] Built target format-test
[ 47%] Building CXX object test/CMakeFiles/format-impl-test.dir/format-impl-test.cc.o
[ 49%] Linking CXX executable ../bin/format-impl-test
[ 49%] Built target format-impl-test
[ 50%] Building CXX object test/CMakeFiles/locale-test.dir/locale-test.cc.o
[ 52%] Linking CXX executable ../bin/locale-test
[ 52%] Built target locale-test
[ 54%] Building CXX object test/CMakeFiles/ostream-test.dir/ostream-test.cc.o
[ 56%] Linking CXX executable ../bin/ostream-test
[ 56%] Built target ostream-test
[ 58%] Building CXX object test/CMakeFiles/prepare-test.dir/prepare-test.cc.o
[ 60%] Linking CXX executable ../bin/prepare-test
[ 60%] Built target prepare-test
[ 62%] Building CXX object test/CMakeFiles/printf-test.dir/printf-test.cc.o
[ 64%] Linking CXX executable ../bin/printf-test
[ 64%] Built target printf-test
[ 66%] Building CXX object test/CMakeFiles/custom-formatter-test.dir/custom-formatter-test.cc.o
[ 68%] Linking CXX executable ../bin/custom-formatter-test
[ 68%] Built target custom-formatter-test
[ 70%] Building CXX object test/CMakeFiles/ranges-test.dir/ranges-test.cc.o
[ 72%] Linking CXX executable ../bin/ranges-test
[ 72%] Built target ranges-test
[ 74%] Building CXX object test/CMakeFiles/scan-test.dir/scan-test.cc.o
[ 76%] Linking CXX executable ../bin/scan-test
[ 76%] Built target scan-test
[ 78%] Building CXX object test/CMakeFiles/posix-mock-test.dir/posix-mock-test.cc.o
[ 80%] Building CXX object test/CMakeFiles/posix-mock-test.dir/__/src/format.cc.o
[ 82%] Building CXX object test/CMakeFiles/posix-mock-test.dir/test-main.cc.o
[ 84%] Building CXX object test/CMakeFiles/posix-mock-test.dir/gtest-extra.cc.o
[ 86%] Building CXX object test/CMakeFiles/posix-mock-test.dir/util.cc.o
[ 88%] Linking CXX executable ../bin/posix-mock-test
[ 88%] Built target posix-mock-test
[ 90%] Building CXX object test/CMakeFiles/posix-test.dir/posix-test.cc.o
[ 92%] Linking CXX executable ../bin/posix-test
[ 92%] Built target posix-test
[ 94%] Building CXX object test/CMakeFiles/header-only-test.dir/header-only-test.cc.o
[ 96%] Building CXX object test/CMakeFiles/header-only-test.dir/header-only-test2.cc.o
[ 98%] Building CXX object test/CMakeFiles/header-only-test.dir/test-main.cc.o
[100%] Linking CXX executable ../bin/header-only-test
[100%] Built target header-only-test
+ cd build
+ ctest --output-on-failure
Test project /testbed/build
      Start  1: assert-test
 1/17 Test  #1: assert-test ......................   Passed    0.00 sec
      Start  2: chrono-test
 2/17 Test  #2: chrono-test ......................   Passed    0.00 sec
      Start  3: color-test
 3/17 Test  #3: color-test .......................   Passed    0.00 sec
      Start  4: core-test
 4/17 Test  #4: core-test ........................   Passed    0.00 sec
      Start  5: grisu-test
 5/17 Test  #5: grisu-test .......................   Passed    0.00 sec
      Start  6: gtest-extra-test
 6/17 Test  #6: gtest-extra-test .................   Passed    0.00 sec
      Start  7: format-test
 7/17 Test  #7: format-test ......................   Passed    0.01 sec
      Start  8: format-impl-test
 8/17 Test  #8: format-impl-test .................   Passed    0.00 sec
      Start  9: locale-test
 9/17 Test  #9: locale-test ......................   Passed    0.00 sec
      Start 10: ostream-test
10/17 Test #10: ostream-test .....................   Passed    0.00 sec
      Start 11: prepare-test
11/17 Test #11: prepare-test .....................   Passed    0.00 sec
      Start 12: printf-test
12/17 Test #12: printf-test ......................   Passed    0.00 sec
      Start 13: custom-formatter-test
13/17 Test #13: custom-formatter-test ............   Passed    0.00 sec
      Start 14: ranges-test
14/17 Test #14: ranges-test ......................   Passed    0.00 sec
      Start 15: scan-test
15/17 Test #15: scan-test ........................   Passed    0.00 sec
      Start 16: posix-mock-test
16/17 Test #16: posix-mock-test ..................   Passed    0.00 sec
      Start 17: posix-test
17/17 Test #17: posix-test .......................   Passed    0.01 sec

100% tests passed, 0 tests failed out of 17

Total Test time (real) =   0.08 sec
+ rc=0
+ echo OMNIGRIL_EXIT_CODE=0
+ cd /testbed
+ git checkout 87fbc6f7566e4d3266bd3a2cd69f6c90e1aefa5d test/prepare-test.cc
OMNIGRIL_EXIT_CODE=0
Updated 1 path from a314e37e
