+ cd /testbed
+ git checkout 87fbc6f7566e4d3266bd3a2cd69f6c90e1aefa5d test/prepare-test.cc
Updated 1 path from a314e37e
+ git apply -v -
Checking patch test/prepare-test.cc...
Applied patch test/prepare-test.cc cleanly.
+ mkdir build
+ cmake -S . -B build -DFMT_TEST=ON
-- CMake version: 3.22.1
-- The CXX compiler identification is GNU 11.4.0
-- Detecting CXX compiler ABI info
-- Detecting CXX compiler ABI info - done
-- Check for working CXX compiler: /usr/bin/c++ - skipped
-- Detecting CXX compile features
-- Detecting CXX compile features - done
-- Version: 5.3.1
-- Build type: Release
-- CXX_STANDARD: 11
-- Performing Test has_std_11_flag
-- Performing Test has_std_11_flag - Success
-- Performing Test has_std_0x_flag
-- Performing Test has_std_0x_flag - Success
-- Performing Test SUPPORTS_VARIADIC_TEMPLATES
-- Performing Test SUPPORTS_VARIADIC_TEMPLATES - Success
-- Performing Test SUPPORTS_USER_DEFINED_LITERALS
-- Performing Test SUPPORTS_USER_DEFINED_LITERALS - Success
-- Performing Test FMT_HAS_VARIANT
-- Performing Test FMT_HAS_VARIANT - Success
-- Looking for open
-- Looking for open - found
-- Target 'doc' disabled (requires doxygen)
-- Looking for C++ include pthread.h
-- Looking for C++ include pthread.h - found
-- Performing Test CMAKE_HAVE_LIBC_PTHREAD
-- Performing Test CMAKE_HAVE_LIBC_PTHREAD - Success
-- Found Threads: TRUE  
-- Performing Test HAVE_FNO_DELETE_NULL_POINTER_CHECKS
-- Performing Test HAVE_FNO_DELETE_NULL_POINTER_CHECKS - Success
-- FMT_PEDANTIC: OFF
-- Configuring done
-- Generating done
-- Build files have been written to: /testbed/build
+ cmake --build build
[  1%] Building CXX object CMakeFiles/fmt.dir/src/format.cc.o
[  3%] Building CXX object CMakeFiles/fmt.dir/src/posix.cc.o
[  5%] Linking CXX static library libfmt.a
[  5%] Built target fmt
[  7%] Building CXX object test/CMakeFiles/gmock.dir/gmock-gtest-all.cc.o
[  9%] Linking CXX static library libgmock.a
[  9%] Built target gmock
[ 11%] Building CXX object test/CMakeFiles/test-main.dir/test-main.cc.o
[ 13%] Building CXX object test/CMakeFiles/test-main.dir/gtest-extra.cc.o
[ 15%] Building CXX object test/CMakeFiles/test-main.dir/util.cc.o
[ 17%] Linking CXX static library libtest-main.a
[ 17%] Built target test-main
[ 19%] Building CXX object test/CMakeFiles/assert-test.dir/assert-test.cc.o
[ 21%] Linking CXX executable ../bin/assert-test
[ 21%] Built target assert-test
[ 23%] Building CXX object test/CMakeFiles/chrono-test.dir/chrono-test.cc.o
[ 25%] Linking CXX executable ../bin/chrono-test
[ 25%] Built target chrono-test
[ 27%] Building CXX object test/CMakeFiles/color-test.dir/color-test.cc.o
[ 29%] Linking CXX executable ../bin/color-test
[ 29%] Built target color-test
[ 31%] Building CXX object test/CMakeFiles/core-test.dir/core-test.cc.o
[ 33%] Linking CXX executable ../bin/core-test
[ 33%] Built target core-test
[ 35%] Building CXX object test/CMakeFiles/grisu-test.dir/grisu-test.cc.o
[ 37%] Linking CXX executable ../bin/grisu-test
[ 37%] Built target grisu-test
[ 39%] Building CXX object test/CMakeFiles/gtest-extra-test.dir/gtest-extra-test.cc.o
[ 41%] Linking CXX executable ../bin/gtest-extra-test
[ 41%] Built target gtest-extra-test
[ 43%] Building CXX object test/CMakeFiles/format-test.dir/format-test.cc.o
[ 45%] Linking CXX executable ../bin/format-test
[ 45%] Built target format-test
[ 47%] Building CXX object test/CMakeFiles/format-impl-test.dir/format-impl-test.cc.o
[ 49%] Linking CXX executable ../bin/format-impl-test
[ 49%] Built target format-impl-test
[ 50%] Building CXX object test/CMakeFiles/locale-test.dir/locale-test.cc.o
[ 52%] Linking CXX executable ../bin/locale-test
[ 52%] Built target locale-test
[ 54%] Building CXX object test/CMakeFiles/ostream-test.dir/ostream-test.cc.o
[ 56%] Linking CXX executable ../bin/ostream-test
[ 56%] Built target ostream-test
[ 58%] Building CXX object test/CMakeFiles/prepare-test.dir/prepare-test.cc.o
In file included from /testbed/test/prepare-test.cc:24:
/testbed/include/fmt/prepare.h: In instantiation of 'OutputIt fmt::v5::internal::prepared_format<Format, PreparedPartsProvider, Args>::format_to(OutputIt, const Args& ...) const [with OutputIt = char*; Format = std::__cxx11::basic_string<char>; PreparedPartsProvider = fmt::v5::internal::runtime_parts_provider<fmt::v5::internal::parts_container<char, std::vector<fmt::v5::format_part<char>, std::allocator<fmt::v5::format_part<char> > > > >; Args = {int}]':
/testbed/test/prepare-test.cc:644:21:   required from here
/testbed/include/fmt/prepare.h:238:28: error: no matching function for call to 'fmt::v5::internal::prepared_format<std::__cxx11::basic_string<char>, fmt::v5::internal::runtime_parts_provider<fmt::v5::internal::parts_container<char, std::vector<fmt::v5::format_part<char>, std::allocator<fmt::v5::format_part<char> > > > >, int>::vformat_to(range, fmt::v5::basic_format_args<fmt::v5::basic_format_context<char*, char> >) const'
  238 |     return this->vformat_to(range(out), basic_format_args<context>(as));
      |            ~~~~~~~~~~~~~~~~^~~~~~~~~~~~~~~~~~~~~~~~~~~~~~~~~~~~~~~~~~~~
/testbed/include/fmt/prepare.h:252:30: note: candidate: 'template<class Range> typename fmt::v5::internal::prepared_format<Format, PreparedPartsProvider, Args>::context::iterator fmt::v5::internal::prepared_format<Format, PreparedPartsProvider, Args>::vformat_to(Range, fmt::v5::basic_format_args<fmt::v5::basic_format_context<std::back_insert_iterator<fmt::v5::internal::buffer<typename fmt::v5::internal::char_t_impl<S>::type> >, typename fmt::v5::internal::char_t_impl<S>::type> >) const [with Range = Range; Format = std::__cxx11::basic_string<char>; PreparedPartsProvider = fmt::v5::internal::runtime_parts_provider<fmt::v5::internal::parts_container<char, std::vector<fmt::v5::format_part<char>, std::allocator<fmt::v5::format_part<char> > > > >; Args = {int}]'
  252 |   typename context::iterator vformat_to(Range out,
      |                              ^~~~~~~~~~
/testbed/include/fmt/prepare.h:252:30: note:   template argument deduction/substitution failed:
/testbed/include/fmt/prepare.h:238:41: note:   cannot convert 'fmt::v5::basic_format_args<fmt::v5::basic_format_context<char*, char> >(as)' (type 'fmt::v5::basic_format_args<fmt::v5::basic_format_context<char*, char> >') to type 'fmt::v5::basic_format_args<fmt::v5::basic_format_context<std::back_insert_iterator<fmt::v5::internal::buffer<char> >, char> >'
  238 |     return this->vformat_to(range(out), basic_format_args<context>(as));
      |                                         ^~~~~~~~~~~~~~~~~~~~~~~~~~~~~~
/testbed/include/fmt/prepare.h: In instantiation of 'OutputIt fmt::v5::internal::prepared_format<Format, PreparedPartsProvider, Args>::format_to(OutputIt, const Args& ...) const [with OutputIt = wchar_t*; Format = std::__cxx11::basic_string<wchar_t>; PreparedPartsProvider = fmt::v5::internal::runtime_parts_provider<fmt::v5::internal::parts_container<wchar_t, std::vector<fmt::v5::format_part<wchar_t>, std::allocator<fmt::v5::format_part<wchar_t> > > > >; Args = {int}]':
/testbed/test/prepare-test.cc:648:22:   required from here
/testbed/include/fmt/prepare.h:238:28: error: no matching function for call to 'fmt::v5::internal::prepared_format<std::__cxx11::basic_string<wchar_t>, fmt::v5::internal::runtime_parts_provider<fmt::v5::internal::parts_container<wchar_t, std::vector<fmt::v5::format_part<wchar_t>, std::allocator<fmt::v5::format_part<wchar_t> > > > >, int>::vformat_to(range, fmt::v5::basic_format_args<fmt::v5::basic_format_context<wchar_t*, wchar_t> >) const'
  238 |     return this->vformat_to(range(out), basic_format_args<context>(as));
      |            ~~~~~~~~~~~~~~~~^~~~~~~~~~~~~~~~~~~~~~~~~~~~~~~~~~~~~~~~~~~~
/testbed/include/fmt/prepare.h:252:30: note: candidate: 'template<class Range> typename fmt::v5::internal::prepared_format<Format, PreparedPartsProvider, Args>::context::iterator fmt::v5::internal::prepared_format<Format, PreparedPartsProvider, Args>::vformat_to(Range, fmt::v5::basic_format_args<fmt::v5::basic_format_context<std::back_insert_iterator<fmt::v5::internal::buffer<typename fmt::v5::internal::char_t_impl<S>::type> >, typename fmt::v5::internal::char_t_impl<S>::type> >) const [with Range = Range; Format = std::__cxx11::basic_string<wchar_t>; PreparedPartsProvider = fmt::v5::internal::runtime_parts_provider<fmt::v5::internal::parts_container<wchar_t, std::vector<fmt::v5::format_part<wchar_t>, std::allocator<fmt::v5::format_part<wchar_t> > > > >; Args = {int}]'
  252 |   typename context::iterator vformat_to(Range out,
      |                              ^~~~~~~~~~
/testbed/include/fmt/prepare.h:252:30: note:   template argument deduction/substitution failed:
/testbed/include/fmt/prepare.h:238:41: note:   cannot convert 'fmt::v5::basic_format_args<fmt::v5::basic_format_context<wchar_t*, wchar_t> >(as)' (type 'fmt::v5::basic_format_args<fmt::v5::basic_format_context<wchar_t*, wchar_t> >') to type 'fmt::v5::basic_format_args<fmt::v5::basic_format_context<std::back_insert_iterator<fmt::v5::internal::buffer<wchar_t> >, wchar_t> >'
  238 |     return this->vformat_to(range(out), basic_format_args<context>(as));
      |                                         ^~~~~~~~~~~~~~~~~~~~~~~~~~~~~~
/testbed/include/fmt/prepare.h: In instantiation of 'OutputIt fmt::v5::internal::prepared_format<Format, PreparedPartsProvider, Args>::format_to(OutputIt, const Args& ...) const [with OutputIt = __gnu_cxx::__normal_iterator<char*, std::__cxx11::basic_string<char> >; Format = std::__cxx11::basic_string<char>; PreparedPartsProvider = fmt::v5::internal::runtime_parts_provider<fmt::v5::internal::parts_container<char, std::vector<fmt::v5::format_part<char>, std::allocator<fmt::v5::format_part<char> > > > >; Args = {int}]':
/testbed/test/prepare-test.cc:655:21:   required from here
/testbed/include/fmt/prepare.h:238:28: error: no matching function for call to 'fmt::v5::internal::prepared_format<std::__cxx11::basic_string<char>, fmt::v5::internal::runtime_parts_provider<fmt::v5::internal::parts_container<char, std::vector<fmt::v5::format_part<char>, std::allocator<fmt::v5::format_part<char> > > > >, int>::vformat_to(range, fmt::v5::basic_format_args<fmt::v5::basic_format_context<__gnu_cxx::__normal_iterator<char*, std::__cxx11::basic_string<char> >, char> >) const'
  238 |     return this->vformat_to(range(out), basic_format_args<context>(as));
      |            ~~~~~~~~~~~~~~~~^~~~~~~~~~~~~~~~~~~~~~~~~~~~~~~~~~~~~~~~~~~~
/testbed/include/fmt/prepare.h:252:30: note: candidate: 'template<class Range> typename fmt::v5::internal::prepared_format<Format, PreparedPartsProvider, Args>::context::iterator fmt::v5::internal::prepared_format<Format, PreparedPartsProvider, Args>::vformat_to(Range, fmt::v5::basic_format_args<fmt::v5::basic_format_context<std::back_insert_iterator<fmt::v5::internal::buffer<typename fmt::v5::internal::char_t_impl<S>::type> >, typename fmt::v5::internal::char_t_impl<S>::type> >) const [with Range = Range; Format = std::__cxx11::basic_string<char>; PreparedPartsProvider = fmt::v5::internal::runtime_parts_provider<fmt::v5::internal::parts_container<char, std::vector<fmt::v5::format_part<char>, std::allocator<fmt::v5::format_part<char> > > > >; Args = {int}]'
  252 |   typename context::iterator vformat_to(Range out,
      |                              ^~~~~~~~~~
/testbed/include/fmt/prepare.h:252:30: note:   template argument deduction/substitution failed:
/testbed/include/fmt/prepare.h:238:41: note:   cannot convert 'fmt::v5::basic_format_args<fmt::v5::basic_format_context<__gnu_cxx::__normal_iterator<char*, std::__cxx11::basic_string<char> >, char> >(as)' (type 'fmt::v5::basic_format_args<fmt::v5::basic_format_context<__gnu_cxx::__normal_iterator<char*, std::__cxx11::basic_string<char> >, char> >') to type 'fmt::v5::basic_format_args<fmt::v5::basic_format_context<std::back_insert_iterator<fmt::v5::internal::buffer<char> >, char> >'
  238 |     return this->vformat_to(range(out), basic_format_args<context>(as));
      |                                         ^~~~~~~~~~~~~~~~~~~~~~~~~~~~~~
/testbed/include/fmt/prepare.h: In instantiation of 'OutputIt fmt::v5::internal::prepared_format<Format, PreparedPartsProvider, Args>::format_to(OutputIt, const Args& ...) const [with OutputIt = __gnu_cxx::__normal_iterator<wchar_t*, std::__cxx11::basic_string<wchar_t> >; Format = std::__cxx11::basic_string<wchar_t>; PreparedPartsProvider = fmt::v5::internal::runtime_parts_provider<fmt::v5::internal::parts_container<wchar_t, std::vector<fmt::v5::format_part<wchar_t>, std::allocator<fmt::v5::format_part<wchar_t> > > > >; Args = {int}]':
/testbed/test/prepare-test.cc:659:22:   required from here
/testbed/include/fmt/prepare.h:238:28: error: no matching function for call to 'fmt::v5::internal::prepared_format<std::__cxx11::basic_string<wchar_t>, fmt::v5::internal::runtime_parts_provider<fmt::v5::internal::parts_container<wchar_t, std::vector<fmt::v5::format_part<wchar_t>, std::allocator<fmt::v5::format_part<wchar_t> > > > >, int>::vformat_to(range, fmt::v5::basic_format_args<fmt::v5::basic_format_context<__gnu_cxx::__normal_iterator<wchar_t*, std::__cxx11::basic_string<wchar_t> >, wchar_t> >) const'
  238 |     return this->vformat_to(range(out), basic_format_args<context>(as));
      |            ~~~~~~~~~~~~~~~~^~~~~~~~~~~~~~~~~~~~~~~~~~~~~~~~~~~~~~~~~~~~
/testbed/include/fmt/prepare.h:252:30: note: candidate: 'template<class Range> typename fmt::v5::internal::prepared_format<Format, PreparedPartsProvider, Args>::context::iterator fmt::v5::internal::prepared_format<Format, PreparedPartsProvider, Args>::vformat_to(Range, fmt::v5::basic_format_args<fmt::v5::basic_format_context<std::back_insert_iterator<fmt::v5::internal::buffer<typename fmt::v5::internal::char_t_impl<S>::type> >, typename fmt::v5::internal::char_t_impl<S>::type> >) const [with Range = Range; Format = std::__cxx11::basic_string<wchar_t>; PreparedPartsProvider = fmt::v5::internal::runtime_parts_provider<fmt::v5::internal::parts_container<wchar_t, std::vector<fmt::v5::format_part<wchar_t>, std::allocator<fmt::v5::format_part<wchar_t> > > > >; Args = {int}]'
  252 |   typename context::iterator vformat_to(Range out,
      |                              ^~~~~~~~~~
/testbed/include/fmt/prepare.h:252:30: note:   template argument deduction/substitution failed:
/testbed/include/fmt/prepare.h:238:41: note:   cannot convert 'fmt::v5::basic_format_args<fmt::v5::basic_format_context<__gnu_cxx::__normal_iterator<wchar_t*, std::__cxx11::basic_string<wchar_t> >, wchar_t> >(as)' (type 'fmt::v5::basic_format_args<fmt::v5::basic_format_context<__gnu_cxx::__normal_iterator<wchar_t*, std::__cxx11::basic_string<wchar_t> >, wchar_t> >') to type 'fmt::v5::basic_format_args<fmt::v5::basic_format_context<std::back_insert_iterator<fmt::v5::internal::buffer<wchar_t> >, wchar_t> >'
  238 |     return this->vformat_to(range(out), basic_format_args<context>(as));
      |                                         ^~~~~~~~~~~~~~~~~~~~~~~~~~~~~~
gmake[2]: *** [test/CMakeFiles/prepare-test.dir/build.make:76: test/CMakeFiles/prepare-test.dir/prepare-test.cc.o] Error 1
gmake[1]: *** [CMakeFiles/Makefile2:517: test/CMakeFiles/prepare-test.dir/all] Error 2
gmake: *** [Makefile:166: all] Error 2
+ cd build
+ ctest --output-on-failure
Test project /testbed/build
      Start  1: assert-test
 1/17 Test  #1: assert-test ......................   Passed    0.01 sec
      Start  2: chrono-test
 2/17 Test  #2: chrono-test ......................   Passed    0.01 sec
      Start  3: color-test
 3/17 Test  #3: color-test .......................   Passed    0.01 sec
      Start  4: core-test
 4/17 Test  #4: core-test ........................   Passed    0.01 sec
      Start  5: grisu-test
 5/17 Test  #5: grisu-test .......................   Passed    0.01 sec
      Start  6: gtest-extra-test
 6/17 Test  #6: gtest-extra-test .................   Passed    0.01 sec
      Start  7: format-test
 7/17 Test  #7: format-test ......................   Passed    0.01 sec
      Start  8: format-impl-test
 8/17 Test  #8: format-impl-test .................   Passed    0.00 sec
      Start  9: locale-test
 9/17 Test  #9: locale-test ......................   Passed    0.00 sec
      Start 10: ostream-test
10/17 Test #10: ostream-test .....................   Passed    0.01 sec
      Start 11: prepare-test
Could not find executable /testbed/build/bin/prepare-test
Looked in the following places:
/testbed/build/bin/prepare-test
/testbed/build/bin/prepare-test
/testbed/build/bin/Release/prepare-test
/testbed/build/bin/Release/prepare-test
/testbed/build/bin/Debug/prepare-test
/testbed/build/bin/Debug/prepare-test
/testbed/build/bin/MinSizeRel/prepare-test
/testbed/build/bin/MinSizeRel/prepare-test
/testbed/build/bin/RelWithDebInfo/prepare-test
/testbed/build/bin/RelWithDebInfo/prepare-test
/testbed/build/bin/Deployment/prepare-test
/testbed/build/bin/Deployment/prepare-test
/testbed/build/bin/Development/prepare-test
/testbed/build/bin/Development/prepare-test
testbed/build/bin/prepare-test
testbed/build/bin/prepare-test
testbed/build/bin/Release/prepare-test
testbed/build/bin/Release/prepare-test
testbed/build/bin/Debug/prepare-test
testbed/build/bin/Debug/prepare-test
testbed/build/bin/MinSizeRel/prepare-test
testbed/build/bin/MinSizeRel/prepare-test
testbed/build/bin/RelWithDebInfo/prepare-test
testbed/build/bin/RelWithDebInfo/prepare-test
testbed/build/bin/Deployment/prepare-test
testbed/build/bin/Deployment/prepare-test
testbed/build/bin/Development/prepare-test
testbed/build/bin/Development/prepare-test
Unable to find executable: /testbed/build/bin/prepare-test
11/17 Test #11: prepare-test .....................***Not Run   0.00 sec
      Start 12: printf-test
Could not find executable /testbed/build/bin/printf-test
Looked in the following places:
/testbed/build/bin/printf-test
/testbed/build/bin/printf-test
/testbed/build/bin/Release/printf-test
/testbed/build/bin/Release/printf-test
/testbed/build/bin/Debug/printf-test
/testbed/build/bin/Debug/printf-test
/testbed/build/bin/MinSizeRel/printf-test
/testbed/build/bin/MinSizeRel/printf-test
/testbed/build/bin/RelWithDebInfo/printf-test
/testbed/build/bin/RelWithDebInfo/printf-test
/testbed/build/bin/Deployment/printf-test
/testbed/build/bin/Deployment/printf-test
/testbed/build/bin/Development/printf-test
/testbed/build/bin/Development/printf-test
testbed/build/bin/printf-test
testbed/build/bin/printf-test
testbed/build/bin/Release/printf-test
testbed/build/bin/Release/printf-test
testbed/build/bin/Debug/printf-test
testbed/build/bin/Debug/printf-test
testbed/build/bin/MinSizeRel/printf-test
testbed/build/bin/MinSizeRel/printf-test
testbed/build/bin/RelWithDebInfo/printf-test
testbed/build/bin/RelWithDebInfo/printf-test
testbed/build/bin/Deployment/printf-test
testbed/build/bin/Deployment/printf-test
testbed/build/bin/Development/printf-test
testbed/build/bin/Development/printf-test
Unable to find executable: /testbed/build/bin/printf-test
12/17 Test #12: printf-test ......................***Not Run   0.00 sec
      Start 13: custom-formatter-test
Could not find executable /testbed/build/bin/custom-formatter-test
Looked in the following places:
/testbed/build/bin/custom-formatter-test
/testbed/build/bin/custom-formatter-test
/testbed/build/bin/Release/custom-formatter-test
/testbed/build/bin/Release/custom-formatter-test
/testbed/build/bin/Debug/custom-formatter-test
/testbed/build/bin/Debug/custom-formatter-test
/testbed/build/bin/MinSizeRel/custom-formatter-test
/testbed/build/bin/MinSizeRel/custom-formatter-test
/testbed/build/bin/RelWithDebInfo/custom-formatter-test
/testbed/build/bin/RelWithDebInfo/custom-formatter-test
/testbed/build/bin/Deployment/custom-formatter-test
/testbed/build/bin/Deployment/custom-formatter-test
/testbed/build/bin/Development/custom-formatter-test
/testbed/build/bin/Development/custom-formatter-test
testbed/build/bin/custom-formatter-test
testbed/build/bin/custom-formatter-test
testbed/build/bin/Release/custom-formatter-test
testbed/build/bin/Release/custom-formatter-test
testbed/build/bin/Debug/custom-formatter-test
testbed/build/bin/Debug/custom-formatter-test
testbed/build/bin/MinSizeRel/custom-formatter-test
testbed/build/bin/MinSizeRel/custom-formatter-test
testbed/build/bin/RelWithDebInfo/custom-formatter-test
testbed/build/bin/RelWithDebInfo/custom-formatter-test
testbed/build/bin/Deployment/custom-formatter-test
testbed/build/bin/Deployment/custom-formatter-test
testbed/build/bin/Development/custom-formatter-test
testbed/build/bin/Development/custom-formatter-test
Unable to find executable: /testbed/build/bin/custom-formatter-test
13/17 Test #13: custom-formatter-test ............***Not Run   0.00 sec
      Start 14: ranges-test
Could not find executable /testbed/build/bin/ranges-test
Looked in the following places:
/testbed/build/bin/ranges-test
/testbed/build/bin/ranges-test
/testbed/build/bin/Release/ranges-test
/testbed/build/bin/Release/ranges-test
/testbed/build/bin/Debug/ranges-test
/testbed/build/bin/Debug/ranges-test
/testbed/build/bin/MinSizeRel/ranges-test
/testbed/build/bin/MinSizeRel/ranges-test
/testbed/build/bin/RelWithDebInfo/ranges-test
/testbed/build/bin/RelWithDebInfo/ranges-test
/testbed/build/bin/Deployment/ranges-test
/testbed/build/bin/Deployment/ranges-test
/testbed/build/bin/Development/ranges-test
/testbed/build/bin/Development/ranges-test
testbed/build/bin/ranges-test
testbed/build/bin/ranges-test
testbed/build/bin/Release/ranges-test
testbed/build/bin/Release/ranges-test
testbed/build/bin/Debug/ranges-test
testbed/build/bin/Debug/ranges-test
testbed/build/bin/MinSizeRel/ranges-test
testbed/build/bin/MinSizeRel/ranges-test
testbed/build/bin/RelWithDebInfo/ranges-test
testbed/build/bin/RelWithDebInfo/ranges-test
testbed/build/bin/Deployment/ranges-test
testbed/build/bin/Deployment/ranges-test
testbed/build/bin/Development/ranges-test
testbed/build/bin/Development/ranges-test
Unable to find executable: /testbed/build/bin/ranges-test
14/17 Test #14: ranges-test ......................***Not Run   0.00 sec
Unable to find executable: /testbed/build/bin/scan-test
      Start 15: scan-test
Could not find executable /testbed/build/bin/scan-test
Looked in the following places:
/testbed/build/bin/scan-test
/testbed/build/bin/scan-test
/testbed/build/bin/Release/scan-test
/testbed/build/bin/Release/scan-test
/testbed/build/bin/Debug/scan-test
/testbed/build/bin/Debug/scan-test
/testbed/build/bin/MinSizeRel/scan-test
/testbed/build/bin/MinSizeRel/scan-test
/testbed/build/bin/RelWithDebInfo/scan-test
/testbed/build/bin/RelWithDebInfo/scan-test
/testbed/build/bin/Deployment/scan-test
/testbed/build/bin/Deployment/scan-test
/testbed/build/bin/Development/scan-test
/testbed/build/bin/Development/scan-test
testbed/build/bin/scan-test
testbed/build/bin/scan-test
testbed/build/bin/Release/scan-test
testbed/build/bin/Release/scan-test
testbed/build/bin/Debug/scan-test
testbed/build/bin/Debug/scan-test
testbed/build/bin/MinSizeRel/scan-test
testbed/build/bin/MinSizeRel/scan-test
testbed/build/bin/RelWithDebInfo/scan-test
testbed/build/bin/RelWithDebInfo/scan-test
testbed/build/bin/Deployment/scan-test
testbed/build/bin/Deployment/scan-test
testbed/build/bin/Development/scan-test
testbed/build/bin/Development/scan-test
15/17 Test #15: scan-test ........................***Not Run   0.00 sec
      Start 16: posix-mock-test
Could not find executable /testbed/build/bin/posix-mock-test
Looked in the following places:
/testbed/build/bin/posix-mock-test
/testbed/build/bin/posix-mock-test
/testbed/build/bin/Release/posix-mock-test
/testbed/build/bin/Release/posix-mock-test
/testbed/build/bin/Debug/posix-mock-test
/testbed/build/bin/Debug/posix-mock-test
/testbed/build/bin/MinSizeRel/posix-mock-test
/testbed/build/bin/MinSizeRel/posix-mock-test
/testbed/build/bin/RelWithDebInfo/posix-mock-test
/testbed/build/bin/RelWithDebInfo/posix-mock-test
/testbed/build/bin/Deployment/posix-mock-test
/testbed/build/bin/Deployment/posix-mock-test
/testbed/build/bin/Development/posix-mock-test
/testbed/build/bin/Development/posix-mock-test
testbed/build/bin/posix-mock-test
testbed/build/bin/posix-mock-test
testbed/build/bin/Release/posix-mock-test
testbed/build/bin/Release/posix-mock-test
testbed/build/bin/Debug/posix-mock-test
testbed/build/bin/Debug/posix-mock-test
testbed/build/bin/MinSizeRel/posix-mock-test
testbed/build/bin/MinSizeRel/posix-mock-test
testbed/build/bin/RelWithDebInfo/posix-mock-test
testbed/build/bin/RelWithDebInfo/posix-mock-test
testbed/build/bin/Deployment/posix-mock-test
testbed/build/bin/Deployment/posix-mock-test
testbed/build/bin/Development/posix-mock-test
testbed/build/bin/Development/posix-mock-test
Unable to find executable: /testbed/build/bin/posix-mock-test
16/17 Test #16: posix-mock-test ..................***Not Run   0.00 sec
      Start 17: posix-test
Could not find executable /testbed/build/bin/posix-test
Looked in the following places:
/testbed/build/bin/posix-test
/testbed/build/bin/posix-test
/testbed/build/bin/Release/posix-test
/testbed/build/bin/Release/posix-test
/testbed/build/bin/Debug/posix-test
/testbed/build/bin/Debug/posix-test
/testbed/build/bin/MinSizeRel/posix-test
/testbed/build/bin/MinSizeRel/posix-test
/testbed/build/bin/RelWithDebInfo/posix-test
/testbed/build/bin/RelWithDebInfo/posix-test
/testbed/build/bin/Deployment/posix-test
/testbed/build/bin/Deployment/posix-test
/testbed/build/bin/Development/posix-test
/testbed/build/bin/Development/posix-test
testbed/build/bin/posix-test
testbed/build/bin/posix-test
testbed/build/bin/Release/posix-test
testbed/build/bin/Release/posix-test
testbed/build/bin/Debug/posix-test
testbed/build/bin/Debug/posix-test
testbed/build/bin/MinSizeRel/posix-test
testbed/build/bin/MinSizeRel/posix-test
testbed/build/bin/RelWithDebInfo/posix-test
testbed/build/bin/RelWithDebInfo/posix-test
testbed/build/bin/Deployment/posix-test
testbed/build/bin/Deployment/posix-test
testbed/build/bin/Development/posix-test
Unable to find executable: /testbed/build/bin/posix-test
testbed/build/bin/Development/posix-test
17/17 Test #17: posix-test .......................***Not Run   0.00 sec

59% tests passed, 7 tests failed out of 17

Total Test time (real) =   0.09 sec

The following tests FAILED:
	 11 - prepare-test (Not Run)
	 12 - printf-test (Not Run)
	 13 - custom-formatter-test (Not Run)
	 14 - ranges-test (Not Run)
	 15 - scan-test (Not Run)
	 16 - posix-mock-test (Not Run)
	 17 - posix-test (Not Run)
Errors while running CTest
+ rc=8
+ echo OMNIGRIL_EXIT_CODE=8
+ cd /testbed
OMNIGRIL_EXIT_CODE=8
+ git checkout 87fbc6f7566e4d3266bd3a2cd69f6c90e1aefa5d test/prepare-test.cc
Updated 1 path from a314e37e
