2025-07-04 19:13:15,247 - INFO - Building image fmtlib__fmt-1407
Using dockerfile:
# Base image specification. Defines the foundation OS and architecture for the container
FROM ubuntu:22.04
ARG DEBIAN_FRONTEND=noninteractive
ENV TZ=Etc/UTC

# System dependencies installation. Installs essential tools and libraries required for development and runtime
RUN apt update && apt install -y \
    build-essential \
    cmake \
    git \
    ninja-build \
    && rm -rf /var/lib/apt/lists/*

# set default workdir to testbed.
WORKDIR /testbed/

# Target Project setup. Clones source code, checkouts to the target version, configures it, and builds the project
RUN git clone https://github.com/fmtlib/fmt /testbed && \
    cd /testbed && \
    git reset --hard 1f918159edded99c9c0cf005c96ecc12e4cc92b1 && \
    git remote remove origin && \
    mkdir build && \
    cmake -S . -B build -D FMT_TEST=ON -D CMAKE_BUILD_TYPE=Release && \
    cmake --build build --target test

2025-07-04 19:13:15,695 - INFO - Step 1/6 : FROM ubuntu:22.04
2025-07-04 19:13:15,710 - INFO -  ---> 3c61d3759c26
2025-07-04 19:13:15,710 - INFO - Step 2/6 : ARG DEBIAN_FRONTEND=noninteractive
2025-07-04 19:13:15,780 - INFO -  ---> Running in 9d0e935e821a
2025-07-04 19:13:16,150 - INFO -  ---> Removed intermediate container 9d0e935e821a
2025-07-04 19:13:16,150 - INFO -  ---> 6a97040a0c20
2025-07-04 19:13:16,150 - INFO - Step 3/6 : ENV TZ=Etc/UTC
2025-07-04 19:13:16,214 - INFO -  ---> Running in 7f6fe57c2688
2025-07-04 19:13:16,587 - INFO -  ---> Removed intermediate container 7f6fe57c2688
2025-07-04 19:13:16,588 - INFO -  ---> 9668fbaeb701
2025-07-04 19:13:16,588 - INFO - Step 4/6 : RUN apt update && apt install -y     build-essential     cmake     git     ninja-build     && rm -rf /var/lib/apt/lists/*
2025-07-04 19:13:16,660 - INFO -  ---> Running in 58c58cf0b735
2025-07-04 19:13:16,794 - INFO - WARNING: apt does not have a stable CLI interface. Use with caution in scripts.
2025-07-04 19:13:17,505 - INFO - Get:1 http://archive.ubuntu.com/ubuntu jammy InRelease [270 kB]
2025-07-04 19:13:17,505 - INFO - Get:2 http://security.ubuntu.com/ubuntu jammy-security InRelease [129 kB]
2025-07-04 19:13:19,128 - INFO - Get:3 http://security.ubuntu.com/ubuntu jammy-security/restricted amd64 Packages [4763 kB]
2025-07-04 19:13:19,515 - INFO - Get:4 http://archive.ubuntu.com/ubuntu jammy-updates InRelease [128 kB]
2025-07-04 19:13:19,887 - INFO - Get:5 http://archive.ubuntu.com/ubuntu jammy-backports InRelease [127 kB]
2025-07-04 19:13:20,259 - INFO - Get:6 http://archive.ubuntu.com/ubuntu jammy/main amd64 Packages [1792 kB]
2025-07-04 19:13:21,023 - INFO - Get:7 http://security.ubuntu.com/ubuntu jammy-security/main amd64 Packages [3092 kB]
2025-07-04 19:13:21,137 - INFO - Get:8 http://archive.ubuntu.com/ubuntu jammy/multiverse amd64 Packages [266 kB]
2025-07-04 19:13:21,179 - INFO - Get:9 http://archive.ubuntu.com/ubuntu jammy/universe amd64 Packages [17.5 MB]
2025-07-04 19:13:21,323 - INFO - Get:10 http://security.ubuntu.com/ubuntu jammy-security/multiverse amd64 Packages [48.5 kB]
2025-07-04 19:13:21,324 - INFO - Get:11 http://security.ubuntu.com/ubuntu jammy-security/universe amd64 Packages [1262 kB]
2025-07-04 19:13:23,249 - INFO - Get:12 http://archive.ubuntu.com/ubuntu jammy/restricted amd64 Packages [164 kB]
2025-07-04 19:13:23,258 - INFO - Get:13 http://archive.ubuntu.com/ubuntu jammy-updates/universe amd64 Packages [1566 kB]
2025-07-04 19:13:23,442 - INFO - Get:14 http://archive.ubuntu.com/ubuntu jammy-updates/multiverse amd64 Packages [56.4 kB]
2025-07-04 19:13:23,460 - INFO - Get:15 http://archive.ubuntu.com/ubuntu jammy-updates/restricted amd64 Packages [4917 kB]
2025-07-04 19:13:24,027 - INFO - Get:16 http://archive.ubuntu.com/ubuntu jammy-updates/main amd64 Packages [3404 kB]
2025-07-04 19:13:24,414 - INFO - Get:17 http://archive.ubuntu.com/ubuntu jammy-backports/universe amd64 Packages [35.2 kB]
2025-07-04 19:13:24,414 - INFO - Get:18 http://archive.ubuntu.com/ubuntu jammy-backports/main amd64 Packages [83.2 kB]
2025-07-04 19:13:24,539 - INFO - Fetched 39.6 MB in 8s (5140 kB/s)
2025-07-04 19:13:25,401 - INFO - Reading package lists...
2025-07-04 19:13:25,649 - INFO - Building dependency tree...
2025-07-04 19:13:25,649 - INFO - Reading state information...
2025-07-04 19:13:25,672 - INFO - All packages are up to date.
2025-07-04 19:13:25,682 - INFO - WARNING: apt does not have a stable CLI interface. Use with caution in scripts.
2025-07-04 19:13:26,587 - INFO - Reading package lists...
2025-07-04 19:13:26,833 - INFO - Building dependency tree...
2025-07-04 19:13:26,833 - INFO - Reading state information...
2025-07-04 19:13:27,192 - INFO - The following additional packages will be installed:
2025-07-04 19:13:27,192 - INFO -   binutils binutils-common binutils-x86-64-linux-gnu bzip2 ca-certificates
2025-07-04 19:13:27,192 - INFO -   cmake-data cpp cpp-11 dh-elpa-helper dirmngr dpkg-dev emacsen-common
2025-07-04 19:13:27,192 - INFO -   fakeroot fontconfig-config fonts-dejavu-core g++ g++-11 gcc gcc-11
2025-07-04 19:13:27,192 - INFO -   gcc-11-base git-man gnupg gnupg-l10n gnupg-utils gpg gpg-agent
2025-07-04 19:13:27,192 - INFO -   gpg-wks-client gpg-wks-server gpgconf gpgsm less libalgorithm-diff-perl
2025-07-04 19:13:27,192 - INFO -   libalgorithm-diff-xs-perl libalgorithm-merge-perl libarchive13 libasan6
2025-07-04 19:13:27,192 - INFO -   libassuan0 libatomic1 libbinutils libbrotli1 libbsd0 libc-dev-bin
2025-07-04 19:13:27,192 - INFO -   libc-devtools libc6-dev libcbor0.8 libcc1-0 libcrypt-dev libctf-nobfd0
2025-07-04 19:13:27,193 - INFO -   libctf0 libcurl3-gnutls libcurl4 libdeflate0 libdpkg-perl libedit2
2025-07-04 19:13:27,193 - INFO -   liberror-perl libexpat1 libfakeroot libfido2-1 libfile-fcntllock-perl
2025-07-04 19:13:27,193 - INFO -   libfontconfig1 libfreetype6 libgcc-11-dev libgd3 libgdbm-compat4 libgdbm6
2025-07-04 19:13:27,193 - INFO -   libgomp1 libicu70 libisl23 libitm1 libjbig0 libjpeg-turbo8 libjpeg8
2025-07-04 19:13:27,193 - INFO -   libjsoncpp25 libksba8 libldap-2.5-0 libldap-common liblocale-gettext-perl
2025-07-04 19:13:27,193 - INFO -   liblsan0 libmd0 libmpc3 libmpfr6 libnghttp2-14 libnpth0 libnsl-dev
2025-07-04 19:13:27,193 - INFO -   libperl5.34 libpng16-16 libpsl5 libquadmath0 libreadline8 librhash0 librtmp1
2025-07-04 19:13:27,193 - INFO -   libsasl2-2 libsasl2-modules libsasl2-modules-db libsqlite3-0 libssh-4
2025-07-04 19:13:27,193 - INFO -   libstdc++-11-dev libtiff5 libtirpc-dev libtsan0 libubsan1 libuv1 libwebp7
2025-07-04 19:13:27,193 - INFO -   libx11-6 libx11-data libxau6 libxcb1 libxdmcp6 libxext6 libxml2 libxmuu1
2025-07-04 19:13:27,193 - INFO -   libxpm4 linux-libc-dev lto-disabled-list make manpages manpages-dev netbase
2025-07-04 19:13:27,193 - INFO -   openssh-client openssl patch perl perl-modules-5.34 pinentry-curses
2025-07-04 19:13:27,194 - INFO -   publicsuffix readline-common rpcsvc-proto ucf xauth xz-utils
2025-07-04 19:13:27,196 - INFO - Suggested packages:
2025-07-04 19:13:27,196 - INFO -   binutils-doc bzip2-doc cmake-doc cmake-format cpp-doc gcc-11-locales
2025-07-04 19:13:27,196 - INFO -   dbus-user-session libpam-systemd pinentry-gnome3 tor debian-keyring
2025-07-04 19:13:27,196 - INFO -   g++-multilib g++-11-multilib gcc-11-doc gcc-multilib autoconf automake
2025-07-04 19:13:27,196 - INFO -   libtool flex bison gdb gcc-doc gcc-11-multilib gettext-base git-daemon-run
2025-07-04 19:13:27,196 - INFO -   | git-daemon-sysvinit git-doc git-email git-gui gitk gitweb git-cvs
2025-07-04 19:13:27,196 - INFO -   git-mediawiki git-svn parcimonie xloadimage scdaemon lrzip glibc-doc bzr
2025-07-04 19:13:27,196 - INFO -   libgd-tools gdbm-l10n libsasl2-modules-gssapi-mit
2025-07-04 19:13:27,196 - INFO -   | libsasl2-modules-gssapi-heimdal libsasl2-modules-ldap libsasl2-modules-otp
2025-07-04 19:13:27,196 - INFO -   libsasl2-modules-sql libstdc++-11-doc make-doc man-browser python3 keychain
2025-07-04 19:13:27,196 - INFO -   libpam-ssh monkeysphere ssh-askpass ed diffutils-doc perl-doc
2025-07-04 19:13:27,196 - INFO -   libterm-readline-gnu-perl | libterm-readline-perl-perl
2025-07-04 19:13:27,196 - INFO -   libtap-harness-archive-perl pinentry-doc readline-doc
2025-07-04 19:13:27,407 - INFO - The following NEW packages will be installed:
2025-07-04 19:13:27,408 - INFO -   binutils binutils-common binutils-x86-64-linux-gnu build-essential bzip2
2025-07-04 19:13:27,408 - INFO -   ca-certificates cmake cmake-data cpp cpp-11 dh-elpa-helper dirmngr dpkg-dev
2025-07-04 19:13:27,408 - INFO -   emacsen-common fakeroot fontconfig-config fonts-dejavu-core g++ g++-11 gcc
2025-07-04 19:13:27,408 - INFO -   gcc-11 gcc-11-base git git-man gnupg gnupg-l10n gnupg-utils gpg gpg-agent
2025-07-04 19:13:27,408 - INFO -   gpg-wks-client gpg-wks-server gpgconf gpgsm less libalgorithm-diff-perl
2025-07-04 19:13:27,408 - INFO -   libalgorithm-diff-xs-perl libalgorithm-merge-perl libarchive13 libasan6
2025-07-04 19:13:27,408 - INFO -   libassuan0 libatomic1 libbinutils libbrotli1 libbsd0 libc-dev-bin
2025-07-04 19:13:27,408 - INFO -   libc-devtools libc6-dev libcbor0.8 libcc1-0 libcrypt-dev libctf-nobfd0
2025-07-04 19:13:27,408 - INFO -   libctf0 libcurl3-gnutls libcurl4 libdeflate0 libdpkg-perl libedit2
2025-07-04 19:13:27,408 - INFO -   liberror-perl libexpat1 libfakeroot libfido2-1 libfile-fcntllock-perl
2025-07-04 19:13:27,408 - INFO -   libfontconfig1 libfreetype6 libgcc-11-dev libgd3 libgdbm-compat4 libgdbm6
2025-07-04 19:13:27,408 - INFO -   libgomp1 libicu70 libisl23 libitm1 libjbig0 libjpeg-turbo8 libjpeg8
2025-07-04 19:13:27,408 - INFO -   libjsoncpp25 libksba8 libldap-2.5-0 libldap-common liblocale-gettext-perl
2025-07-04 19:13:27,408 - INFO -   liblsan0 libmd0 libmpc3 libmpfr6 libnghttp2-14 libnpth0 libnsl-dev
2025-07-04 19:13:27,408 - INFO -   libperl5.34 libpng16-16 libpsl5 libquadmath0 libreadline8 librhash0 librtmp1
2025-07-04 19:13:27,408 - INFO -   libsasl2-2 libsasl2-modules libsasl2-modules-db libsqlite3-0 libssh-4
2025-07-04 19:13:27,408 - INFO -   libstdc++-11-dev libtiff5 libtirpc-dev libtsan0 libubsan1 libuv1 libwebp7
2025-07-04 19:13:27,408 - INFO -   libx11-6 libx11-data libxau6 libxcb1 libxdmcp6 libxext6 libxml2 libxmuu1
2025-07-04 19:13:27,408 - INFO -   libxpm4 linux-libc-dev lto-disabled-list make manpages manpages-dev netbase
2025-07-04 19:13:27,408 - INFO -   ninja-build openssh-client openssl patch perl perl-modules-5.34
2025-07-04 19:13:27,409 - INFO -   pinentry-curses publicsuffix readline-common rpcsvc-proto ucf xauth xz-utils
2025-07-04 19:13:28,038 - INFO - 0 upgraded, 134 newly installed, 0 to remove and 0 not upgraded.
2025-07-04 19:13:28,038 - INFO - Need to get 111 MB of archives.
2025-07-04 19:13:28,038 - INFO - After this operation, 393 MB of additional disk space will be used.
2025-07-04 19:13:28,038 - INFO - Get:1 http://archive.ubuntu.com/ubuntu jammy/main amd64 liblocale-gettext-perl amd64 1.07-4build3 [17.1 kB]
2025-07-04 19:13:28,856 - INFO - Get:2 http://archive.ubuntu.com/ubuntu jammy-updates/main amd64 perl-modules-5.34 all 5.34.0-3ubuntu1.4 [2977 kB]
2025-07-04 19:13:31,660 - INFO - Get:3 http://archive.ubuntu.com/ubuntu jammy/main amd64 libgdbm6 amd64 1.23-1 [33.9 kB]
2025-07-04 19:13:31,668 - INFO - Get:4 http://archive.ubuntu.com/ubuntu jammy/main amd64 libgdbm-compat4 amd64 1.23-1 [6606 B]
2025-07-04 19:13:31,668 - INFO - Get:5 http://archive.ubuntu.com/ubuntu jammy-updates/main amd64 libperl5.34 amd64 5.34.0-3ubuntu1.4 [4820 kB]
2025-07-04 19:13:32,231 - INFO - Get:6 http://archive.ubuntu.com/ubuntu jammy-updates/main amd64 perl amd64 5.34.0-3ubuntu1.4 [232 kB]
2025-07-04 19:13:32,249 - INFO - Get:7 http://archive.ubuntu.com/ubuntu jammy-updates/main amd64 openssl amd64 3.0.2-0ubuntu1.19 [1186 kB]
2025-07-04 19:13:32,344 - INFO - Get:8 http://archive.ubuntu.com/ubuntu jammy-updates/main amd64 ca-certificates all 20240203~22.04.1 [162 kB]
2025-07-04 19:13:32,350 - INFO - Get:9 http://archive.ubuntu.com/ubuntu jammy-updates/main amd64 less amd64 590-1ubuntu0.22.04.3 [142 kB]
2025-07-04 19:13:32,366 - INFO - Get:10 http://archive.ubuntu.com/ubuntu jammy/main amd64 libmd0 amd64 1.0.4-1build1 [23.0 kB]
2025-07-04 19:13:32,366 - INFO - Get:11 http://archive.ubuntu.com/ubuntu jammy/main amd64 libbsd0 amd64 0.11.5-1 [44.8 kB]
2025-07-04 19:13:32,372 - INFO - Get:12 http://archive.ubuntu.com/ubuntu jammy-updates/main amd64 libexpat1 amd64 2.4.7-1ubuntu0.6 [92.1 kB]
2025-07-04 19:13:32,379 - INFO - Get:13 http://archive.ubuntu.com/ubuntu jammy/main amd64 libicu70 amd64 70.1-2 [10.6 MB]
2025-07-04 19:13:33,294 - INFO - Get:14 http://archive.ubuntu.com/ubuntu jammy/main amd64 readline-common all 8.1.2-1 [53.5 kB]
2025-07-04 19:13:33,294 - INFO - Get:15 http://archive.ubuntu.com/ubuntu jammy/main amd64 libreadline8 amd64 8.1.2-1 [153 kB]
2025-07-04 19:13:33,299 - INFO - Get:16 http://archive.ubuntu.com/ubuntu jammy-updates/main amd64 libsqlite3-0 amd64 3.37.2-2ubuntu0.4 [643 kB]
2025-07-04 19:13:33,330 - INFO - Get:17 http://archive.ubuntu.com/ubuntu jammy-updates/main amd64 libxml2 amd64 2.9.13+dfsg-1ubuntu0.7 [763 kB]
2025-07-04 19:13:33,402 - INFO - Get:18 http://archive.ubuntu.com/ubuntu jammy/main amd64 netbase all 6.3 [12.9 kB]
2025-07-04 19:13:33,402 - INFO - Get:19 http://archive.ubuntu.com/ubuntu jammy/main amd64 ucf all 3.0043 [56.1 kB]
2025-07-04 19:13:33,407 - INFO - Get:20 http://archive.ubuntu.com/ubuntu jammy/main amd64 libcbor0.8 amd64 0.8.0-2ubuntu1 [24.6 kB]
2025-07-04 19:13:33,407 - INFO - Get:21 http://archive.ubuntu.com/ubuntu jammy/main amd64 libedit2 amd64 3.1-20210910-1build1 [96.8 kB]
2025-07-04 19:13:33,414 - INFO - Get:22 http://archive.ubuntu.com/ubuntu jammy/main amd64 libfido2-1 amd64 1.10.0-1 [82.8 kB]
2025-07-04 19:13:33,553 - INFO - Get:23 http://archive.ubuntu.com/ubuntu jammy-updates/main amd64 libnghttp2-14 amd64 1.43.0-1ubuntu0.2 [76.9 kB]
2025-07-04 19:13:33,556 - INFO - Get:24 http://archive.ubuntu.com/ubuntu jammy/main amd64 libpng16-16 amd64 1.6.37-3build5 [191 kB]
2025-07-04 19:13:33,570 - INFO - Get:25 http://archive.ubuntu.com/ubuntu jammy/main amd64 libpsl5 amd64 0.21.0-1.2build2 [58.4 kB]
2025-07-04 19:13:33,590 - INFO - Get:26 http://archive.ubuntu.com/ubuntu jammy-updates/main amd64 libuv1 amd64 1.43.0-1ubuntu0.1 [92.7 kB]
2025-07-04 19:13:33,663 - INFO - Get:27 http://archive.ubuntu.com/ubuntu jammy/main amd64 libxau6 amd64 1:1.0.9-1build5 [7634 B]
2025-07-04 19:13:33,663 - INFO - Get:28 http://archive.ubuntu.com/ubuntu jammy/main amd64 libxdmcp6 amd64 1:1.1.3-0ubuntu5 [10.9 kB]
2025-07-04 19:13:33,663 - INFO - Get:29 http://archive.ubuntu.com/ubuntu jammy/main amd64 libxcb1 amd64 1.14-3ubuntu3 [49.0 kB]
2025-07-04 19:13:33,669 - INFO - Get:30 http://archive.ubuntu.com/ubuntu jammy-updates/main amd64 libx11-data all 2:1.7.5-1ubuntu0.3 [120 kB]
2025-07-04 19:13:33,680 - INFO - Get:31 http://archive.ubuntu.com/ubuntu jammy-updates/main amd64 libx11-6 amd64 2:1.7.5-1ubuntu0.3 [667 kB]
2025-07-04 19:13:33,736 - INFO - Get:32 http://archive.ubuntu.com/ubuntu jammy/main amd64 libxext6 amd64 2:1.3.4-1build1 [31.8 kB]
2025-07-04 19:13:33,817 - INFO - Get:33 http://archive.ubuntu.com/ubuntu jammy/main amd64 libxmuu1 amd64 2:1.1.3-3 [10.2 kB]
2025-07-04 19:13:33,829 - INFO - Get:34 http://archive.ubuntu.com/ubuntu jammy/main amd64 manpages all 5.10-1ubuntu1 [1375 kB]
2025-07-04 19:13:33,943 - INFO - Get:35 http://archive.ubuntu.com/ubuntu jammy-updates/main amd64 openssh-client amd64 1:8.9p1-3ubuntu0.13 [903 kB]
2025-07-04 19:13:34,021 - INFO - Get:36 http://archive.ubuntu.com/ubuntu jammy/main amd64 publicsuffix all 20211207.1025-1 [129 kB]
2025-07-04 19:13:34,031 - INFO - Get:37 http://archive.ubuntu.com/ubuntu jammy/main amd64 xauth amd64 1:1.1-1build2 [27.5 kB]
2025-07-04 19:13:34,032 - INFO - Get:38 http://archive.ubuntu.com/ubuntu jammy/main amd64 xz-utils amd64 5.2.5-2ubuntu1 [84.8 kB]
2025-07-04 19:13:34,040 - INFO - Get:39 http://archive.ubuntu.com/ubuntu jammy-updates/main amd64 binutils-common amd64 2.38-4ubuntu2.8 [223 kB]
2025-07-04 19:13:34,059 - INFO - Get:40 http://archive.ubuntu.com/ubuntu jammy-updates/main amd64 libbinutils amd64 2.38-4ubuntu2.8 [661 kB]
2025-07-04 19:13:34,115 - INFO - Get:41 http://archive.ubuntu.com/ubuntu jammy-updates/main amd64 libctf-nobfd0 amd64 2.38-4ubuntu2.8 [108 kB]
2025-07-04 19:13:34,125 - INFO - Get:42 http://archive.ubuntu.com/ubuntu jammy-updates/main amd64 libctf0 amd64 2.38-4ubuntu2.8 [103 kB]
2025-07-04 19:13:34,134 - INFO - Get:43 http://archive.ubuntu.com/ubuntu jammy-updates/main amd64 binutils-x86-64-linux-gnu amd64 2.38-4ubuntu2.8 [2324 kB]
2025-07-04 19:13:34,329 - INFO - Get:44 http://archive.ubuntu.com/ubuntu jammy-updates/main amd64 binutils amd64 2.38-4ubuntu2.8 [3196 B]
2025-07-04 19:13:34,329 - INFO - Get:45 http://archive.ubuntu.com/ubuntu jammy-updates/main amd64 libc-dev-bin amd64 2.35-0ubuntu3.10 [20.3 kB]
2025-07-04 19:13:34,329 - INFO - Get:46 http://archive.ubuntu.com/ubuntu jammy-updates/main amd64 linux-libc-dev amd64 5.15.0-143.153 [1305 kB]
2025-07-04 19:13:34,439 - INFO - Get:47 http://archive.ubuntu.com/ubuntu jammy/main amd64 libcrypt-dev amd64 1:4.4.27-1 [112 kB]
2025-07-04 19:13:34,448 - INFO - Get:48 http://archive.ubuntu.com/ubuntu jammy/main amd64 rpcsvc-proto amd64 1.4.2-0ubuntu6 [68.5 kB]
2025-07-04 19:13:34,454 - INFO - Get:49 http://archive.ubuntu.com/ubuntu jammy-updates/main amd64 libtirpc-dev amd64 1.3.2-2ubuntu0.1 [192 kB]
2025-07-04 19:13:34,472 - INFO - Get:50 http://archive.ubuntu.com/ubuntu jammy/main amd64 libnsl-dev amd64 1.3.0-2build2 [71.3 kB]
2025-07-04 19:13:34,477 - INFO - Get:51 http://archive.ubuntu.com/ubuntu jammy-updates/main amd64 libc6-dev amd64 2.35-0ubuntu3.10 [2100 kB]
2025-07-04 19:13:34,651 - INFO - Get:52 http://archive.ubuntu.com/ubuntu jammy-updates/main amd64 gcc-11-base amd64 11.4.0-1ubuntu1~22.04 [20.2 kB]
2025-07-04 19:13:34,652 - INFO - Get:53 http://archive.ubuntu.com/ubuntu jammy/main amd64 libisl23 amd64 0.24-2build1 [727 kB]
2025-07-04 19:13:34,720 - INFO - Get:54 http://archive.ubuntu.com/ubuntu jammy/main amd64 libmpfr6 amd64 4.1.0-3build3 [1425 kB]
2025-07-04 19:13:34,836 - INFO - Get:55 http://archive.ubuntu.com/ubuntu jammy/main amd64 libmpc3 amd64 1.2.1-2build1 [46.9 kB]
2025-07-04 19:13:34,838 - INFO - Get:56 http://archive.ubuntu.com/ubuntu jammy-updates/main amd64 cpp-11 amd64 11.4.0-1ubuntu1~22.04 [10.0 MB]
2025-07-04 19:13:35,676 - INFO - Get:57 http://archive.ubuntu.com/ubuntu jammy/main amd64 cpp amd64 4:11.2.0-1ubuntu1 [27.7 kB]
2025-07-04 19:13:35,676 - INFO - Get:58 http://archive.ubuntu.com/ubuntu jammy-updates/main amd64 libcc1-0 amd64 12.3.0-1ubuntu1~22.04 [48.3 kB]
2025-07-04 19:13:35,678 - INFO - Get:59 http://archive.ubuntu.com/ubuntu jammy-updates/main amd64 libgomp1 amd64 12.3.0-1ubuntu1~22.04 [126 kB]
2025-07-04 19:13:35,685 - INFO - Get:60 http://archive.ubuntu.com/ubuntu jammy-updates/main amd64 libitm1 amd64 12.3.0-1ubuntu1~22.04 [30.2 kB]
2025-07-04 19:13:35,687 - INFO - Get:61 http://archive.ubuntu.com/ubuntu jammy-updates/main amd64 libatomic1 amd64 12.3.0-1ubuntu1~22.04 [10.4 kB]
2025-07-04 19:13:35,691 - INFO - Get:62 http://archive.ubuntu.com/ubuntu jammy-updates/main amd64 libasan6 amd64 11.4.0-1ubuntu1~22.04 [2282 kB]
2025-07-04 19:13:35,889 - INFO - Get:63 http://archive.ubuntu.com/ubuntu jammy-updates/main amd64 liblsan0 amd64 12.3.0-1ubuntu1~22.04 [1069 kB]
2025-07-04 19:13:35,979 - INFO - Get:64 http://archive.ubuntu.com/ubuntu jammy-updates/main amd64 libtsan0 amd64 11.4.0-1ubuntu1~22.04 [2260 kB]
2025-07-04 19:13:36,164 - INFO - Get:65 http://archive.ubuntu.com/ubuntu jammy-updates/main amd64 libubsan1 amd64 12.3.0-1ubuntu1~22.04 [976 kB]
2025-07-04 19:13:36,247 - INFO - Get:66 http://archive.ubuntu.com/ubuntu jammy-updates/main amd64 libquadmath0 amd64 12.3.0-1ubuntu1~22.04 [154 kB]
2025-07-04 19:13:36,257 - INFO - Get:67 http://archive.ubuntu.com/ubuntu jammy-updates/main amd64 libgcc-11-dev amd64 11.4.0-1ubuntu1~22.04 [2517 kB]
2025-07-04 19:13:36,467 - INFO - Get:68 http://archive.ubuntu.com/ubuntu jammy-updates/main amd64 gcc-11 amd64 11.4.0-1ubuntu1~22.04 [20.1 MB]
2025-07-04 19:13:38,160 - INFO - Get:69 http://archive.ubuntu.com/ubuntu jammy/main amd64 gcc amd64 4:11.2.0-1ubuntu1 [5112 B]
2025-07-04 19:13:38,160 - INFO - Get:70 http://archive.ubuntu.com/ubuntu jammy-updates/main amd64 libstdc++-11-dev amd64 11.4.0-1ubuntu1~22.04 [2101 kB]
2025-07-04 19:13:38,330 - INFO - Get:71 http://archive.ubuntu.com/ubuntu jammy-updates/main amd64 g++-11 amd64 11.4.0-1ubuntu1~22.04 [11.4 MB]
2025-07-04 19:13:39,295 - INFO - Get:72 http://archive.ubuntu.com/ubuntu jammy/main amd64 g++ amd64 4:11.2.0-1ubuntu1 [1412 B]
2025-07-04 19:13:39,295 - INFO - Get:73 http://archive.ubuntu.com/ubuntu jammy/main amd64 make amd64 4.3-4.1build1 [180 kB]
2025-07-04 19:13:39,306 - INFO - Get:74 http://archive.ubuntu.com/ubuntu jammy-updates/main amd64 libdpkg-perl all 1.21.1ubuntu2.3 [237 kB]
2025-07-04 19:13:39,320 - INFO - Get:75 http://archive.ubuntu.com/ubuntu jammy/main amd64 bzip2 amd64 1.0.8-5build1 [34.8 kB]
2025-07-04 19:13:39,323 - INFO - Get:76 http://archive.ubuntu.com/ubuntu jammy/main amd64 patch amd64 2.7.6-7build2 [109 kB]
2025-07-04 19:13:39,335 - INFO - Get:77 http://archive.ubuntu.com/ubuntu jammy/main amd64 lto-disabled-list all 24 [12.5 kB]
2025-07-04 19:13:39,335 - INFO - Get:78 http://archive.ubuntu.com/ubuntu jammy-updates/main amd64 dpkg-dev all 1.21.1ubuntu2.3 [922 kB]
2025-07-04 19:13:39,407 - INFO - Get:79 http://archive.ubuntu.com/ubuntu jammy/main amd64 build-essential amd64 12.9ubuntu3 [4744 B]
2025-07-04 19:13:39,407 - INFO - Get:80 http://archive.ubuntu.com/ubuntu jammy-updates/main amd64 libarchive13 amd64 3.6.0-1ubuntu1.5 [368 kB]
2025-07-04 19:13:39,556 - INFO - Get:81 http://archive.ubuntu.com/ubuntu jammy/main amd64 libbrotli1 amd64 1.0.9-2build6 [315 kB]
2025-07-04 19:13:39,579 - INFO - Get:82 http://archive.ubuntu.com/ubuntu jammy-updates/main amd64 libsasl2-modules-db amd64 2.1.27+dfsg2-3ubuntu1.2 [20.5 kB]
2025-07-04 19:13:39,579 - INFO - Get:83 http://archive.ubuntu.com/ubuntu jammy-updates/main amd64 libsasl2-2 amd64 2.1.27+dfsg2-3ubuntu1.2 [53.8 kB]
2025-07-04 19:13:39,584 - INFO - Get:84 http://archive.ubuntu.com/ubuntu jammy-updates/main amd64 libldap-2.5-0 amd64 2.5.19+dfsg-0ubuntu0.22.04.1 [184 kB]
2025-07-04 19:13:39,596 - INFO - Get:85 http://archive.ubuntu.com/ubuntu jammy/main amd64 librtmp1 amd64 2.4+20151223.gitfa8646d.1-2build4 [58.2 kB]
2025-07-04 19:13:39,597 - INFO - Get:86 http://archive.ubuntu.com/ubuntu jammy-updates/main amd64 libssh-4 amd64 0.9.6-2ubuntu0.22.04.3 [186 kB]
2025-07-04 19:13:39,615 - INFO - Get:87 http://archive.ubuntu.com/ubuntu jammy-updates/main amd64 libcurl4 amd64 7.81.0-1ubuntu1.20 [289 kB]
2025-07-04 19:13:39,666 - INFO - Get:88 http://archive.ubuntu.com/ubuntu jammy/main amd64 libjsoncpp25 amd64 1.9.5-3 [80.0 kB]
2025-07-04 19:13:39,675 - INFO - Get:89 http://archive.ubuntu.com/ubuntu jammy/main amd64 librhash0 amd64 1.4.2-1ubuntu1 [125 kB]
2025-07-04 19:13:39,705 - INFO - Get:90 http://archive.ubuntu.com/ubuntu jammy/main amd64 dh-elpa-helper all 2.0.9ubuntu1 [7610 B]
2025-07-04 19:13:39,847 - INFO - Get:91 http://archive.ubuntu.com/ubuntu jammy/main amd64 emacsen-common all 3.0.4 [14.9 kB]
2025-07-04 19:13:39,847 - INFO - Get:92 http://archive.ubuntu.com/ubuntu jammy-updates/main amd64 cmake-data all 3.22.1-1ubuntu1.22.04.2 [1913 kB]
2025-07-04 19:13:39,969 - INFO - Get:93 http://archive.ubuntu.com/ubuntu jammy-updates/main amd64 cmake amd64 3.22.1-1ubuntu1.22.04.2 [5010 kB]
2025-07-04 19:13:40,414 - INFO - Get:94 http://archive.ubuntu.com/ubuntu jammy/main amd64 libassuan0 amd64 2.5.5-1build1 [38.2 kB]
2025-07-04 19:13:40,414 - INFO - Get:95 http://archive.ubuntu.com/ubuntu jammy-updates/main amd64 gpgconf amd64 2.2.27-3ubuntu2.3 [94.4 kB]
2025-07-04 19:13:40,421 - INFO - Get:96 http://archive.ubuntu.com/ubuntu jammy-updates/main amd64 libksba8 amd64 1.6.0-2ubuntu0.2 [119 kB]
2025-07-04 19:13:40,427 - INFO - Get:97 http://archive.ubuntu.com/ubuntu jammy/main amd64 libnpth0 amd64 1.6-3build2 [8664 B]
2025-07-04 19:13:40,428 - INFO - Get:98 http://archive.ubuntu.com/ubuntu jammy-updates/main amd64 dirmngr amd64 2.2.27-3ubuntu2.3 [293 kB]
2025-07-04 19:13:40,454 - INFO - Get:99 http://archive.ubuntu.com/ubuntu jammy/main amd64 libfakeroot amd64 1.28-1ubuntu1 [31.5 kB]
2025-07-04 19:13:40,455 - INFO - Get:100 http://archive.ubuntu.com/ubuntu jammy/main amd64 fakeroot amd64 1.28-1ubuntu1 [60.4 kB]
2025-07-04 19:13:40,463 - INFO - Get:101 http://archive.ubuntu.com/ubuntu jammy/main amd64 fonts-dejavu-core all 2.37-2build1 [1041 kB]
2025-07-04 19:13:41,096 - INFO - Get:102 http://archive.ubuntu.com/ubuntu jammy/main amd64 fontconfig-config all 2.13.1-4.2ubuntu5 [29.1 kB]
2025-07-04 19:13:41,725 - INFO - Get:103 http://archive.ubuntu.com/ubuntu jammy-updates/main amd64 libcurl3-gnutls amd64 7.81.0-1ubuntu1.20 [284 kB]
2025-07-04 19:13:42,661 - INFO - Get:104 http://archive.ubuntu.com/ubuntu jammy/main amd64 liberror-perl all 0.17029-1 [26.5 kB]
2025-07-04 19:13:42,692 - INFO - Get:105 http://archive.ubuntu.com/ubuntu jammy-updates/main amd64 git-man all 1:2.34.1-1ubuntu1.12 [955 kB]
2025-07-04 19:13:43,230 - INFO - Get:106 http://archive.ubuntu.com/ubuntu jammy-updates/main amd64 git amd64 1:2.34.1-1ubuntu1.12 [3165 kB]
2025-07-04 19:13:43,723 - INFO - Get:107 http://archive.ubuntu.com/ubuntu jammy-updates/main amd64 gnupg-l10n all 2.2.27-3ubuntu2.3 [54.6 kB]
2025-07-04 19:13:43,724 - INFO - Get:108 http://archive.ubuntu.com/ubuntu jammy-updates/main amd64 gnupg-utils amd64 2.2.27-3ubuntu2.3 [309 kB]
2025-07-04 19:13:43,764 - INFO - Get:109 http://archive.ubuntu.com/ubuntu jammy-updates/main amd64 gpg amd64 2.2.27-3ubuntu2.3 [519 kB]
2025-07-04 19:13:43,795 - INFO - Get:110 http://archive.ubuntu.com/ubuntu jammy/main amd64 pinentry-curses amd64 1.1.1-1build2 [34.4 kB]
2025-07-04 19:13:43,795 - INFO - Get:111 http://archive.ubuntu.com/ubuntu jammy-updates/main amd64 gpg-agent amd64 2.2.27-3ubuntu2.3 [209 kB]
2025-07-04 19:13:43,814 - INFO - Get:112 http://archive.ubuntu.com/ubuntu jammy-updates/main amd64 gpg-wks-client amd64 2.2.27-3ubuntu2.3 [62.7 kB]
2025-07-04 19:13:43,820 - INFO - Get:113 http://archive.ubuntu.com/ubuntu jammy-updates/main amd64 gpg-wks-server amd64 2.2.27-3ubuntu2.3 [57.6 kB]
2025-07-04 19:13:43,829 - INFO - Get:114 http://archive.ubuntu.com/ubuntu jammy-updates/main amd64 gpgsm amd64 2.2.27-3ubuntu2.3 [198 kB]
2025-07-04 19:13:43,853 - INFO - Get:115 http://archive.ubuntu.com/ubuntu jammy-updates/main amd64 gnupg all 2.2.27-3ubuntu2.3 [315 kB]
2025-07-04 19:13:43,995 - INFO - Get:116 http://archive.ubuntu.com/ubuntu jammy/main amd64 libalgorithm-diff-perl all 1.201-1 [41.8 kB]
2025-07-04 19:13:43,998 - INFO - Get:117 http://archive.ubuntu.com/ubuntu jammy/main amd64 libalgorithm-diff-xs-perl amd64 0.04-6build3 [11.9 kB]
2025-07-04 19:13:44,033 - INFO - Get:118 http://archive.ubuntu.com/ubuntu jammy/main amd64 libalgorithm-merge-perl all 0.08-3 [12.0 kB]
2025-07-04 19:13:44,065 - INFO - Get:119 http://archive.ubuntu.com/ubuntu jammy-updates/main amd64 libfreetype6 amd64 2.11.1+dfsg-1ubuntu0.3 [388 kB]
2025-07-04 19:13:44,080 - INFO - Get:120 http://archive.ubuntu.com/ubuntu jammy/main amd64 libfontconfig1 amd64 2.13.1-4.2ubuntu5 [131 kB]
2025-07-04 19:13:44,086 - INFO - Get:121 http://archive.ubuntu.com/ubuntu jammy/main amd64 libjpeg-turbo8 amd64 2.1.2-0ubuntu1 [134 kB]
2025-07-04 19:13:44,095 - INFO - Get:122 http://archive.ubuntu.com/ubuntu jammy/main amd64 libjpeg8 amd64 8c-2ubuntu10 [2264 B]
2025-07-04 19:13:44,104 - INFO - Get:123 http://archive.ubuntu.com/ubuntu jammy/main amd64 libdeflate0 amd64 1.10-2 [70.9 kB]
2025-07-04 19:13:44,123 - INFO - Get:124 http://archive.ubuntu.com/ubuntu jammy-updates/main amd64 libjbig0 amd64 2.1-3.1ubuntu0.22.04.1 [29.2 kB]
2025-07-04 19:13:44,156 - INFO - Get:125 http://archive.ubuntu.com/ubuntu jammy-updates/main amd64 libwebp7 amd64 1.2.2-2ubuntu0.22.04.2 [206 kB]
2025-07-04 19:13:44,266 - INFO - Get:126 http://archive.ubuntu.com/ubuntu jammy-updates/main amd64 libtiff5 amd64 4.3.0-6ubuntu0.10 [185 kB]
2025-07-04 19:13:44,274 - INFO - Get:127 http://archive.ubuntu.com/ubuntu jammy-updates/main amd64 libxpm4 amd64 1:3.5.12-1ubuntu0.22.04.2 [36.7 kB]
2025-07-04 19:13:44,301 - INFO - Get:128 http://archive.ubuntu.com/ubuntu jammy-updates/main amd64 libgd3 amd64 2.3.0-2ubuntu2.3 [129 kB]
2025-07-04 19:13:44,347 - INFO - Get:129 http://archive.ubuntu.com/ubuntu jammy-updates/main amd64 libc-devtools amd64 2.35-0ubuntu3.10 [29.0 kB]
2025-07-04 19:13:44,354 - INFO - Get:130 http://archive.ubuntu.com/ubuntu jammy/main amd64 libfile-fcntllock-perl amd64 0.22-3build7 [33.9 kB]
2025-07-04 19:13:44,362 - INFO - Get:131 http://archive.ubuntu.com/ubuntu jammy-updates/main amd64 libldap-common all 2.5.19+dfsg-0ubuntu0.22.04.1 [16.1 kB]
2025-07-04 19:13:44,366 - INFO - Get:132 http://archive.ubuntu.com/ubuntu jammy-updates/main amd64 libsasl2-modules amd64 2.1.27+dfsg2-3ubuntu1.2 [68.8 kB]
2025-07-04 19:13:44,373 - INFO - Get:133 http://archive.ubuntu.com/ubuntu jammy/main amd64 manpages-dev all 5.10-1ubuntu1 [2309 kB]
2025-07-04 19:13:44,538 - INFO - Get:134 http://archive.ubuntu.com/ubuntu jammy/universe amd64 ninja-build amd64 1.10.1-1 [111 kB]
2025-07-04 19:13:44,705 - INFO - debconf: delaying package configuration, since apt-utils is not installed
2025-07-04 19:13:44,782 - INFO - Fetched 111 MB in 17s (6467 kB/s)
2025-07-04 19:13:44,824 - INFO - Selecting previously unselected package liblocale-gettext-perl.
2025-07-04 19:13:44,828 - INFO - (Reading database ... (Reading database ... 5%(Reading database ... 10%(Reading database ... 15%(Reading database ... 20%(Reading database ... 25%(Reading database ... 30%(Reading database ... 35%(Reading database ... 40%(Reading database ... 45%(Reading database ... 50%(Reading database ... 55%(Reading database ... 60%(Reading database ... 65%(Reading database ... 70%(Reading database ... 75%(Reading database ... 80%(Reading database ... 85%(Reading database ... 90%(Reading database ... 95%(Reading database ... 100%(Reading database ... 4393 files and directories currently installed.)
2025-07-04 19:13:44,828 - INFO - Preparing to unpack .../000-liblocale-gettext-perl_1.07-4build3_amd64.deb ...
2025-07-04 19:13:44,834 - INFO - Unpacking liblocale-gettext-perl (1.07-4build3) ...
2025-07-04 19:13:44,900 - INFO - Selecting previously unselected package perl-modules-5.34.
2025-07-04 19:13:44,901 - INFO - Preparing to unpack .../001-perl-modules-5.34_5.34.0-3ubuntu1.4_all.deb ...
2025-07-04 19:13:44,907 - INFO - Unpacking perl-modules-5.34 (5.34.0-3ubuntu1.4) ...
2025-07-04 19:13:45,268 - INFO - Selecting previously unselected package libgdbm6:amd64.
2025-07-04 19:13:45,270 - INFO - Preparing to unpack .../002-libgdbm6_1.23-1_amd64.deb ...
2025-07-04 19:13:45,288 - INFO - Unpacking libgdbm6:amd64 (1.23-1) ...
2025-07-04 19:13:45,353 - INFO - Selecting previously unselected package libgdbm-compat4:amd64.
2025-07-04 19:13:45,354 - INFO - Preparing to unpack .../003-libgdbm-compat4_1.23-1_amd64.deb ...
2025-07-04 19:13:45,362 - INFO - Unpacking libgdbm-compat4:amd64 (1.23-1) ...
2025-07-04 19:13:45,422 - INFO - Selecting previously unselected package libperl5.34:amd64.
2025-07-04 19:13:45,422 - INFO - Preparing to unpack .../004-libperl5.34_5.34.0-3ubuntu1.4_amd64.deb ...
2025-07-04 19:13:45,430 - INFO - Unpacking libperl5.34:amd64 (5.34.0-3ubuntu1.4) ...
2025-07-04 19:13:45,699 - INFO - Selecting previously unselected package perl.
2025-07-04 19:13:45,700 - INFO - Preparing to unpack .../005-perl_5.34.0-3ubuntu1.4_amd64.deb ...
2025-07-04 19:13:45,714 - INFO - Unpacking perl (5.34.0-3ubuntu1.4) ...
2025-07-04 19:13:45,791 - INFO - Selecting previously unselected package openssl.
2025-07-04 19:13:45,793 - INFO - Preparing to unpack .../006-openssl_3.0.2-0ubuntu1.19_amd64.deb ...
2025-07-04 19:13:45,801 - INFO - Unpacking openssl (3.0.2-0ubuntu1.19) ...
2025-07-04 19:13:45,885 - INFO - Selecting previously unselected package ca-certificates.
2025-07-04 19:13:45,886 - INFO - Preparing to unpack .../007-ca-certificates_20240203~22.04.1_all.deb ...
2025-07-04 19:13:45,895 - INFO - Unpacking ca-certificates (20240203~22.04.1) ...
2025-07-04 19:13:46,003 - INFO - Selecting previously unselected package less.
2025-07-04 19:13:46,005 - INFO - Preparing to unpack .../008-less_590-1ubuntu0.22.04.3_amd64.deb ...
2025-07-04 19:13:46,014 - INFO - Unpacking less (590-1ubuntu0.22.04.3) ...
2025-07-04 19:13:46,073 - INFO - Selecting previously unselected package libmd0:amd64.
2025-07-04 19:13:46,075 - INFO - Preparing to unpack .../009-libmd0_1.0.4-1build1_amd64.deb ...
2025-07-04 19:13:46,082 - INFO - Unpacking libmd0:amd64 (1.0.4-1build1) ...
2025-07-04 19:13:46,146 - INFO - Selecting previously unselected package libbsd0:amd64.
2025-07-04 19:13:46,147 - INFO - Preparing to unpack .../010-libbsd0_0.11.5-1_amd64.deb ...
2025-07-04 19:13:46,155 - INFO - Unpacking libbsd0:amd64 (0.11.5-1) ...
2025-07-04 19:13:46,212 - INFO - Selecting previously unselected package libexpat1:amd64.
2025-07-04 19:13:46,213 - INFO - Preparing to unpack .../011-libexpat1_2.4.7-1ubuntu0.6_amd64.deb ...
2025-07-04 19:13:46,220 - INFO - Unpacking libexpat1:amd64 (2.4.7-1ubuntu0.6) ...
2025-07-04 19:13:46,271 - INFO - Selecting previously unselected package libicu70:amd64.
2025-07-04 19:13:46,272 - INFO - Preparing to unpack .../012-libicu70_70.1-2_amd64.deb ...
2025-07-04 19:13:46,281 - INFO - Unpacking libicu70:amd64 (70.1-2) ...
2025-07-04 19:13:46,439 - INFO - Selecting previously unselected package readline-common.
2025-07-04 19:13:46,441 - INFO - Preparing to unpack .../013-readline-common_8.1.2-1_all.deb ...
2025-07-04 19:13:46,446 - INFO - Unpacking readline-common (8.1.2-1) ...
2025-07-04 19:13:46,499 - INFO - Selecting previously unselected package libreadline8:amd64.
2025-07-04 19:13:46,500 - INFO - Preparing to unpack .../014-libreadline8_8.1.2-1_amd64.deb ...
2025-07-04 19:13:46,505 - INFO - Unpacking libreadline8:amd64 (8.1.2-1) ...
2025-07-04 19:13:46,557 - INFO - Selecting previously unselected package libsqlite3-0:amd64.
2025-07-04 19:13:46,558 - INFO - Preparing to unpack .../015-libsqlite3-0_3.37.2-2ubuntu0.4_amd64.deb ...
2025-07-04 19:13:46,564 - INFO - Unpacking libsqlite3-0:amd64 (3.37.2-2ubuntu0.4) ...
2025-07-04 19:13:46,626 - INFO - Selecting previously unselected package libxml2:amd64.
2025-07-04 19:13:46,627 - INFO - Preparing to unpack .../016-libxml2_2.9.13+dfsg-1ubuntu0.7_amd64.deb ...
2025-07-04 19:13:46,635 - INFO - Unpacking libxml2:amd64 (2.9.13+dfsg-1ubuntu0.7) ...
2025-07-04 19:13:46,690 - INFO - Selecting previously unselected package netbase.
2025-07-04 19:13:46,691 - INFO - Preparing to unpack .../017-netbase_6.3_all.deb ...
2025-07-04 19:13:46,696 - INFO - Unpacking netbase (6.3) ...
2025-07-04 19:13:46,749 - INFO - Selecting previously unselected package ucf.
2025-07-04 19:13:46,751 - INFO - Preparing to unpack .../018-ucf_3.0043_all.deb ...
2025-07-04 19:13:46,757 - INFO - Moving old data out of the way
2025-07-04 19:13:46,759 - INFO - Unpacking ucf (3.0043) ...
2025-07-04 19:13:46,813 - INFO - Selecting previously unselected package libcbor0.8:amd64.
2025-07-04 19:13:46,814 - INFO - Preparing to unpack .../019-libcbor0.8_0.8.0-2ubuntu1_amd64.deb ...
2025-07-04 19:13:46,821 - INFO - Unpacking libcbor0.8:amd64 (0.8.0-2ubuntu1) ...
2025-07-04 19:13:46,868 - INFO - Selecting previously unselected package libedit2:amd64.
2025-07-04 19:13:46,870 - INFO - Preparing to unpack .../020-libedit2_3.1-20210910-1build1_amd64.deb ...
2025-07-04 19:13:46,876 - INFO - Unpacking libedit2:amd64 (3.1-20210910-1build1) ...
2025-07-04 19:13:46,922 - INFO - Selecting previously unselected package libfido2-1:amd64.
2025-07-04 19:13:46,923 - INFO - Preparing to unpack .../021-libfido2-1_1.10.0-1_amd64.deb ...
2025-07-04 19:13:46,929 - INFO - Unpacking libfido2-1:amd64 (1.10.0-1) ...
2025-07-04 19:13:46,988 - INFO - Selecting previously unselected package libnghttp2-14:amd64.
2025-07-04 19:13:46,989 - INFO - Preparing to unpack .../022-libnghttp2-14_1.43.0-1ubuntu0.2_amd64.deb ...
2025-07-04 19:13:46,995 - INFO - Unpacking libnghttp2-14:amd64 (1.43.0-1ubuntu0.2) ...
2025-07-04 19:13:47,041 - INFO - Selecting previously unselected package libpng16-16:amd64.
2025-07-04 19:13:47,041 - INFO - Preparing to unpack .../023-libpng16-16_1.6.37-3build5_amd64.deb ...
2025-07-04 19:13:47,047 - INFO - Unpacking libpng16-16:amd64 (1.6.37-3build5) ...
2025-07-04 19:13:47,101 - INFO - Selecting previously unselected package libpsl5:amd64.
2025-07-04 19:13:47,101 - INFO - Preparing to unpack .../024-libpsl5_0.21.0-1.2build2_amd64.deb ...
2025-07-04 19:13:47,107 - INFO - Unpacking libpsl5:amd64 (0.21.0-1.2build2) ...
2025-07-04 19:13:47,162 - INFO - Selecting previously unselected package libuv1:amd64.
2025-07-04 19:13:47,163 - INFO - Preparing to unpack .../025-libuv1_1.43.0-1ubuntu0.1_amd64.deb ...
2025-07-04 19:13:47,169 - INFO - Unpacking libuv1:amd64 (1.43.0-1ubuntu0.1) ...
2025-07-04 19:13:47,218 - INFO - Selecting previously unselected package libxau6:amd64.
2025-07-04 19:13:47,219 - INFO - Preparing to unpack .../026-libxau6_1%3a1.0.9-1build5_amd64.deb ...
2025-07-04 19:13:47,225 - INFO - Unpacking libxau6:amd64 (1:1.0.9-1build5) ...
2025-07-04 19:13:47,269 - INFO - Selecting previously unselected package libxdmcp6:amd64.
2025-07-04 19:13:47,271 - INFO - Preparing to unpack .../027-libxdmcp6_1%3a1.1.3-0ubuntu5_amd64.deb ...
2025-07-04 19:13:47,276 - INFO - Unpacking libxdmcp6:amd64 (1:1.1.3-0ubuntu5) ...
2025-07-04 19:13:47,327 - INFO - Selecting previously unselected package libxcb1:amd64.
2025-07-04 19:13:47,328 - INFO - Preparing to unpack .../028-libxcb1_1.14-3ubuntu3_amd64.deb ...
2025-07-04 19:13:47,335 - INFO - Unpacking libxcb1:amd64 (1.14-3ubuntu3) ...
2025-07-04 19:13:47,375 - INFO - Selecting previously unselected package libx11-data.
2025-07-04 19:13:47,376 - INFO - Preparing to unpack .../029-libx11-data_2%3a1.7.5-1ubuntu0.3_all.deb ...
2025-07-04 19:13:47,382 - INFO - Unpacking libx11-data (2:1.7.5-1ubuntu0.3) ...
2025-07-04 19:13:47,496 - INFO - Selecting previously unselected package libx11-6:amd64.
2025-07-04 19:13:47,497 - INFO - Preparing to unpack .../030-libx11-6_2%3a1.7.5-1ubuntu0.3_amd64.deb ...
2025-07-04 19:13:47,503 - INFO - Unpacking libx11-6:amd64 (2:1.7.5-1ubuntu0.3) ...
2025-07-04 19:13:47,557 - INFO - Selecting previously unselected package libxext6:amd64.
2025-07-04 19:13:47,558 - INFO - Preparing to unpack .../031-libxext6_2%3a1.3.4-1build1_amd64.deb ...
2025-07-04 19:13:47,563 - INFO - Unpacking libxext6:amd64 (2:1.3.4-1build1) ...
2025-07-04 19:13:47,610 - INFO - Selecting previously unselected package libxmuu1:amd64.
2025-07-04 19:13:47,611 - INFO - Preparing to unpack .../032-libxmuu1_2%3a1.1.3-3_amd64.deb ...
2025-07-04 19:13:47,616 - INFO - Unpacking libxmuu1:amd64 (2:1.1.3-3) ...
2025-07-04 19:13:47,656 - INFO - Selecting previously unselected package manpages.
2025-07-04 19:13:47,657 - INFO - Preparing to unpack .../033-manpages_5.10-1ubuntu1_all.deb ...
2025-07-04 19:13:47,666 - INFO - Unpacking manpages (5.10-1ubuntu1) ...
2025-07-04 19:13:47,781 - INFO - Selecting previously unselected package openssh-client.
2025-07-04 19:13:47,782 - INFO - Preparing to unpack .../034-openssh-client_1%3a8.9p1-3ubuntu0.13_amd64.deb ...
2025-07-04 19:13:47,795 - INFO - Unpacking openssh-client (1:8.9p1-3ubuntu0.13) ...
2025-07-04 19:13:47,864 - INFO - Selecting previously unselected package publicsuffix.
2025-07-04 19:13:47,866 - INFO - Preparing to unpack .../035-publicsuffix_20211207.1025-1_all.deb ...
2025-07-04 19:13:47,871 - INFO - Unpacking publicsuffix (20211207.1025-1) ...
2025-07-04 19:13:47,918 - INFO - Selecting previously unselected package xauth.
2025-07-04 19:13:47,919 - INFO - Preparing to unpack .../036-xauth_1%3a1.1-1build2_amd64.deb ...
2025-07-04 19:13:47,925 - INFO - Unpacking xauth (1:1.1-1build2) ...
2025-07-04 19:13:47,966 - INFO - Selecting previously unselected package xz-utils.
2025-07-04 19:13:47,967 - INFO - Preparing to unpack .../037-xz-utils_5.2.5-2ubuntu1_amd64.deb ...
2025-07-04 19:13:47,973 - INFO - Unpacking xz-utils (5.2.5-2ubuntu1) ...
2025-07-04 19:13:48,024 - INFO - Selecting previously unselected package binutils-common:amd64.
2025-07-04 19:13:48,025 - INFO - Preparing to unpack .../038-binutils-common_2.38-4ubuntu2.8_amd64.deb ...
2025-07-04 19:13:48,034 - INFO - Unpacking binutils-common:amd64 (2.38-4ubuntu2.8) ...
2025-07-04 19:13:48,085 - INFO - Selecting previously unselected package libbinutils:amd64.
2025-07-04 19:13:48,086 - INFO - Preparing to unpack .../039-libbinutils_2.38-4ubuntu2.8_amd64.deb ...
2025-07-04 19:13:48,092 - INFO - Unpacking libbinutils:amd64 (2.38-4ubuntu2.8) ...
2025-07-04 19:13:48,143 - INFO - Selecting previously unselected package libctf-nobfd0:amd64.
2025-07-04 19:13:48,145 - INFO - Preparing to unpack .../040-libctf-nobfd0_2.38-4ubuntu2.8_amd64.deb ...
2025-07-04 19:13:48,150 - INFO - Unpacking libctf-nobfd0:amd64 (2.38-4ubuntu2.8) ...
2025-07-04 19:13:48,200 - INFO - Selecting previously unselected package libctf0:amd64.
2025-07-04 19:13:48,202 - INFO - Preparing to unpack .../041-libctf0_2.38-4ubuntu2.8_amd64.deb ...
2025-07-04 19:13:48,207 - INFO - Unpacking libctf0:amd64 (2.38-4ubuntu2.8) ...
2025-07-04 19:13:48,242 - INFO - Selecting previously unselected package binutils-x86-64-linux-gnu.
2025-07-04 19:13:48,243 - INFO - Preparing to unpack .../042-binutils-x86-64-linux-gnu_2.38-4ubuntu2.8_amd64.deb ...
2025-07-04 19:13:48,249 - INFO - Unpacking binutils-x86-64-linux-gnu (2.38-4ubuntu2.8) ...
2025-07-04 19:13:48,344 - INFO - Selecting previously unselected package binutils.
2025-07-04 19:13:48,345 - INFO - Preparing to unpack .../043-binutils_2.38-4ubuntu2.8_amd64.deb ...
2025-07-04 19:13:48,351 - INFO - Unpacking binutils (2.38-4ubuntu2.8) ...
2025-07-04 19:13:48,398 - INFO - Selecting previously unselected package libc-dev-bin.
2025-07-04 19:13:48,399 - INFO - Preparing to unpack .../044-libc-dev-bin_2.35-0ubuntu3.10_amd64.deb ...
2025-07-04 19:13:48,405 - INFO - Unpacking libc-dev-bin (2.35-0ubuntu3.10) ...
2025-07-04 19:13:48,443 - INFO - Selecting previously unselected package linux-libc-dev:amd64.
2025-07-04 19:13:48,445 - INFO - Preparing to unpack .../045-linux-libc-dev_5.15.0-143.153_amd64.deb ...
2025-07-04 19:13:48,451 - INFO - Unpacking linux-libc-dev:amd64 (5.15.0-143.153) ...
2025-07-04 19:13:48,654 - INFO - Selecting previously unselected package libcrypt-dev:amd64.
2025-07-04 19:13:48,655 - INFO - Preparing to unpack .../046-libcrypt-dev_1%3a4.4.27-1_amd64.deb ...
2025-07-04 19:13:48,665 - INFO - Unpacking libcrypt-dev:amd64 (1:4.4.27-1) ...
2025-07-04 19:13:48,708 - INFO - Selecting previously unselected package rpcsvc-proto.
2025-07-04 19:13:48,709 - INFO - Preparing to unpack .../047-rpcsvc-proto_1.4.2-0ubuntu6_amd64.deb ...
2025-07-04 19:13:48,715 - INFO - Unpacking rpcsvc-proto (1.4.2-0ubuntu6) ...
2025-07-04 19:13:48,760 - INFO - Selecting previously unselected package libtirpc-dev:amd64.
2025-07-04 19:13:48,761 - INFO - Preparing to unpack .../048-libtirpc-dev_1.3.2-2ubuntu0.1_amd64.deb ...
2025-07-04 19:13:48,767 - INFO - Unpacking libtirpc-dev:amd64 (1.3.2-2ubuntu0.1) ...
2025-07-04 19:13:48,819 - INFO - Selecting previously unselected package libnsl-dev:amd64.
2025-07-04 19:13:48,820 - INFO - Preparing to unpack .../049-libnsl-dev_1.3.0-2build2_amd64.deb ...
2025-07-04 19:13:48,830 - INFO - Unpacking libnsl-dev:amd64 (1.3.0-2build2) ...
2025-07-04 19:13:48,873 - INFO - Selecting previously unselected package libc6-dev:amd64.
2025-07-04 19:13:48,875 - INFO - Preparing to unpack .../050-libc6-dev_2.35-0ubuntu3.10_amd64.deb ...
2025-07-04 19:13:48,880 - INFO - Unpacking libc6-dev:amd64 (2.35-0ubuntu3.10) ...
2025-07-04 19:13:49,102 - INFO - Selecting previously unselected package gcc-11-base:amd64.
2025-07-04 19:13:49,103 - INFO - Preparing to unpack .../051-gcc-11-base_11.4.0-1ubuntu1~22.04_amd64.deb ...
2025-07-04 19:13:49,109 - INFO - Unpacking gcc-11-base:amd64 (11.4.0-1ubuntu1~22.04) ...
2025-07-04 19:13:49,165 - INFO - Selecting previously unselected package libisl23:amd64.
2025-07-04 19:13:49,166 - INFO - Preparing to unpack .../052-libisl23_0.24-2build1_amd64.deb ...
2025-07-04 19:13:49,173 - INFO - Unpacking libisl23:amd64 (0.24-2build1) ...
2025-07-04 19:13:49,233 - INFO - Selecting previously unselected package libmpfr6:amd64.
2025-07-04 19:13:49,234 - INFO - Preparing to unpack .../053-libmpfr6_4.1.0-3build3_amd64.deb ...
2025-07-04 19:13:49,240 - INFO - Unpacking libmpfr6:amd64 (4.1.0-3build3) ...
2025-07-04 19:13:49,295 - INFO - Selecting previously unselected package libmpc3:amd64.
2025-07-04 19:13:49,296 - INFO - Preparing to unpack .../054-libmpc3_1.2.1-2build1_amd64.deb ...
2025-07-04 19:13:49,302 - INFO - Unpacking libmpc3:amd64 (1.2.1-2build1) ...
2025-07-04 19:13:49,349 - INFO - Selecting previously unselected package cpp-11.
2025-07-04 19:13:49,350 - INFO - Preparing to unpack .../055-cpp-11_11.4.0-1ubuntu1~22.04_amd64.deb ...
2025-07-04 19:13:49,356 - INFO - Unpacking cpp-11 (11.4.0-1ubuntu1~22.04) ...
2025-07-04 19:13:49,533 - INFO - Selecting previously unselected package cpp.
2025-07-04 19:13:49,534 - INFO - Preparing to unpack .../056-cpp_4%3a11.2.0-1ubuntu1_amd64.deb ...
2025-07-04 19:13:49,540 - INFO - Unpacking cpp (4:11.2.0-1ubuntu1) ...
2025-07-04 19:13:49,595 - INFO - Selecting previously unselected package libcc1-0:amd64.
2025-07-04 19:13:49,597 - INFO - Preparing to unpack .../057-libcc1-0_12.3.0-1ubuntu1~22.04_amd64.deb ...
2025-07-04 19:13:49,603 - INFO - Unpacking libcc1-0:amd64 (12.3.0-1ubuntu1~22.04) ...
2025-07-04 19:13:49,651 - INFO - Selecting previously unselected package libgomp1:amd64.
2025-07-04 19:13:49,652 - INFO - Preparing to unpack .../058-libgomp1_12.3.0-1ubuntu1~22.04_amd64.deb ...
2025-07-04 19:13:49,658 - INFO - Unpacking libgomp1:amd64 (12.3.0-1ubuntu1~22.04) ...
2025-07-04 19:13:49,708 - INFO - Selecting previously unselected package libitm1:amd64.
2025-07-04 19:13:49,709 - INFO - Preparing to unpack .../059-libitm1_12.3.0-1ubuntu1~22.04_amd64.deb ...
2025-07-04 19:13:49,715 - INFO - Unpacking libitm1:amd64 (12.3.0-1ubuntu1~22.04) ...
2025-07-04 19:13:49,770 - INFO - Selecting previously unselected package libatomic1:amd64.
2025-07-04 19:13:49,772 - INFO - Preparing to unpack .../060-libatomic1_12.3.0-1ubuntu1~22.04_amd64.deb ...
2025-07-04 19:13:49,777 - INFO - Unpacking libatomic1:amd64 (12.3.0-1ubuntu1~22.04) ...
2025-07-04 19:13:49,825 - INFO - Selecting previously unselected package libasan6:amd64.
2025-07-04 19:13:49,826 - INFO - Preparing to unpack .../061-libasan6_11.4.0-1ubuntu1~22.04_amd64.deb ...
2025-07-04 19:13:49,832 - INFO - Unpacking libasan6:amd64 (11.4.0-1ubuntu1~22.04) ...
2025-07-04 19:13:49,905 - INFO - Selecting previously unselected package liblsan0:amd64.
2025-07-04 19:13:49,906 - INFO - Preparing to unpack .../062-liblsan0_12.3.0-1ubuntu1~22.04_amd64.deb ...
2025-07-04 19:13:49,911 - INFO - Unpacking liblsan0:amd64 (12.3.0-1ubuntu1~22.04) ...
2025-07-04 19:13:49,968 - INFO - Selecting previously unselected package libtsan0:amd64.
2025-07-04 19:13:49,970 - INFO - Preparing to unpack .../063-libtsan0_11.4.0-1ubuntu1~22.04_amd64.deb ...
2025-07-04 19:13:49,975 - INFO - Unpacking libtsan0:amd64 (11.4.0-1ubuntu1~22.04) ...
2025-07-04 19:13:50,044 - INFO - Selecting previously unselected package libubsan1:amd64.
2025-07-04 19:13:50,045 - INFO - Preparing to unpack .../064-libubsan1_12.3.0-1ubuntu1~22.04_amd64.deb ...
2025-07-04 19:13:50,053 - INFO - Unpacking libubsan1:amd64 (12.3.0-1ubuntu1~22.04) ...
2025-07-04 19:13:50,111 - INFO - Selecting previously unselected package libquadmath0:amd64.
2025-07-04 19:13:50,113 - INFO - Preparing to unpack .../065-libquadmath0_12.3.0-1ubuntu1~22.04_amd64.deb ...
2025-07-04 19:13:50,119 - INFO - Unpacking libquadmath0:amd64 (12.3.0-1ubuntu1~22.04) ...
2025-07-04 19:13:50,165 - INFO - Selecting previously unselected package libgcc-11-dev:amd64.
2025-07-04 19:13:50,166 - INFO - Preparing to unpack .../066-libgcc-11-dev_11.4.0-1ubuntu1~22.04_amd64.deb ...
2025-07-04 19:13:50,172 - INFO - Unpacking libgcc-11-dev:amd64 (11.4.0-1ubuntu1~22.04) ...
2025-07-04 19:13:50,310 - INFO - Selecting previously unselected package gcc-11.
2025-07-04 19:13:50,311 - INFO - Preparing to unpack .../067-gcc-11_11.4.0-1ubuntu1~22.04_amd64.deb ...
2025-07-04 19:13:50,317 - INFO - Unpacking gcc-11 (11.4.0-1ubuntu1~22.04) ...
2025-07-04 19:13:50,669 - INFO - Selecting previously unselected package gcc.
2025-07-04 19:13:50,671 - INFO - Preparing to unpack .../068-gcc_4%3a11.2.0-1ubuntu1_amd64.deb ...
2025-07-04 19:13:50,677 - INFO - Unpacking gcc (4:11.2.0-1ubuntu1) ...
2025-07-04 19:13:50,730 - INFO - Selecting previously unselected package libstdc++-11-dev:amd64.
2025-07-04 19:13:50,731 - INFO - Preparing to unpack .../069-libstdc++-11-dev_11.4.0-1ubuntu1~22.04_amd64.deb ...
2025-07-04 19:13:50,737 - INFO - Unpacking libstdc++-11-dev:amd64 (11.4.0-1ubuntu1~22.04) ...
2025-07-04 19:13:50,941 - INFO - Selecting previously unselected package g++-11.
2025-07-04 19:13:50,943 - INFO - Preparing to unpack .../070-g++-11_11.4.0-1ubuntu1~22.04_amd64.deb ...
2025-07-04 19:13:50,950 - INFO - Unpacking g++-11 (11.4.0-1ubuntu1~22.04) ...
2025-07-04 19:13:51,112 - INFO - Selecting previously unselected package g++.
2025-07-04 19:13:51,113 - INFO - Preparing to unpack .../071-g++_4%3a11.2.0-1ubuntu1_amd64.deb ...
2025-07-04 19:13:51,119 - INFO - Unpacking g++ (4:11.2.0-1ubuntu1) ...
2025-07-04 19:13:51,157 - INFO - Selecting previously unselected package make.
2025-07-04 19:13:51,159 - INFO - Preparing to unpack .../072-make_4.3-4.1build1_amd64.deb ...
2025-07-04 19:13:51,166 - INFO - Unpacking make (4.3-4.1build1) ...
2025-07-04 19:13:51,211 - INFO - Selecting previously unselected package libdpkg-perl.
2025-07-04 19:13:51,213 - INFO - Preparing to unpack .../073-libdpkg-perl_1.21.1ubuntu2.3_all.deb ...
2025-07-04 19:13:51,218 - INFO - Unpacking libdpkg-perl (1.21.1ubuntu2.3) ...
2025-07-04 19:13:51,282 - INFO - Selecting previously unselected package bzip2.
2025-07-04 19:13:51,283 - INFO - Preparing to unpack .../074-bzip2_1.0.8-5build1_amd64.deb ...
2025-07-04 19:13:51,289 - INFO - Unpacking bzip2 (1.0.8-5build1) ...
2025-07-04 19:13:51,335 - INFO - Selecting previously unselected package patch.
2025-07-04 19:13:51,336 - INFO - Preparing to unpack .../075-patch_2.7.6-7build2_amd64.deb ...
2025-07-04 19:13:51,344 - INFO - Unpacking patch (2.7.6-7build2) ...
2025-07-04 19:13:51,387 - INFO - Selecting previously unselected package lto-disabled-list.
2025-07-04 19:13:51,389 - INFO - Preparing to unpack .../076-lto-disabled-list_24_all.deb ...
2025-07-04 19:13:51,395 - INFO - Unpacking lto-disabled-list (24) ...
2025-07-04 19:13:51,437 - INFO - Selecting previously unselected package dpkg-dev.
2025-07-04 19:13:51,438 - INFO - Preparing to unpack .../077-dpkg-dev_1.21.1ubuntu2.3_all.deb ...
2025-07-04 19:13:51,443 - INFO - Unpacking dpkg-dev (1.21.1ubuntu2.3) ...
2025-07-04 19:13:51,503 - INFO - Selecting previously unselected package build-essential.
2025-07-04 19:13:51,505 - INFO - Preparing to unpack .../078-build-essential_12.9ubuntu3_amd64.deb ...
2025-07-04 19:13:51,511 - INFO - Unpacking build-essential (12.9ubuntu3) ...
2025-07-04 19:13:51,562 - INFO - Selecting previously unselected package libarchive13:amd64.
2025-07-04 19:13:51,563 - INFO - Preparing to unpack .../079-libarchive13_3.6.0-1ubuntu1.5_amd64.deb ...
2025-07-04 19:13:51,569 - INFO - Unpacking libarchive13:amd64 (3.6.0-1ubuntu1.5) ...
2025-07-04 19:13:51,623 - INFO - Selecting previously unselected package libbrotli1:amd64.
2025-07-04 19:13:51,625 - INFO - Preparing to unpack .../080-libbrotli1_1.0.9-2build6_amd64.deb ...
2025-07-04 19:13:51,630 - INFO - Unpacking libbrotli1:amd64 (1.0.9-2build6) ...
2025-07-04 19:13:51,683 - INFO - Selecting previously unselected package libsasl2-modules-db:amd64.
2025-07-04 19:13:51,685 - INFO - Preparing to unpack .../081-libsasl2-modules-db_2.1.27+dfsg2-3ubuntu1.2_amd64.deb ...
2025-07-04 19:13:51,690 - INFO - Unpacking libsasl2-modules-db:amd64 (2.1.27+dfsg2-3ubuntu1.2) ...
2025-07-04 19:13:51,741 - INFO - Selecting previously unselected package libsasl2-2:amd64.
2025-07-04 19:13:51,743 - INFO - Preparing to unpack .../082-libsasl2-2_2.1.27+dfsg2-3ubuntu1.2_amd64.deb ...
2025-07-04 19:13:51,748 - INFO - Unpacking libsasl2-2:amd64 (2.1.27+dfsg2-3ubuntu1.2) ...
2025-07-04 19:13:51,799 - INFO - Selecting previously unselected package libldap-2.5-0:amd64.
2025-07-04 19:13:51,800 - INFO - Preparing to unpack .../083-libldap-2.5-0_2.5.19+dfsg-0ubuntu0.22.04.1_amd64.deb ...
2025-07-04 19:13:51,828 - INFO - Unpacking libldap-2.5-0:amd64 (2.5.19+dfsg-0ubuntu0.22.04.1) ...
2025-07-04 19:13:51,878 - INFO - Selecting previously unselected package librtmp1:amd64.
2025-07-04 19:13:51,879 - INFO - Preparing to unpack .../084-librtmp1_2.4+20151223.gitfa8646d.1-2build4_amd64.deb ...
2025-07-04 19:13:51,886 - INFO - Unpacking librtmp1:amd64 (2.4+20151223.gitfa8646d.1-2build4) ...
2025-07-04 19:13:51,938 - INFO - Selecting previously unselected package libssh-4:amd64.
2025-07-04 19:13:51,939 - INFO - Preparing to unpack .../085-libssh-4_0.9.6-2ubuntu0.22.04.3_amd64.deb ...
2025-07-04 19:13:51,946 - INFO - Unpacking libssh-4:amd64 (0.9.6-2ubuntu0.22.04.3) ...
2025-07-04 19:13:51,996 - INFO - Selecting previously unselected package libcurl4:amd64.
2025-07-04 19:13:51,997 - INFO - Preparing to unpack .../086-libcurl4_7.81.0-1ubuntu1.20_amd64.deb ...
2025-07-04 19:13:52,003 - INFO - Unpacking libcurl4:amd64 (7.81.0-1ubuntu1.20) ...
2025-07-04 19:13:52,051 - INFO - Selecting previously unselected package libjsoncpp25:amd64.
2025-07-04 19:13:52,052 - INFO - Preparing to unpack .../087-libjsoncpp25_1.9.5-3_amd64.deb ...
2025-07-04 19:13:52,058 - INFO - Unpacking libjsoncpp25:amd64 (1.9.5-3) ...
2025-07-04 19:13:52,113 - INFO - Selecting previously unselected package librhash0:amd64.
2025-07-04 19:13:52,114 - INFO - Preparing to unpack .../088-librhash0_1.4.2-1ubuntu1_amd64.deb ...
2025-07-04 19:13:52,121 - INFO - Unpacking librhash0:amd64 (1.4.2-1ubuntu1) ...
2025-07-04 19:13:52,164 - INFO - Selecting previously unselected package dh-elpa-helper.
2025-07-04 19:13:52,165 - INFO - Preparing to unpack .../089-dh-elpa-helper_2.0.9ubuntu1_all.deb ...
2025-07-04 19:13:52,171 - INFO - Unpacking dh-elpa-helper (2.0.9ubuntu1) ...
2025-07-04 19:13:52,225 - INFO - Selecting previously unselected package emacsen-common.
2025-07-04 19:13:52,226 - INFO - Preparing to unpack .../090-emacsen-common_3.0.4_all.deb ...
2025-07-04 19:13:52,242 - INFO - Unpacking emacsen-common (3.0.4) ...
2025-07-04 19:13:52,302 - INFO - Selecting previously unselected package cmake-data.
2025-07-04 19:13:52,303 - INFO - Preparing to unpack .../091-cmake-data_3.22.1-1ubuntu1.22.04.2_all.deb ...
2025-07-04 19:13:52,314 - INFO - Unpacking cmake-data (3.22.1-1ubuntu1.22.04.2) ...
2025-07-04 19:13:52,846 - INFO - Selecting previously unselected package cmake.
2025-07-04 19:13:52,849 - INFO - Preparing to unpack .../092-cmake_3.22.1-1ubuntu1.22.04.2_amd64.deb ...
2025-07-04 19:13:52,855 - INFO - Unpacking cmake (3.22.1-1ubuntu1.22.04.2) ...
2025-07-04 19:13:52,991 - INFO - Selecting previously unselected package libassuan0:amd64.
2025-07-04 19:13:52,993 - INFO - Preparing to unpack .../093-libassuan0_2.5.5-1build1_amd64.deb ...
2025-07-04 19:13:53,000 - INFO - Unpacking libassuan0:amd64 (2.5.5-1build1) ...
2025-07-04 19:13:53,042 - INFO - Selecting previously unselected package gpgconf.
2025-07-04 19:13:53,044 - INFO - Preparing to unpack .../094-gpgconf_2.2.27-3ubuntu2.3_amd64.deb ...
2025-07-04 19:13:53,050 - INFO - Unpacking gpgconf (2.2.27-3ubuntu2.3) ...
2025-07-04 19:13:53,102 - INFO - Selecting previously unselected package libksba8:amd64.
2025-07-04 19:13:53,104 - INFO - Preparing to unpack .../095-libksba8_1.6.0-2ubuntu0.2_amd64.deb ...
2025-07-04 19:13:53,109 - INFO - Unpacking libksba8:amd64 (1.6.0-2ubuntu0.2) ...
2025-07-04 19:13:53,166 - INFO - Selecting previously unselected package libnpth0:amd64.
2025-07-04 19:13:53,168 - INFO - Preparing to unpack .../096-libnpth0_1.6-3build2_amd64.deb ...
2025-07-04 19:13:53,175 - INFO - Unpacking libnpth0:amd64 (1.6-3build2) ...
2025-07-04 19:13:53,228 - INFO - Selecting previously unselected package dirmngr.
2025-07-04 19:13:53,230 - INFO - Preparing to unpack .../097-dirmngr_2.2.27-3ubuntu2.3_amd64.deb ...
2025-07-04 19:13:53,252 - INFO - Unpacking dirmngr (2.2.27-3ubuntu2.3) ...
2025-07-04 19:13:53,312 - INFO - Selecting previously unselected package libfakeroot:amd64.
2025-07-04 19:13:53,314 - INFO - Preparing to unpack .../098-libfakeroot_1.28-1ubuntu1_amd64.deb ...
2025-07-04 19:13:53,320 - INFO - Unpacking libfakeroot:amd64 (1.28-1ubuntu1) ...
2025-07-04 19:13:53,376 - INFO - Selecting previously unselected package fakeroot.
2025-07-04 19:13:53,377 - INFO - Preparing to unpack .../099-fakeroot_1.28-1ubuntu1_amd64.deb ...
2025-07-04 19:13:53,384 - INFO - Unpacking fakeroot (1.28-1ubuntu1) ...
2025-07-04 19:13:53,433 - INFO - Selecting previously unselected package fonts-dejavu-core.
2025-07-04 19:13:53,435 - INFO - Preparing to unpack .../100-fonts-dejavu-core_2.37-2build1_all.deb ...
2025-07-04 19:13:53,443 - INFO - Unpacking fonts-dejavu-core (2.37-2build1) ...
2025-07-04 19:13:53,565 - INFO - Selecting previously unselected package fontconfig-config.
2025-07-04 19:13:53,568 - INFO - Preparing to unpack .../101-fontconfig-config_2.13.1-4.2ubuntu5_all.deb ...
2025-07-04 19:13:53,574 - INFO - Unpacking fontconfig-config (2.13.1-4.2ubuntu5) ...
2025-07-04 19:13:53,637 - INFO - Selecting previously unselected package libcurl3-gnutls:amd64.
2025-07-04 19:13:53,639 - INFO - Preparing to unpack .../102-libcurl3-gnutls_7.81.0-1ubuntu1.20_amd64.deb ...
2025-07-04 19:13:53,646 - INFO - Unpacking libcurl3-gnutls:amd64 (7.81.0-1ubuntu1.20) ...
2025-07-04 19:13:53,700 - INFO - Selecting previously unselected package liberror-perl.
2025-07-04 19:13:53,702 - INFO - Preparing to unpack .../103-liberror-perl_0.17029-1_all.deb ...
2025-07-04 19:13:53,709 - INFO - Unpacking liberror-perl (0.17029-1) ...
2025-07-04 19:13:53,756 - INFO - Selecting previously unselected package git-man.
2025-07-04 19:13:53,759 - INFO - Preparing to unpack .../104-git-man_1%3a2.34.1-1ubuntu1.12_all.deb ...
2025-07-04 19:13:53,765 - INFO - Unpacking git-man (1:2.34.1-1ubuntu1.12) ...
2025-07-04 19:13:53,843 - INFO - Selecting previously unselected package git.
2025-07-04 19:13:53,846 - INFO - Preparing to unpack .../105-git_1%3a2.34.1-1ubuntu1.12_amd64.deb ...
2025-07-04 19:13:53,859 - INFO - Unpacking git (1:2.34.1-1ubuntu1.12) ...
2025-07-04 19:13:54,017 - INFO - Selecting previously unselected package gnupg-l10n.
2025-07-04 19:13:54,019 - INFO - Preparing to unpack .../106-gnupg-l10n_2.2.27-3ubuntu2.3_all.deb ...
2025-07-04 19:13:54,025 - INFO - Unpacking gnupg-l10n (2.2.27-3ubuntu2.3) ...
2025-07-04 19:13:54,070 - INFO - Selecting previously unselected package gnupg-utils.
2025-07-04 19:13:54,072 - INFO - Preparing to unpack .../107-gnupg-utils_2.2.27-3ubuntu2.3_amd64.deb ...
2025-07-04 19:13:54,077 - INFO - Unpacking gnupg-utils (2.2.27-3ubuntu2.3) ...
2025-07-04 19:13:54,122 - INFO - Selecting previously unselected package gpg.
2025-07-04 19:13:54,123 - INFO - Preparing to unpack .../108-gpg_2.2.27-3ubuntu2.3_amd64.deb ...
2025-07-04 19:13:54,129 - INFO - Unpacking gpg (2.2.27-3ubuntu2.3) ...
2025-07-04 19:13:54,186 - INFO - Selecting previously unselected package pinentry-curses.
2025-07-04 19:13:54,188 - INFO - Preparing to unpack .../109-pinentry-curses_1.1.1-1build2_amd64.deb ...
2025-07-04 19:13:54,194 - INFO - Unpacking pinentry-curses (1.1.1-1build2) ...
2025-07-04 19:13:54,244 - INFO - Selecting previously unselected package gpg-agent.
2025-07-04 19:13:54,246 - INFO - Preparing to unpack .../110-gpg-agent_2.2.27-3ubuntu2.3_amd64.deb ...
2025-07-04 19:13:54,253 - INFO - Unpacking gpg-agent (2.2.27-3ubuntu2.3) ...
2025-07-04 19:13:54,308 - INFO - Selecting previously unselected package gpg-wks-client.
2025-07-04 19:13:54,311 - INFO - Preparing to unpack .../111-gpg-wks-client_2.2.27-3ubuntu2.3_amd64.deb ...
2025-07-04 19:13:54,316 - INFO - Unpacking gpg-wks-client (2.2.27-3ubuntu2.3) ...
2025-07-04 19:13:54,357 - INFO - Selecting previously unselected package gpg-wks-server.
2025-07-04 19:13:54,358 - INFO - Preparing to unpack .../112-gpg-wks-server_2.2.27-3ubuntu2.3_amd64.deb ...
2025-07-04 19:13:54,364 - INFO - Unpacking gpg-wks-server (2.2.27-3ubuntu2.3) ...
2025-07-04 19:13:54,405 - INFO - Selecting previously unselected package gpgsm.
2025-07-04 19:13:54,407 - INFO - Preparing to unpack .../113-gpgsm_2.2.27-3ubuntu2.3_amd64.deb ...
2025-07-04 19:13:54,412 - INFO - Unpacking gpgsm (2.2.27-3ubuntu2.3) ...
2025-07-04 19:13:54,454 - INFO - Selecting previously unselected package gnupg.
2025-07-04 19:13:54,456 - INFO - Preparing to unpack .../114-gnupg_2.2.27-3ubuntu2.3_all.deb ...
2025-07-04 19:13:54,463 - INFO - Unpacking gnupg (2.2.27-3ubuntu2.3) ...
2025-07-04 19:13:54,507 - INFO - Selecting previously unselected package libalgorithm-diff-perl.
2025-07-04 19:13:54,508 - INFO - Preparing to unpack .../115-libalgorithm-diff-perl_1.201-1_all.deb ...
2025-07-04 19:13:54,514 - INFO - Unpacking libalgorithm-diff-perl (1.201-1) ...
2025-07-04 19:13:54,558 - INFO - Selecting previously unselected package libalgorithm-diff-xs-perl.
2025-07-04 19:13:54,560 - INFO - Preparing to unpack .../116-libalgorithm-diff-xs-perl_0.04-6build3_amd64.deb ...
2025-07-04 19:13:54,566 - INFO - Unpacking libalgorithm-diff-xs-perl (0.04-6build3) ...
2025-07-04 19:13:54,611 - INFO - Selecting previously unselected package libalgorithm-merge-perl.
2025-07-04 19:13:54,614 - INFO - Preparing to unpack .../117-libalgorithm-merge-perl_0.08-3_all.deb ...
2025-07-04 19:13:54,622 - INFO - Unpacking libalgorithm-merge-perl (0.08-3) ...
2025-07-04 19:13:54,675 - INFO - Selecting previously unselected package libfreetype6:amd64.
2025-07-04 19:13:54,676 - INFO - Preparing to unpack .../118-libfreetype6_2.11.1+dfsg-1ubuntu0.3_amd64.deb ...
2025-07-04 19:13:54,682 - INFO - Unpacking libfreetype6:amd64 (2.11.1+dfsg-1ubuntu0.3) ...
2025-07-04 19:13:54,733 - INFO - Selecting previously unselected package libfontconfig1:amd64.
2025-07-04 19:13:54,735 - INFO - Preparing to unpack .../119-libfontconfig1_2.13.1-4.2ubuntu5_amd64.deb ...
2025-07-04 19:13:54,741 - INFO - Unpacking libfontconfig1:amd64 (2.13.1-4.2ubuntu5) ...
2025-07-04 19:13:54,792 - INFO - Selecting previously unselected package libjpeg-turbo8:amd64.
2025-07-04 19:13:54,794 - INFO - Preparing to unpack .../120-libjpeg-turbo8_2.1.2-0ubuntu1_amd64.deb ...
2025-07-04 19:13:54,800 - INFO - Unpacking libjpeg-turbo8:amd64 (2.1.2-0ubuntu1) ...
2025-07-04 19:13:54,841 - INFO - Selecting previously unselected package libjpeg8:amd64.
2025-07-04 19:13:54,843 - INFO - Preparing to unpack .../121-libjpeg8_8c-2ubuntu10_amd64.deb ...
2025-07-04 19:13:54,848 - INFO - Unpacking libjpeg8:amd64 (8c-2ubuntu10) ...
2025-07-04 19:13:54,899 - INFO - Selecting previously unselected package libdeflate0:amd64.
2025-07-04 19:13:54,902 - INFO - Preparing to unpack .../122-libdeflate0_1.10-2_amd64.deb ...
2025-07-04 19:13:54,908 - INFO - Unpacking libdeflate0:amd64 (1.10-2) ...
2025-07-04 19:13:54,963 - INFO - Selecting previously unselected package libjbig0:amd64.
2025-07-04 19:13:54,964 - INFO - Preparing to unpack .../123-libjbig0_2.1-3.1ubuntu0.22.04.1_amd64.deb ...
2025-07-04 19:13:54,971 - INFO - Unpacking libjbig0:amd64 (2.1-3.1ubuntu0.22.04.1) ...
2025-07-04 19:13:55,016 - INFO - Selecting previously unselected package libwebp7:amd64.
2025-07-04 19:13:55,018 - INFO - Preparing to unpack .../124-libwebp7_1.2.2-2ubuntu0.22.04.2_amd64.deb ...
2025-07-04 19:13:55,024 - INFO - Unpacking libwebp7:amd64 (1.2.2-2ubuntu0.22.04.2) ...
2025-07-04 19:13:55,079 - INFO - Selecting previously unselected package libtiff5:amd64.
2025-07-04 19:13:55,080 - INFO - Preparing to unpack .../125-libtiff5_4.3.0-6ubuntu0.10_amd64.deb ...
2025-07-04 19:13:55,086 - INFO - Unpacking libtiff5:amd64 (4.3.0-6ubuntu0.10) ...
2025-07-04 19:13:55,136 - INFO - Selecting previously unselected package libxpm4:amd64.
2025-07-04 19:13:55,138 - INFO - Preparing to unpack .../126-libxpm4_1%3a3.5.12-1ubuntu0.22.04.2_amd64.deb ...
2025-07-04 19:13:55,146 - INFO - Unpacking libxpm4:amd64 (1:3.5.12-1ubuntu0.22.04.2) ...
2025-07-04 19:13:55,197 - INFO - Selecting previously unselected package libgd3:amd64.
2025-07-04 19:13:55,198 - INFO - Preparing to unpack .../127-libgd3_2.3.0-2ubuntu2.3_amd64.deb ...
2025-07-04 19:13:55,206 - INFO - Unpacking libgd3:amd64 (2.3.0-2ubuntu2.3) ...
2025-07-04 19:13:55,249 - INFO - Selecting previously unselected package libc-devtools.
2025-07-04 19:13:55,251 - INFO - Preparing to unpack .../128-libc-devtools_2.35-0ubuntu3.10_amd64.deb ...
2025-07-04 19:13:55,258 - INFO - Unpacking libc-devtools (2.35-0ubuntu3.10) ...
2025-07-04 19:13:55,302 - INFO - Selecting previously unselected package libfile-fcntllock-perl.
2025-07-04 19:13:55,304 - INFO - Preparing to unpack .../129-libfile-fcntllock-perl_0.22-3build7_amd64.deb ...
2025-07-04 19:13:55,310 - INFO - Unpacking libfile-fcntllock-perl (0.22-3build7) ...
2025-07-04 19:13:55,363 - INFO - Selecting previously unselected package libldap-common.
2025-07-04 19:13:55,364 - INFO - Preparing to unpack .../130-libldap-common_2.5.19+dfsg-0ubuntu0.22.04.1_all.deb ...
2025-07-04 19:13:55,373 - INFO - Unpacking libldap-common (2.5.19+dfsg-0ubuntu0.22.04.1) ...
2025-07-04 19:13:55,421 - INFO - Selecting previously unselected package libsasl2-modules:amd64.
2025-07-04 19:13:55,422 - INFO - Preparing to unpack .../131-libsasl2-modules_2.1.27+dfsg2-3ubuntu1.2_amd64.deb ...
2025-07-04 19:13:55,428 - INFO - Unpacking libsasl2-modules:amd64 (2.1.27+dfsg2-3ubuntu1.2) ...
2025-07-04 19:13:55,472 - INFO - Selecting previously unselected package manpages-dev.
2025-07-04 19:13:55,473 - INFO - Preparing to unpack .../132-manpages-dev_5.10-1ubuntu1_all.deb ...
2025-07-04 19:13:55,479 - INFO - Unpacking manpages-dev (5.10-1ubuntu1) ...
2025-07-04 19:13:55,684 - INFO - Selecting previously unselected package ninja-build.
2025-07-04 19:13:55,686 - INFO - Preparing to unpack .../133-ninja-build_1.10.1-1_amd64.deb ...
2025-07-04 19:13:55,693 - INFO - Unpacking ninja-build (1.10.1-1) ...
2025-07-04 19:13:55,757 - INFO - Setting up libksba8:amd64 (1.6.0-2ubuntu0.2) ...
2025-07-04 19:13:55,773 - INFO - Setting up libexpat1:amd64 (2.4.7-1ubuntu0.6) ...
2025-07-04 19:13:55,788 - INFO - Setting up gcc-11-base:amd64 (11.4.0-1ubuntu1~22.04) ...
2025-07-04 19:13:55,804 - INFO - Setting up libxau6:amd64 (1:1.0.9-1build5) ...
2025-07-04 19:13:55,825 - INFO - Setting up lto-disabled-list (24) ...
2025-07-04 19:13:55,843 - INFO - Setting up libpsl5:amd64 (0.21.0-1.2build2) ...
2025-07-04 19:13:55,861 - INFO - Setting up manpages (5.10-1ubuntu1) ...
2025-07-04 19:13:55,878 - INFO - Setting up libcbor0.8:amd64 (0.8.0-2ubuntu1) ...
2025-07-04 19:13:55,894 - INFO - Setting up libbrotli1:amd64 (1.0.9-2build6) ...
2025-07-04 19:13:55,910 - INFO - Setting up libsqlite3-0:amd64 (3.37.2-2ubuntu0.4) ...
2025-07-04 19:13:55,929 - INFO - Setting up libsasl2-modules:amd64 (2.1.27+dfsg2-3ubuntu1.2) ...
2025-07-04 19:13:55,958 - INFO - Setting up binutils-common:amd64 (2.38-4ubuntu2.8) ...
2025-07-04 19:13:55,978 - INFO - Setting up libnghttp2-14:amd64 (1.43.0-1ubuntu0.2) ...
2025-07-04 19:13:55,997 - INFO - Setting up libdeflate0:amd64 (1.10-2) ...
2025-07-04 19:13:56,015 - INFO - Setting up less (590-1ubuntu0.22.04.3) ...
2025-07-04 19:13:56,057 - INFO - Setting up linux-libc-dev:amd64 (5.15.0-143.153) ...
2025-07-04 19:13:56,076 - INFO - Setting up libctf-nobfd0:amd64 (2.38-4ubuntu2.8) ...
2025-07-04 19:13:56,094 - INFO - Setting up libnpth0:amd64 (1.6-3build2) ...
2025-07-04 19:13:56,111 - INFO - Setting up libassuan0:amd64 (2.5.5-1build1) ...
2025-07-04 19:13:56,128 - INFO - Setting up libgomp1:amd64 (12.3.0-1ubuntu1~22.04) ...
2025-07-04 19:13:56,145 - INFO - Setting up perl-modules-5.34 (5.34.0-3ubuntu1.4) ...
2025-07-04 19:13:56,169 - INFO - Setting up bzip2 (1.0.8-5build1) ...
2025-07-04 19:13:56,186 - INFO - Setting up libldap-common (2.5.19+dfsg-0ubuntu0.22.04.1) ...
2025-07-04 19:13:56,211 - INFO - Setting up libjbig0:amd64 (2.1-3.1ubuntu0.22.04.1) ...
2025-07-04 19:13:56,228 - INFO - Setting up libfakeroot:amd64 (1.28-1ubuntu1) ...
2025-07-04 19:13:56,252 - INFO - Setting up ninja-build (1.10.1-1) ...
2025-07-04 19:13:56,276 - INFO - Setting up libasan6:amd64 (11.4.0-1ubuntu1~22.04) ...
2025-07-04 19:13:56,295 - INFO - Setting up libsasl2-modules-db:amd64 (2.1.27+dfsg2-3ubuntu1.2) ...
2025-07-04 19:13:56,315 - INFO - Setting up fakeroot (1.28-1ubuntu1) ...
2025-07-04 19:13:56,329 - INFO - update-alternatives: using /usr/bin/fakeroot-sysv to provide /usr/bin/fakeroot (fakeroot) in auto mode
2025-07-04 19:13:56,329 - INFO - update-alternatives: warning: skip creation of /usr/share/man/man1/fakeroot.1.gz because associated file /usr/share/man/man1/fakeroot-sysv.1.gz (of link group fakeroot) doesn't exist
2025-07-04 19:13:56,329 - INFO - update-alternatives: warning: skip creation of /usr/share/man/man1/faked.1.gz because associated file /usr/share/man/man1/faked-sysv.1.gz (of link group fakeroot) doesn't exist
2025-07-04 19:13:56,330 - INFO - update-alternatives: warning: skip creation of /usr/share/man/es/man1/fakeroot.1.gz because associated file /usr/share/man/es/man1/fakeroot-sysv.1.gz (of link group fakeroot) doesn't exist
2025-07-04 19:13:56,330 - INFO - update-alternatives: warning: skip creation of /usr/share/man/es/man1/faked.1.gz because associated file /usr/share/man/es/man1/faked-sysv.1.gz (of link group fakeroot) doesn't exist
2025-07-04 19:13:56,330 - INFO - update-alternatives: warning: skip creation of /usr/share/man/fr/man1/fakeroot.1.gz because associated file /usr/share/man/fr/man1/fakeroot-sysv.1.gz (of link group fakeroot) doesn't exist
2025-07-04 19:13:56,330 - INFO - update-alternatives: warning: skip creation of /usr/share/man/fr/man1/faked.1.gz because associated file /usr/share/man/fr/man1/faked-sysv.1.gz (of link group fakeroot) doesn't exist
2025-07-04 19:13:56,330 - INFO - update-alternatives: warning: skip creation of /usr/share/man/sv/man1/fakeroot.1.gz because associated file /usr/share/man/sv/man1/fakeroot-sysv.1.gz (of link group fakeroot) doesn't exist
2025-07-04 19:13:56,330 - INFO - update-alternatives: warning: skip creation of /usr/share/man/sv/man1/faked.1.gz because associated file /usr/share/man/sv/man1/faked-sysv.1.gz (of link group fakeroot) doesn't exist
2025-07-04 19:13:56,344 - INFO - Setting up libtirpc-dev:amd64 (1.3.2-2ubuntu0.1) ...
2025-07-04 19:13:56,361 - INFO - Setting up libuv1:amd64 (1.43.0-1ubuntu0.1) ...
2025-07-04 19:13:56,381 - INFO - Setting up rpcsvc-proto (1.4.2-0ubuntu6) ...
2025-07-04 19:13:56,399 - INFO - Setting up emacsen-common (3.0.4) ...
2025-07-04 19:13:56,449 - INFO - Setting up libx11-data (2:1.7.5-1ubuntu0.3) ...
2025-07-04 19:13:56,468 - INFO - Setting up make (4.3-4.1build1) ...
2025-07-04 19:13:56,485 - INFO - Setting up libmpfr6:amd64 (4.1.0-3build3) ...
2025-07-04 19:13:56,503 - INFO - Setting up gnupg-l10n (2.2.27-3ubuntu2.3) ...
2025-07-04 19:13:56,526 - INFO - Setting up librtmp1:amd64 (2.4+20151223.gitfa8646d.1-2build4) ...
2025-07-04 19:13:56,546 - INFO - Setting up dh-elpa-helper (2.0.9ubuntu1) ...
2025-07-04 19:13:56,562 - INFO - Setting up xz-utils (5.2.5-2ubuntu1) ...
2025-07-04 19:13:56,575 - INFO - update-alternatives: using /usr/bin/xz to provide /usr/bin/lzma (lzma) in auto mode
2025-07-04 19:13:56,575 - INFO - update-alternatives: warning: skip creation of /usr/share/man/man1/lzma.1.gz because associated file /usr/share/man/man1/xz.1.gz (of link group lzma) doesn't exist
2025-07-04 19:13:56,575 - INFO - update-alternatives: warning: skip creation of /usr/share/man/man1/unlzma.1.gz because associated file /usr/share/man/man1/unxz.1.gz (of link group lzma) doesn't exist
2025-07-04 19:13:56,575 - INFO - update-alternatives: warning: skip creation of /usr/share/man/man1/lzcat.1.gz because associated file /usr/share/man/man1/xzcat.1.gz (of link group lzma) doesn't exist
2025-07-04 19:13:56,575 - INFO - update-alternatives: warning: skip creation of /usr/share/man/man1/lzmore.1.gz because associated file /usr/share/man/man1/xzmore.1.gz (of link group lzma) doesn't exist
2025-07-04 19:13:56,575 - INFO - update-alternatives: warning: skip creation of /usr/share/man/man1/lzless.1.gz because associated file /usr/share/man/man1/xzless.1.gz (of link group lzma) doesn't exist
2025-07-04 19:13:56,575 - INFO - update-alternatives: warning: skip creation of /usr/share/man/man1/lzdiff.1.gz because associated file /usr/share/man/man1/xzdiff.1.gz (of link group lzma) doesn't exist
2025-07-04 19:13:56,575 - INFO - update-alternatives: warning: skip creation of /usr/share/man/man1/lzcmp.1.gz because associated file /usr/share/man/man1/xzcmp.1.gz (of link group lzma) doesn't exist
2025-07-04 19:13:56,575 - INFO - update-alternatives: warning: skip creation of /usr/share/man/man1/lzgrep.1.gz because associated file /usr/share/man/man1/xzgrep.1.gz (of link group lzma) doesn't exist
2025-07-04 19:13:56,575 - INFO - update-alternatives: warning: skip creation of /usr/share/man/man1/lzegrep.1.gz because associated file /usr/share/man/man1/xzegrep.1.gz (of link group lzma) doesn't exist
2025-07-04 19:13:56,575 - INFO - update-alternatives: warning: skip creation of /usr/share/man/man1/lzfgrep.1.gz because associated file /usr/share/man/man1/xzfgrep.1.gz (of link group lzma) doesn't exist
2025-07-04 19:13:56,585 - INFO - Setting up libquadmath0:amd64 (12.3.0-1ubuntu1~22.04) ...
2025-07-04 19:13:56,600 - INFO - Setting up libpng16-16:amd64 (1.6.37-3build5) ...
2025-07-04 19:13:56,618 - INFO - Setting up libmpc3:amd64 (1.2.1-2build1) ...
2025-07-04 19:13:56,636 - INFO - Setting up libatomic1:amd64 (12.3.0-1ubuntu1~22.04) ...
2025-07-04 19:13:56,653 - INFO - Setting up patch (2.7.6-7build2) ...
2025-07-04 19:13:56,669 - INFO - Setting up libjsoncpp25:amd64 (1.9.5-3) ...
2025-07-04 19:13:56,685 - INFO - Setting up fonts-dejavu-core (2.37-2build1) ...
2025-07-04 19:13:56,777 - INFO - Setting up ucf (3.0043) ...
2025-07-04 19:13:56,884 - INFO - Setting up libjpeg-turbo8:amd64 (2.1.2-0ubuntu1) ...
2025-07-04 19:13:56,901 - INFO - Setting up libsasl2-2:amd64 (2.1.27+dfsg2-3ubuntu1.2) ...
2025-07-04 19:13:56,916 - INFO - Setting up libssh-4:amd64 (0.9.6-2ubuntu0.22.04.3) ...
2025-07-04 19:13:56,931 - INFO - Setting up libwebp7:amd64 (1.2.2-2ubuntu0.22.04.2) ...
2025-07-04 19:13:56,946 - INFO - Setting up libubsan1:amd64 (12.3.0-1ubuntu1~22.04) ...
2025-07-04 19:13:56,961 - INFO - Setting up libmd0:amd64 (1.0.4-1build1) ...
2025-07-04 19:13:56,980 - INFO - Setting up libnsl-dev:amd64 (1.3.0-2build2) ...
2025-07-04 19:13:56,998 - INFO - Setting up librhash0:amd64 (1.4.2-1ubuntu1) ...
2025-07-04 19:13:57,016 - INFO - Setting up libcrypt-dev:amd64 (1:4.4.27-1) ...
2025-07-04 19:13:57,033 - INFO - Setting up git-man (1:2.34.1-1ubuntu1.12) ...
2025-07-04 19:13:57,051 - INFO - Setting up netbase (6.3) ...
2025-07-04 19:13:57,101 - INFO - Setting up cmake-data (3.22.1-1ubuntu1.22.04.2) ...
2025-07-04 19:13:57,156 - INFO - Setting up libbinutils:amd64 (2.38-4ubuntu2.8) ...
2025-07-04 19:13:57,173 - INFO - Setting up libfido2-1:amd64 (1.10.0-1) ...
2025-07-04 19:13:57,190 - INFO - Setting up libisl23:amd64 (0.24-2build1) ...
2025-07-04 19:13:57,206 - INFO - Setting up libc-dev-bin (2.35-0ubuntu3.10) ...
2025-07-04 19:13:57,225 - INFO - Setting up openssl (3.0.2-0ubuntu1.19) ...
2025-07-04 19:13:57,250 - INFO - Setting up libbsd0:amd64 (0.11.5-1) ...
2025-07-04 19:13:57,267 - INFO - Setting up readline-common (8.1.2-1) ...
2025-07-04 19:13:57,285 - INFO - Setting up publicsuffix (20211207.1025-1) ...
2025-07-04 19:13:57,300 - INFO - Setting up libcc1-0:amd64 (12.3.0-1ubuntu1~22.04) ...
2025-07-04 19:13:57,316 - INFO - Setting up liblocale-gettext-perl (1.07-4build3) ...
2025-07-04 19:13:57,340 - INFO - Setting up liblsan0:amd64 (12.3.0-1ubuntu1~22.04) ...
2025-07-04 19:13:57,361 - INFO - Setting up libitm1:amd64 (12.3.0-1ubuntu1~22.04) ...
2025-07-04 19:13:57,383 - INFO - Setting up libgdbm6:amd64 (1.23-1) ...
2025-07-04 19:13:57,407 - INFO - Setting up libicu70:amd64 (70.1-2) ...
2025-07-04 19:13:57,428 - INFO - Setting up libtsan0:amd64 (11.4.0-1ubuntu1~22.04) ...
2025-07-04 19:13:57,451 - INFO - Setting up libctf0:amd64 (2.38-4ubuntu2.8) ...
2025-07-04 19:13:57,473 - INFO - Setting up libjpeg8:amd64 (8c-2ubuntu10) ...
2025-07-04 19:13:57,512 - INFO - Setting up pinentry-curses (1.1.1-1build2) ...
2025-07-04 19:13:57,536 - INFO - Setting up cpp-11 (11.4.0-1ubuntu1~22.04) ...
2025-07-04 19:13:57,552 - INFO - Setting up manpages-dev (5.10-1ubuntu1) ...
2025-07-04 19:13:57,573 - INFO - Setting up libxdmcp6:amd64 (1:1.1.3-0ubuntu5) ...
2025-07-04 19:13:57,592 - INFO - Setting up libxcb1:amd64 (1.14-3ubuntu3) ...
2025-07-04 19:13:57,611 - INFO - Setting up fontconfig-config (2.13.1-4.2ubuntu5) ...
2025-07-04 19:13:57,905 - INFO - Setting up libedit2:amd64 (3.1-20210910-1build1) ...
2025-07-04 19:13:57,920 - INFO - Setting up libreadline8:amd64 (8.1.2-1) ...
2025-07-04 19:13:57,937 - INFO - Setting up libldap-2.5-0:amd64 (2.5.19+dfsg-0ubuntu0.22.04.1) ...
2025-07-04 19:13:57,955 - INFO - Setting up ca-certificates (20240203~22.04.1) ...
2025-07-04 19:13:58,573 - INFO - Updating certificates in /etc/ssl/certs...
2025-07-04 19:13:59,467 - INFO - 146 added, 0 removed; done.
2025-07-04 19:13:59,519 - INFO - Setting up libfreetype6:amd64 (2.11.1+dfsg-1ubuntu0.3) ...
2025-07-04 19:13:59,539 - INFO - Setting up libgdbm-compat4:amd64 (1.23-1) ...
2025-07-04 19:13:59,562 - INFO - Setting up libgcc-11-dev:amd64 (11.4.0-1ubuntu1~22.04) ...
2025-07-04 19:13:59,585 - INFO - Setting up cpp (4:11.2.0-1ubuntu1) ...
2025-07-04 19:13:59,619 - INFO - Setting up gpgconf (2.2.27-3ubuntu2.3) ...
2025-07-04 19:13:59,645 - INFO - Setting up libcurl4:amd64 (7.81.0-1ubuntu1.20) ...
2025-07-04 19:13:59,669 - INFO - Setting up libc6-dev:amd64 (2.35-0ubuntu3.10) ...
2025-07-04 19:13:59,693 - INFO - Setting up libx11-6:amd64 (2:1.7.5-1ubuntu0.3) ...
2025-07-04 19:13:59,714 - INFO - Setting up libtiff5:amd64 (4.3.0-6ubuntu0.10) ...
2025-07-04 19:13:59,736 - INFO - Setting up libfontconfig1:amd64 (2.13.1-4.2ubuntu5) ...
2025-07-04 19:13:59,758 - INFO - Setting up libxml2:amd64 (2.9.13+dfsg-1ubuntu0.7) ...
2025-07-04 19:13:59,783 - INFO - Setting up libxmuu1:amd64 (2:1.1.3-3) ...
2025-07-04 19:13:59,804 - INFO - Setting up gpg (2.2.27-3ubuntu2.3) ...
2025-07-04 19:13:59,826 - INFO - Setting up gnupg-utils (2.2.27-3ubuntu2.3) ...
2025-07-04 19:13:59,847 - INFO - Setting up binutils-x86-64-linux-gnu (2.38-4ubuntu2.8) ...
2025-07-04 19:13:59,868 - INFO - Setting up libperl5.34:amd64 (5.34.0-3ubuntu1.4) ...
2025-07-04 19:13:59,891 - INFO - Setting up gpg-agent (2.2.27-3ubuntu2.3) ...
2025-07-04 19:14:00,323 - INFO - Setting up libxpm4:amd64 (1:3.5.12-1ubuntu0.22.04.2) ...
2025-07-04 19:14:00,345 - INFO - Setting up libarchive13:amd64 (3.6.0-1ubuntu1.5) ...
2025-07-04 19:14:00,368 - INFO - Setting up openssh-client (1:8.9p1-3ubuntu0.13) ...
2025-07-04 19:14:00,470 - INFO - update-alternatives: using /usr/bin/ssh to provide /usr/bin/rsh (rsh) in auto mode
2025-07-04 19:14:00,470 - INFO - update-alternatives: warning: skip creation of /usr/share/man/man1/rsh.1.gz because associated file /usr/share/man/man1/ssh.1.gz (of link group rsh) doesn't exist
2025-07-04 19:14:00,476 - INFO - update-alternatives: using /usr/bin/slogin to provide /usr/bin/rlogin (rlogin) in auto mode
2025-07-04 19:14:00,477 - INFO - update-alternatives: warning: skip creation of /usr/share/man/man1/rlogin.1.gz because associated file /usr/share/man/man1/slogin.1.gz (of link group rlogin) doesn't exist
2025-07-04 19:14:00,481 - INFO - update-alternatives: using /usr/bin/scp to provide /usr/bin/rcp (rcp) in auto mode
2025-07-04 19:14:00,481 - INFO - update-alternatives: warning: skip creation of /usr/share/man/man1/rcp.1.gz because associated file /usr/share/man/man1/scp.1.gz (of link group rcp) doesn't exist
2025-07-04 19:14:00,495 - INFO - Setting up gpgsm (2.2.27-3ubuntu2.3) ...
2025-07-04 19:14:00,513 - INFO - Setting up libxext6:amd64 (2:1.3.4-1build1) ...
2025-07-04 19:14:00,535 - INFO - Setting up libcurl3-gnutls:amd64 (7.81.0-1ubuntu1.20) ...
2025-07-04 19:14:00,557 - INFO - Setting up binutils (2.38-4ubuntu2.8) ...
2025-07-04 19:14:00,579 - INFO - Setting up dirmngr (2.2.27-3ubuntu2.3) ...
2025-07-04 19:14:00,711 - INFO - Setting up perl (5.34.0-3ubuntu1.4) ...
2025-07-04 19:14:00,744 - INFO - Setting up libgd3:amd64 (2.3.0-2ubuntu2.3) ...
2025-07-04 19:14:00,762 - INFO - Setting up libdpkg-perl (1.21.1ubuntu2.3) ...
2025-07-04 19:14:00,778 - INFO - Setting up libstdc++-11-dev:amd64 (11.4.0-1ubuntu1~22.04) ...
2025-07-04 19:14:00,797 - INFO - Setting up gpg-wks-server (2.2.27-3ubuntu2.3) ...
2025-07-04 19:14:00,815 - INFO - Setting up gcc-11 (11.4.0-1ubuntu1~22.04) ...
2025-07-04 19:14:00,837 - INFO - Setting up xauth (1:1.1-1build2) ...
2025-07-04 19:14:00,856 - INFO - Setting up cmake (3.22.1-1ubuntu1.22.04.2) ...
2025-07-04 19:14:00,875 - INFO - Setting up libc-devtools (2.35-0ubuntu3.10) ...
2025-07-04 19:14:00,892 - INFO - Setting up gpg-wks-client (2.2.27-3ubuntu2.3) ...
2025-07-04 19:14:00,908 - INFO - Setting up g++-11 (11.4.0-1ubuntu1~22.04) ...
2025-07-04 19:14:00,925 - INFO - Setting up libfile-fcntllock-perl (0.22-3build7) ...
2025-07-04 19:14:00,945 - INFO - Setting up libalgorithm-diff-perl (1.201-1) ...
2025-07-04 19:14:00,963 - INFO - Setting up gcc (4:11.2.0-1ubuntu1) ...
2025-07-04 19:14:00,998 - INFO - Setting up dpkg-dev (1.21.1ubuntu2.3) ...
2025-07-04 19:14:01,026 - INFO - Setting up liberror-perl (0.17029-1) ...
2025-07-04 19:14:01,045 - INFO - Setting up git (1:2.34.1-1ubuntu1.12) ...
2025-07-04 19:14:01,076 - INFO - Setting up g++ (4:11.2.0-1ubuntu1) ...
2025-07-04 19:14:01,105 - INFO - update-alternatives: using /usr/bin/g++ to provide /usr/bin/c++ (c++) in auto mode
2025-07-04 19:14:01,105 - INFO - update-alternatives: warning: skip creation of /usr/share/man/man1/c++.1.gz because associated file /usr/share/man/man1/g++.1.gz (of link group c++) doesn't exist
2025-07-04 19:14:01,117 - INFO - Setting up gnupg (2.2.27-3ubuntu2.3) ...
2025-07-04 19:14:01,137 - INFO - Setting up build-essential (12.9ubuntu3) ...
2025-07-04 19:14:01,157 - INFO - Setting up libalgorithm-diff-xs-perl (0.04-6build3) ...
2025-07-04 19:14:01,174 - INFO - Setting up libalgorithm-merge-perl (0.08-3) ...
2025-07-04 19:14:01,196 - INFO - Processing triggers for libc-bin (2.35-0ubuntu3.10) ...
2025-07-04 19:14:01,233 - INFO - Processing triggers for ca-certificates (20240203~22.04.1) ...
2025-07-04 19:14:01,242 - INFO - Updating certificates in /etc/ssl/certs...
2025-07-04 19:14:01,867 - INFO - 0 added, 0 removed; done.
2025-07-04 19:14:01,868 - INFO - Running hooks in /etc/ca-certificates/update.d...
2025-07-04 19:14:01,869 - INFO - done.
2025-07-04 19:14:17,832 - INFO -  ---> Removed intermediate container 58c58cf0b735
2025-07-04 19:14:17,834 - INFO -  ---> e41cf1810bf0
2025-07-04 19:14:17,835 - INFO - Step 5/6 : WORKDIR /testbed/
2025-07-04 19:14:18,086 - INFO -  ---> Running in 68b12a74745b
2025-07-04 19:14:19,186 - INFO -  ---> Removed intermediate container 68b12a74745b
2025-07-04 19:14:19,186 - INFO -  ---> 458b413696db
2025-07-04 19:14:19,186 - INFO - Step 6/6 : RUN git clone https://github.com/fmtlib/fmt /testbed &&     cd /testbed &&     git reset --hard 1f918159edded99c9c0cf005c96ecc12e4cc92b1 &&     git remote remove origin &&     mkdir build &&     cmake -S . -B build -D FMT_TEST=ON -D CMAKE_BUILD_TYPE=Release &&     cmake --build build --target test
2025-07-04 19:14:19,246 - INFO -  ---> Running in b8af5e3df406
2025-07-04 19:14:19,353 - INFO - Cloning into '/testbed'...
2025-07-04 19:14:30,627 - INFO - HEAD is now at 1f918159 [clang-tidy] Replace deprecated C headers
2025-07-04 19:14:30,644 - INFO - -- CMake version: 3.22.1
2025-07-04 19:14:30,710 - INFO - -- The CXX compiler identification is GNU 11.4.0
2025-07-04 19:14:30,719 - INFO - -- Detecting CXX compiler ABI info
2025-07-04 19:14:30,799 - INFO - -- Detecting CXX compiler ABI info - done
2025-07-04 19:14:30,806 - INFO - -- Check for working CXX compiler: /usr/bin/c++ - skipped
2025-07-04 19:14:30,806 - INFO - -- Detecting CXX compile features
2025-07-04 19:14:30,806 - INFO - -- Detecting CXX compile features - done
2025-07-04 19:14:30,807 - INFO - -- Version: 6.0.0
2025-07-04 19:14:30,807 - INFO - -- Build type: Release
2025-07-04 19:14:30,808 - INFO - -- CXX_STANDARD: 11
2025-07-04 19:14:30,808 - INFO - -- Performing Test has_std_11_flag
2025-07-04 19:14:30,890 - INFO - -- Performing Test has_std_11_flag - Success
2025-07-04 19:14:30,891 - INFO - -- Performing Test has_std_0x_flag
2025-07-04 19:14:30,974 - INFO - -- Performing Test has_std_0x_flag - Success
2025-07-04 19:14:30,974 - INFO - -- Performing Test SUPPORTS_VARIADIC_TEMPLATES
2025-07-04 19:14:31,056 - INFO - -- Performing Test SUPPORTS_VARIADIC_TEMPLATES - Success
2025-07-04 19:14:31,056 - INFO - -- Performing Test SUPPORTS_USER_DEFINED_LITERALS
2025-07-04 19:14:31,136 - INFO - -- Performing Test SUPPORTS_USER_DEFINED_LITERALS - Success
2025-07-04 19:14:31,136 - INFO - -- Performing Test FMT_HAS_VARIANT
2025-07-04 19:14:31,220 - INFO - -- Performing Test FMT_HAS_VARIANT - Success
2025-07-04 19:14:31,221 - INFO - -- Looking for open
2025-07-04 19:14:31,304 - INFO - -- Looking for open - found
2025-07-04 19:14:31,305 - INFO - -- Looking for strtod_l
2025-07-04 19:14:31,392 - INFO - -- Looking for strtod_l - found
2025-07-04 19:14:31,397 - INFO - -- Target 'doc' disabled (requires doxygen)
2025-07-04 19:14:31,399 - INFO - -- Looking for C++ include pthread.h
2025-07-04 19:14:31,490 - INFO - -- Looking for C++ include pthread.h - found
2025-07-04 19:14:31,490 - INFO - -- Performing Test CMAKE_HAVE_LIBC_PTHREAD
2025-07-04 19:14:31,581 - INFO - -- Performing Test CMAKE_HAVE_LIBC_PTHREAD - Success
2025-07-04 19:14:31,582 - INFO - -- Found Threads: TRUE  
2025-07-04 19:14:31,583 - INFO - -- Performing Test HAVE_FNO_DELETE_NULL_POINTER_CHECKS
2025-07-04 19:14:31,666 - INFO - -- Performing Test HAVE_FNO_DELETE_NULL_POINTER_CHECKS - Success
2025-07-04 19:14:31,667 - INFO - -- FMT_PEDANTIC: OFF
2025-07-04 19:14:31,667 - INFO - -- Looking for a CUDA compiler
2025-07-04 19:14:31,693 - INFO - -- Looking for a CUDA compiler - NOTFOUND
2025-07-04 19:14:31,700 - INFO - -- Configuring done
2025-07-04 19:14:31,745 - INFO - -- Generating done
2025-07-04 19:14:31,748 - INFO - -- Build files have been written to: /testbed/build
2025-07-04 19:14:31,768 - INFO - Running tests...
2025-07-04 19:14:31,776 - INFO - Test project /testbed/build
2025-07-04 19:14:31,778 - INFO -       Start  1: assert-test
2025-07-04 19:14:31,778 - INFO - Could not find executable /testbed/build/bin/assert-test
2025-07-04 19:14:31,778 - INFO - Looked in the following places:
2025-07-04 19:14:31,778 - INFO - /testbed/build/bin/assert-test
2025-07-04 19:14:31,778 - INFO - /testbed/build/bin/assert-test
2025-07-04 19:14:31,778 - INFO - /testbed/build/bin/Release/assert-test
2025-07-04 19:14:31,778 - INFO - /testbed/build/bin/Release/assert-test
2025-07-04 19:14:31,778 - INFO - /testbed/build/bin/Debug/assert-test
2025-07-04 19:14:31,778 - INFO - /testbed/build/bin/Debug/assert-test
2025-07-04 19:14:31,778 - INFO - /testbed/build/bin/MinSizeRel/assert-test
2025-07-04 19:14:31,778 - INFO - /testbed/build/bin/MinSizeRel/assert-test
2025-07-04 19:14:31,778 - INFO - /testbed/build/bin/RelWithDebInfo/assert-test
2025-07-04 19:14:31,778 - INFO - /testbed/build/bin/RelWithDebInfo/assert-test
2025-07-04 19:14:31,778 - INFO - /testbed/build/bin/Deployment/assert-test
2025-07-04 19:14:31,778 - INFO - /testbed/build/bin/Deployment/assert-test
2025-07-04 19:14:31,778 - INFO - /testbed/build/bin/Development/assert-test
2025-07-04 19:14:31,778 - INFO - /testbed/build/bin/Development/assert-test
2025-07-04 19:14:31,778 - INFO - testbed/build/bin/assert-test
2025-07-04 19:14:31,778 - INFO - testbed/build/bin/assert-test
2025-07-04 19:14:31,778 - INFO - testbed/build/bin/Release/assert-test
2025-07-04 19:14:31,778 - INFO - testbed/build/bin/Release/assert-test
2025-07-04 19:14:31,778 - INFO - testbed/build/bin/Debug/assert-test
2025-07-04 19:14:31,778 - INFO - testbed/build/bin/Debug/assert-test
2025-07-04 19:14:31,778 - INFO - testbed/build/bin/MinSizeRel/assert-test
2025-07-04 19:14:31,778 - INFO - testbed/build/bin/MinSizeRel/assert-test
2025-07-04 19:14:31,779 - INFO - testbed/build/bin/RelWithDebInfo/assert-test
2025-07-04 19:14:31,779 - INFO - testbed/build/bin/RelWithDebInfo/assert-test
2025-07-04 19:14:31,779 - INFO - testbed/build/bin/Deployment/assert-test
2025-07-04 19:14:31,779 - INFO - testbed/build/bin/Deployment/assert-test
2025-07-04 19:14:31,779 - INFO - testbed/build/bin/Development/assert-test
2025-07-04 19:14:31,779 - INFO - testbed/build/bin/Development/assert-test
2025-07-04 19:14:31,779 - INFO -  1/17 Test  #1: assert-test ......................***Not Run   0.00 sec
2025-07-04 19:14:31,779 - INFO - Unable to find executable: /testbed/build/bin/assert-test
2025-07-04 19:14:31,779 - INFO -       Start  2: chrono-test
2025-07-04 19:14:31,779 - INFO - Could not find executable /testbed/build/bin/chrono-test
2025-07-04 19:14:31,779 - INFO - Looked in the following places:
2025-07-04 19:14:31,779 - INFO - /testbed/build/bin/chrono-test
2025-07-04 19:14:31,779 - INFO - /testbed/build/bin/chrono-test
2025-07-04 19:14:31,779 - INFO - /testbed/build/bin/Release/chrono-test
2025-07-04 19:14:31,779 - INFO - /testbed/build/bin/Release/chrono-test
2025-07-04 19:14:31,779 - INFO - /testbed/build/bin/Debug/chrono-test
2025-07-04 19:14:31,779 - INFO - /testbed/build/bin/Debug/chrono-test
2025-07-04 19:14:31,779 - INFO - /testbed/build/bin/MinSizeRel/chrono-test
2025-07-04 19:14:31,779 - INFO - /testbed/build/bin/MinSizeRel/chrono-test
2025-07-04 19:14:31,779 - INFO - /testbed/build/bin/RelWithDebInfo/chrono-test
2025-07-04 19:14:31,779 - INFO - /testbed/build/bin/RelWithDebInfo/chrono-test
2025-07-04 19:14:31,779 - INFO - /testbed/build/bin/Deployment/chrono-test
2025-07-04 19:14:31,779 - INFO - /testbed/build/bin/Deployment/chrono-test
2025-07-04 19:14:31,779 - INFO - /testbed/build/bin/Development/chrono-test
2025-07-04 19:14:31,779 - INFO - /testbed/build/bin/Development/chrono-test
2025-07-04 19:14:31,779 - INFO - testbed/build/bin/chrono-test
2025-07-04 19:14:31,779 - INFO - testbed/build/bin/chrono-test
2025-07-04 19:14:31,779 - INFO - testbed/build/bin/Release/chrono-test
2025-07-04 19:14:31,779 - INFO - testbed/build/bin/Release/chrono-test
2025-07-04 19:14:31,779 - INFO - testbed/build/bin/Debug/chrono-test
2025-07-04 19:14:31,779 - INFO - testbed/build/bin/Debug/chrono-test
2025-07-04 19:14:31,779 - INFO - testbed/build/bin/MinSizeRel/chrono-test
2025-07-04 19:14:31,779 - INFO - testbed/build/bin/MinSizeRel/chrono-test
2025-07-04 19:14:31,779 - INFO - testbed/build/bin/RelWithDebInfo/chrono-test
2025-07-04 19:14:31,779 - INFO - testbed/build/bin/RelWithDebInfo/chrono-test
2025-07-04 19:14:31,779 - INFO - testbed/build/bin/Deployment/chrono-test
2025-07-04 19:14:31,779 - INFO - testbed/build/bin/Deployment/chrono-test
2025-07-04 19:14:31,779 - INFO - testbed/build/bin/Development/chrono-test
2025-07-04 19:14:31,779 - INFO - testbed/build/bin/Development/chrono-test
2025-07-04 19:14:31,779 - INFO -  2/17 Test  #2: chrono-test ......................***Not Run   0.00 sec
2025-07-04 19:14:31,779 - INFO - Unable to find executable: /testbed/build/bin/chrono-test
2025-07-04 19:14:31,779 - INFO -       Start  3: color-test
2025-07-04 19:14:31,780 - INFO - Could not find executable /testbed/build/bin/color-test
2025-07-04 19:14:31,780 - INFO - Looked in the following places:
2025-07-04 19:14:31,780 - INFO - /testbed/build/bin/color-test
2025-07-04 19:14:31,780 - INFO - /testbed/build/bin/color-test
2025-07-04 19:14:31,780 - INFO - /testbed/build/bin/Release/color-test
2025-07-04 19:14:31,780 - INFO - /testbed/build/bin/Release/color-test
2025-07-04 19:14:31,780 - INFO - /testbed/build/bin/Debug/color-test
2025-07-04 19:14:31,780 - INFO - /testbed/build/bin/Debug/color-test
2025-07-04 19:14:31,780 - INFO - /testbed/build/bin/MinSizeRel/color-test
2025-07-04 19:14:31,780 - INFO - /testbed/build/bin/MinSizeRel/color-test
2025-07-04 19:14:31,780 - INFO - /testbed/build/bin/RelWithDebInfo/color-test
2025-07-04 19:14:31,780 - INFO - /testbed/build/bin/RelWithDebInfo/color-test
2025-07-04 19:14:31,780 - INFO - /testbed/build/bin/Deployment/color-test
2025-07-04 19:14:31,780 - INFO - /testbed/build/bin/Deployment/color-test
2025-07-04 19:14:31,780 - INFO - /testbed/build/bin/Development/color-test
2025-07-04 19:14:31,780 - INFO - /testbed/build/bin/Development/color-test
2025-07-04 19:14:31,780 - INFO - testbed/build/bin/color-test
2025-07-04 19:14:31,780 - INFO - testbed/build/bin/color-test
2025-07-04 19:14:31,780 - INFO - testbed/build/bin/Release/color-test
2025-07-04 19:14:31,780 - INFO - testbed/build/bin/Release/color-test
2025-07-04 19:14:31,780 - INFO - testbed/build/bin/Debug/color-test
2025-07-04 19:14:31,780 - INFO - testbed/build/bin/Debug/color-test
2025-07-04 19:14:31,780 - INFO - testbed/build/bin/MinSizeRel/color-test
2025-07-04 19:14:31,780 - INFO - testbed/build/bin/MinSizeRel/color-test
2025-07-04 19:14:31,780 - INFO - testbed/build/bin/RelWithDebInfo/color-test
2025-07-04 19:14:31,780 - INFO - testbed/build/bin/RelWithDebInfo/color-test
2025-07-04 19:14:31,780 - INFO - testbed/build/bin/Deployment/color-test
2025-07-04 19:14:31,780 - INFO - testbed/build/bin/Deployment/color-test
2025-07-04 19:14:31,780 - INFO - testbed/build/bin/Development/color-test
2025-07-04 19:14:31,780 - INFO - testbed/build/bin/Development/color-test
2025-07-04 19:14:31,780 - INFO - Unable to find executable: /testbed/build/bin/color-test
2025-07-04 19:14:31,780 - INFO -  3/17 Test  #3: color-test .......................***Not Run   0.00 sec
2025-07-04 19:14:31,780 - INFO -       Start  4: core-test
2025-07-04 19:14:31,780 - INFO - Could not find executable /testbed/build/bin/core-test
2025-07-04 19:14:31,780 - INFO - Looked in the following places:
2025-07-04 19:14:31,780 - INFO - /testbed/build/bin/core-test
2025-07-04 19:14:31,780 - INFO - /testbed/build/bin/core-test
2025-07-04 19:14:31,780 - INFO - /testbed/build/bin/Release/core-test
2025-07-04 19:14:31,780 - INFO - /testbed/build/bin/Release/core-test
2025-07-04 19:14:31,780 - INFO - /testbed/build/bin/Debug/core-test
2025-07-04 19:14:31,780 - INFO - /testbed/build/bin/Debug/core-test
2025-07-04 19:14:31,780 - INFO - /testbed/build/bin/MinSizeRel/core-test
2025-07-04 19:14:31,780 - INFO - /testbed/build/bin/MinSizeRel/core-test
2025-07-04 19:14:31,780 - INFO - /testbed/build/bin/RelWithDebInfo/core-test
2025-07-04 19:14:31,780 - INFO - /testbed/build/bin/RelWithDebInfo/core-test
2025-07-04 19:14:31,780 - INFO - /testbed/build/bin/Deployment/core-test
2025-07-04 19:14:31,780 - INFO - /testbed/build/bin/Deployment/core-test
2025-07-04 19:14:31,780 - INFO - /testbed/build/bin/Development/core-test
2025-07-04 19:14:31,780 - INFO - /testbed/build/bin/Development/core-test
2025-07-04 19:14:31,780 - INFO - testbed/build/bin/core-test
2025-07-04 19:14:31,780 - INFO - testbed/build/bin/core-test
2025-07-04 19:14:31,780 - INFO - testbed/build/bin/Release/core-test
2025-07-04 19:14:31,781 - INFO - testbed/build/bin/Release/core-test
2025-07-04 19:14:31,781 - INFO - testbed/build/bin/Debug/core-test
2025-07-04 19:14:31,781 - INFO - testbed/build/bin/Debug/core-test
2025-07-04 19:14:31,781 - INFO - testbed/build/bin/MinSizeRel/core-test
2025-07-04 19:14:31,781 - INFO - testbed/build/bin/MinSizeRel/core-test
2025-07-04 19:14:31,781 - INFO - testbed/build/bin/RelWithDebInfo/core-test
2025-07-04 19:14:31,781 - INFO - testbed/build/bin/RelWithDebInfo/core-test
2025-07-04 19:14:31,781 - INFO - testbed/build/bin/Deployment/core-test
2025-07-04 19:14:31,781 - INFO - testbed/build/bin/Deployment/core-test
2025-07-04 19:14:31,781 - INFO - testbed/build/bin/Development/core-test
2025-07-04 19:14:31,781 - INFO - testbed/build/bin/Development/core-test
2025-07-04 19:14:31,781 - INFO - Unable to find executable: /testbed/build/bin/core-test
2025-07-04 19:14:31,781 - INFO -  4/17 Test  #4: core-test ........................***Not Run   0.00 sec
2025-07-04 19:14:31,781 - INFO -       Start  5: grisu-test
2025-07-04 19:14:31,781 - INFO - Unable to find executable: /testbed/build/bin/grisu-test
2025-07-04 19:14:31,781 - INFO - Could not find executable /testbed/build/bin/grisu-test
2025-07-04 19:14:31,781 - INFO - Looked in the following places:
2025-07-04 19:14:31,781 - INFO - /testbed/build/bin/grisu-test
2025-07-04 19:14:31,781 - INFO - /testbed/build/bin/grisu-test
2025-07-04 19:14:31,781 - INFO - /testbed/build/bin/Release/grisu-test
2025-07-04 19:14:31,781 - INFO - /testbed/build/bin/Release/grisu-test
2025-07-04 19:14:31,781 - INFO - /testbed/build/bin/Debug/grisu-test
2025-07-04 19:14:31,781 - INFO - /testbed/build/bin/Debug/grisu-test
2025-07-04 19:14:31,781 - INFO - /testbed/build/bin/MinSizeRel/grisu-test
2025-07-04 19:14:31,781 - INFO - /testbed/build/bin/MinSizeRel/grisu-test
2025-07-04 19:14:31,781 - INFO - /testbed/build/bin/RelWithDebInfo/grisu-test
2025-07-04 19:14:31,781 - INFO - /testbed/build/bin/RelWithDebInfo/grisu-test
2025-07-04 19:14:31,781 - INFO - /testbed/build/bin/Deployment/grisu-test
2025-07-04 19:14:31,781 - INFO - /testbed/build/bin/Deployment/grisu-test
2025-07-04 19:14:31,781 - INFO - /testbed/build/bin/Development/grisu-test
2025-07-04 19:14:31,781 - INFO - /testbed/build/bin/Development/grisu-test
2025-07-04 19:14:31,781 - INFO - testbed/build/bin/grisu-test
2025-07-04 19:14:31,781 - INFO - testbed/build/bin/grisu-test
2025-07-04 19:14:31,781 - INFO - testbed/build/bin/Release/grisu-test
2025-07-04 19:14:31,781 - INFO - testbed/build/bin/Release/grisu-test
2025-07-04 19:14:31,781 - INFO - testbed/build/bin/Debug/grisu-test
2025-07-04 19:14:31,781 - INFO - testbed/build/bin/Debug/grisu-test
2025-07-04 19:14:31,781 - INFO - testbed/build/bin/MinSizeRel/grisu-test
2025-07-04 19:14:31,781 - INFO - testbed/build/bin/MinSizeRel/grisu-test
2025-07-04 19:14:31,781 - INFO - testbed/build/bin/RelWithDebInfo/grisu-test
2025-07-04 19:14:31,781 - INFO - testbed/build/bin/RelWithDebInfo/grisu-test
2025-07-04 19:14:31,781 - INFO - testbed/build/bin/Deployment/grisu-test
2025-07-04 19:14:31,781 - INFO - testbed/build/bin/Deployment/grisu-test
2025-07-04 19:14:31,781 - INFO - testbed/build/bin/Development/grisu-test
2025-07-04 19:14:31,781 - INFO - testbed/build/bin/Development/grisu-test
2025-07-04 19:14:31,781 - INFO -  5/17 Test  #5: grisu-test .......................***Not Run   0.00 sec
2025-07-04 19:14:31,781 - INFO -       Start  6: gtest-extra-test
2025-07-04 19:14:31,781 - INFO - Unable to find executable: /testbed/build/bin/gtest-extra-test
2025-07-04 19:14:31,781 - INFO - Unable to find executable: /testbed/build/bin/format-test
2025-07-04 19:14:31,781 - INFO - Could not find executable /testbed/build/bin/gtest-extra-test
2025-07-04 19:14:31,781 - INFO - Looked in the following places:
2025-07-04 19:14:31,781 - INFO - /testbed/build/bin/gtest-extra-test
2025-07-04 19:14:31,781 - INFO - /testbed/build/bin/gtest-extra-test
2025-07-04 19:14:31,781 - INFO - /testbed/build/bin/Release/gtest-extra-test
2025-07-04 19:14:31,782 - INFO - /testbed/build/bin/Release/gtest-extra-test
2025-07-04 19:14:31,782 - INFO - /testbed/build/bin/Debug/gtest-extra-test
2025-07-04 19:14:31,782 - INFO - /testbed/build/bin/Debug/gtest-extra-test
2025-07-04 19:14:31,782 - INFO - /testbed/build/bin/MinSizeRel/gtest-extra-test
2025-07-04 19:14:31,782 - INFO - /testbed/build/bin/MinSizeRel/gtest-extra-test
2025-07-04 19:14:31,782 - INFO - /testbed/build/bin/RelWithDebInfo/gtest-extra-test
2025-07-04 19:14:31,782 - INFO - /testbed/build/bin/RelWithDebInfo/gtest-extra-test
2025-07-04 19:14:31,782 - INFO - /testbed/build/bin/Deployment/gtest-extra-test
2025-07-04 19:14:31,782 - INFO - /testbed/build/bin/Deployment/gtest-extra-test
2025-07-04 19:14:31,782 - INFO - /testbed/build/bin/Development/gtest-extra-test
2025-07-04 19:14:31,782 - INFO - /testbed/build/bin/Development/gtest-extra-test
2025-07-04 19:14:31,782 - INFO - testbed/build/bin/gtest-extra-test
2025-07-04 19:14:31,782 - INFO - testbed/build/bin/gtest-extra-test
2025-07-04 19:14:31,782 - INFO - testbed/build/bin/Release/gtest-extra-test
2025-07-04 19:14:31,782 - INFO - testbed/build/bin/Release/gtest-extra-test
2025-07-04 19:14:31,782 - INFO - testbed/build/bin/Debug/gtest-extra-test
2025-07-04 19:14:31,782 - INFO - testbed/build/bin/Debug/gtest-extra-test
2025-07-04 19:14:31,782 - INFO - testbed/build/bin/MinSizeRel/gtest-extra-test
2025-07-04 19:14:31,782 - INFO - testbed/build/bin/MinSizeRel/gtest-extra-test
2025-07-04 19:14:31,782 - INFO - testbed/build/bin/RelWithDebInfo/gtest-extra-test
2025-07-04 19:14:31,782 - INFO - testbed/build/bin/RelWithDebInfo/gtest-extra-test
2025-07-04 19:14:31,782 - INFO - testbed/build/bin/Deployment/gtest-extra-test
2025-07-04 19:14:31,782 - INFO - testbed/build/bin/Deployment/gtest-extra-test
2025-07-04 19:14:31,782 - INFO - testbed/build/bin/Development/gtest-extra-test
2025-07-04 19:14:31,782 - INFO - testbed/build/bin/Development/gtest-extra-test
2025-07-04 19:14:31,782 - INFO -  6/17 Test  #6: gtest-extra-test .................***Not Run   0.00 sec
2025-07-04 19:14:31,782 - INFO -       Start  7: format-test
2025-07-04 19:14:31,782 - INFO - Could not find executable /testbed/build/bin/format-test
2025-07-04 19:14:31,782 - INFO - Looked in the following places:
2025-07-04 19:14:31,782 - INFO - /testbed/build/bin/format-test
2025-07-04 19:14:31,782 - INFO - /testbed/build/bin/format-test
2025-07-04 19:14:31,782 - INFO - /testbed/build/bin/Release/format-test
2025-07-04 19:14:31,782 - INFO - /testbed/build/bin/Release/format-test
2025-07-04 19:14:31,782 - INFO - /testbed/build/bin/Debug/format-test
2025-07-04 19:14:31,782 - INFO - /testbed/build/bin/Debug/format-test
2025-07-04 19:14:31,782 - INFO - /testbed/build/bin/MinSizeRel/format-test
2025-07-04 19:14:31,782 - INFO - /testbed/build/bin/MinSizeRel/format-test
2025-07-04 19:14:31,782 - INFO - /testbed/build/bin/RelWithDebInfo/format-test
2025-07-04 19:14:31,782 - INFO - /testbed/build/bin/RelWithDebInfo/format-test
2025-07-04 19:14:31,782 - INFO - /testbed/build/bin/Deployment/format-test
2025-07-04 19:14:31,782 - INFO - /testbed/build/bin/Deployment/format-test
2025-07-04 19:14:31,782 - INFO - /testbed/build/bin/Development/format-test
2025-07-04 19:14:31,782 - INFO - /testbed/build/bin/Development/format-test
2025-07-04 19:14:31,782 - INFO - testbed/build/bin/format-test
2025-07-04 19:14:31,782 - INFO - testbed/build/bin/format-test
2025-07-04 19:14:31,782 - INFO - testbed/build/bin/Release/format-test
2025-07-04 19:14:31,782 - INFO - testbed/build/bin/Release/format-test
2025-07-04 19:14:31,782 - INFO - testbed/build/bin/Debug/format-test
2025-07-04 19:14:31,782 - INFO - testbed/build/bin/Debug/format-test
2025-07-04 19:14:31,782 - INFO - testbed/build/bin/MinSizeRel/format-test
2025-07-04 19:14:31,782 - INFO - testbed/build/bin/MinSizeRel/format-test
2025-07-04 19:14:31,782 - INFO - testbed/build/bin/RelWithDebInfo/format-test
2025-07-04 19:14:31,782 - INFO - testbed/build/bin/RelWithDebInfo/format-test
2025-07-04 19:14:31,782 - INFO - testbed/build/bin/Deployment/format-test
2025-07-04 19:14:31,782 - INFO - testbed/build/bin/Deployment/format-test
2025-07-04 19:14:31,782 - INFO - testbed/build/bin/Development/format-test
2025-07-04 19:14:31,782 - INFO - testbed/build/bin/Development/format-test
2025-07-04 19:14:31,783 - INFO -  7/17 Test  #7: format-test ......................***Not Run   0.00 sec
2025-07-04 19:14:31,783 - INFO -       Start  8: format-impl-test
2025-07-04 19:14:31,783 - INFO - Could not find executable /testbed/build/bin/format-impl-test
2025-07-04 19:14:31,783 - INFO - Looked in the following places:
2025-07-04 19:14:31,783 - INFO - /testbed/build/bin/format-impl-test
2025-07-04 19:14:31,783 - INFO - /testbed/build/bin/format-impl-test
2025-07-04 19:14:31,783 - INFO - /testbed/build/bin/Release/format-impl-test
2025-07-04 19:14:31,783 - INFO - /testbed/build/bin/Release/format-impl-test
2025-07-04 19:14:31,783 - INFO - /testbed/build/bin/Debug/format-impl-test
2025-07-04 19:14:31,783 - INFO - /testbed/build/bin/Debug/format-impl-test
2025-07-04 19:14:31,783 - INFO - /testbed/build/bin/MinSizeRel/format-impl-test
2025-07-04 19:14:31,783 - INFO - /testbed/build/bin/MinSizeRel/format-impl-test
2025-07-04 19:14:31,783 - INFO - /testbed/build/bin/RelWithDebInfo/format-impl-test
2025-07-04 19:14:31,783 - INFO - /testbed/build/bin/RelWithDebInfo/format-impl-test
2025-07-04 19:14:31,783 - INFO - /testbed/build/bin/Deployment/format-impl-test
2025-07-04 19:14:31,783 - INFO - /testbed/build/bin/Deployment/format-impl-test
2025-07-04 19:14:31,783 - INFO - /testbed/build/bin/Development/format-impl-test
2025-07-04 19:14:31,783 - INFO - /testbed/build/bin/Development/format-impl-test
2025-07-04 19:14:31,783 - INFO - testbed/build/bin/format-impl-test
2025-07-04 19:14:31,783 - INFO - testbed/build/bin/format-impl-test
2025-07-04 19:14:31,783 - INFO - testbed/build/bin/Release/format-impl-test
2025-07-04 19:14:31,783 - INFO - testbed/build/bin/Release/format-impl-test
2025-07-04 19:14:31,783 - INFO - testbed/build/bin/Debug/format-impl-test
2025-07-04 19:14:31,783 - INFO - testbed/build/bin/Debug/format-impl-test
2025-07-04 19:14:31,783 - INFO - testbed/build/bin/MinSizeRel/format-impl-test
2025-07-04 19:14:31,783 - INFO - testbed/build/bin/MinSizeRel/format-impl-test
2025-07-04 19:14:31,783 - INFO - testbed/build/bin/RelWithDebInfo/format-impl-test
2025-07-04 19:14:31,783 - INFO - testbed/build/bin/RelWithDebInfo/format-impl-test
2025-07-04 19:14:31,783 - INFO - testbed/build/bin/Deployment/format-impl-test
2025-07-04 19:14:31,783 - INFO - testbed/build/bin/Deployment/format-impl-test
2025-07-04 19:14:31,783 - INFO - testbed/build/bin/Development/format-impl-test
2025-07-04 19:14:31,783 - INFO - testbed/build/bin/Development/format-impl-test
2025-07-04 19:14:31,783 - INFO -  8/17 Test  #8: format-impl-test .................***Not Run   0.00 sec
2025-07-04 19:14:31,783 - INFO - Unable to find executable: /testbed/build/bin/format-impl-test
2025-07-04 19:14:31,783 - INFO -       Start  9: locale-test
2025-07-04 19:14:31,783 - INFO - Could not find executable /testbed/build/bin/locale-test
2025-07-04 19:14:31,783 - INFO - Looked in the following places:
2025-07-04 19:14:31,783 - INFO - /testbed/build/bin/locale-test
2025-07-04 19:14:31,783 - INFO - /testbed/build/bin/locale-test
2025-07-04 19:14:31,783 - INFO - /testbed/build/bin/Release/locale-test
2025-07-04 19:14:31,783 - INFO - /testbed/build/bin/Release/locale-test
2025-07-04 19:14:31,783 - INFO - /testbed/build/bin/Debug/locale-test
2025-07-04 19:14:31,783 - INFO - /testbed/build/bin/Debug/locale-test
2025-07-04 19:14:31,783 - INFO - /testbed/build/bin/MinSizeRel/locale-test
2025-07-04 19:14:31,783 - INFO - /testbed/build/bin/MinSizeRel/locale-test
2025-07-04 19:14:31,783 - INFO - /testbed/build/bin/RelWithDebInfo/locale-test
2025-07-04 19:14:31,783 - INFO - /testbed/build/bin/RelWithDebInfo/locale-test
2025-07-04 19:14:31,784 - INFO - /testbed/build/bin/Deployment/locale-test
2025-07-04 19:14:31,784 - INFO - /testbed/build/bin/Deployment/locale-test
2025-07-04 19:14:31,784 - INFO - /testbed/build/bin/Development/locale-test
2025-07-04 19:14:31,784 - INFO - /testbed/build/bin/Development/locale-test
2025-07-04 19:14:31,784 - INFO - testbed/build/bin/locale-test
2025-07-04 19:14:31,784 - INFO - testbed/build/bin/locale-test
2025-07-04 19:14:31,784 - INFO - testbed/build/bin/Release/locale-test
2025-07-04 19:14:31,784 - INFO - testbed/build/bin/Release/locale-test
2025-07-04 19:14:31,784 - INFO - testbed/build/bin/Debug/locale-test
2025-07-04 19:14:31,784 - INFO - testbed/build/bin/Debug/locale-test
2025-07-04 19:14:31,784 - INFO - testbed/build/bin/MinSizeRel/locale-test
2025-07-04 19:14:31,784 - INFO - testbed/build/bin/MinSizeRel/locale-test
2025-07-04 19:14:31,784 - INFO - testbed/build/bin/RelWithDebInfo/locale-test
2025-07-04 19:14:31,784 - INFO - testbed/build/bin/RelWithDebInfo/locale-test
2025-07-04 19:14:31,784 - INFO - testbed/build/bin/Deployment/locale-test
2025-07-04 19:14:31,784 - INFO - testbed/build/bin/Deployment/locale-test
2025-07-04 19:14:31,784 - INFO - testbed/build/bin/Development/locale-test
2025-07-04 19:14:31,784 - INFO - testbed/build/bin/Development/locale-test
2025-07-04 19:14:31,784 - INFO - Unable to find executable: /testbed/build/bin/locale-test
2025-07-04 19:14:31,784 - INFO -  9/17 Test  #9: locale-test ......................***Not Run   0.00 sec
2025-07-04 19:14:31,784 - INFO -       Start 10: ostream-test
2025-07-04 19:14:31,784 - INFO - Could not find executable /testbed/build/bin/ostream-test
2025-07-04 19:14:31,784 - INFO - Looked in the following places:
2025-07-04 19:14:31,784 - INFO - /testbed/build/bin/ostream-test
2025-07-04 19:14:31,784 - INFO - /testbed/build/bin/ostream-test
2025-07-04 19:14:31,784 - INFO - /testbed/build/bin/Release/ostream-test
2025-07-04 19:14:31,784 - INFO - /testbed/build/bin/Release/ostream-test
2025-07-04 19:14:31,784 - INFO - /testbed/build/bin/Debug/ostream-test
2025-07-04 19:14:31,784 - INFO - /testbed/build/bin/Debug/ostream-test
2025-07-04 19:14:31,784 - INFO - /testbed/build/bin/MinSizeRel/ostream-test
2025-07-04 19:14:31,784 - INFO - /testbed/build/bin/MinSizeRel/ostream-test
2025-07-04 19:14:31,784 - INFO - /testbed/build/bin/RelWithDebInfo/ostream-test
2025-07-04 19:14:31,784 - INFO - /testbed/build/bin/RelWithDebInfo/ostream-test
2025-07-04 19:14:31,784 - INFO - /testbed/build/bin/Deployment/ostream-test
2025-07-04 19:14:31,784 - INFO - /testbed/build/bin/Deployment/ostream-test
2025-07-04 19:14:31,784 - INFO - /testbed/build/bin/Development/ostream-test
2025-07-04 19:14:31,784 - INFO - /testbed/build/bin/Development/ostream-test
2025-07-04 19:14:31,784 - INFO - testbed/build/bin/ostream-test
2025-07-04 19:14:31,784 - INFO - testbed/build/bin/ostream-test
2025-07-04 19:14:31,784 - INFO - testbed/build/bin/Release/ostream-test
2025-07-04 19:14:31,784 - INFO - testbed/build/bin/Release/ostream-test
2025-07-04 19:14:31,784 - INFO - testbed/build/bin/Debug/ostream-test
2025-07-04 19:14:31,784 - INFO - testbed/build/bin/Debug/ostream-test
2025-07-04 19:14:31,784 - INFO - testbed/build/bin/MinSizeRel/ostream-test
2025-07-04 19:14:31,784 - INFO - testbed/build/bin/MinSizeRel/ostream-test
2025-07-04 19:14:31,784 - INFO - testbed/build/bin/RelWithDebInfo/ostream-test
2025-07-04 19:14:31,784 - INFO - testbed/build/bin/RelWithDebInfo/ostream-test
2025-07-04 19:14:31,784 - INFO - testbed/build/bin/Deployment/ostream-test
2025-07-04 19:14:31,784 - INFO - testbed/build/bin/Deployment/ostream-test
2025-07-04 19:14:31,784 - INFO - testbed/build/bin/Development/ostream-test
2025-07-04 19:14:31,784 - INFO - testbed/build/bin/Development/ostream-test
2025-07-04 19:14:31,784 - INFO - Unable to find executable: /testbed/build/bin/ostream-test
2025-07-04 19:14:31,785 - INFO - 10/17 Test #10: ostream-test .....................***Not Run   0.00 sec
2025-07-04 19:14:31,785 - INFO -       Start 11: compile-test
2025-07-04 19:14:31,785 - INFO - Unable to find executable: /testbed/build/bin/compile-test
2025-07-04 19:14:31,785 - INFO - Unable to find executable: /testbed/build/bin/printf-test
2025-07-04 19:14:31,785 - INFO - Unable to find executable: /testbed/build/bin/custom-formatter-test
2025-07-04 19:14:31,785 - INFO - Unable to find executable: /testbed/build/bin/ranges-test
2025-07-04 19:14:31,785 - INFO - Unable to find executable: /testbed/build/bin/scan-test
2025-07-04 19:14:31,785 - INFO - Unable to find executable: /testbed/build/bin/posix-mock-test
2025-07-04 19:14:31,785 - INFO - Unable to find executable: /testbed/build/bin/posix-test
2025-07-04 19:14:31,785 - INFO - Errors while running CTest
2025-07-04 19:14:31,785 - INFO - Output from these tests are in: /testbed/build/Testing/Temporary/LastTest.log
2025-07-04 19:14:31,785 - INFO - Use "--rerun-failed --output-on-failure" to re-run the failed cases verbosely.
2025-07-04 19:14:31,785 - INFO - Could not find executable /testbed/build/bin/compile-test
2025-07-04 19:14:31,785 - INFO - Looked in the following places:
2025-07-04 19:14:31,785 - INFO - /testbed/build/bin/compile-test
2025-07-04 19:14:31,785 - INFO - /testbed/build/bin/compile-test
2025-07-04 19:14:31,785 - INFO - /testbed/build/bin/Release/compile-test
2025-07-04 19:14:31,785 - INFO - /testbed/build/bin/Release/compile-test
2025-07-04 19:14:31,785 - INFO - /testbed/build/bin/Debug/compile-test
2025-07-04 19:14:31,785 - INFO - /testbed/build/bin/Debug/compile-test
2025-07-04 19:14:31,785 - INFO - /testbed/build/bin/MinSizeRel/compile-test
2025-07-04 19:14:31,785 - INFO - /testbed/build/bin/MinSizeRel/compile-test
2025-07-04 19:14:31,785 - INFO - /testbed/build/bin/RelWithDebInfo/compile-test
2025-07-04 19:14:31,785 - INFO - /testbed/build/bin/RelWithDebInfo/compile-test
2025-07-04 19:14:31,785 - INFO - /testbed/build/bin/Deployment/compile-test
2025-07-04 19:14:31,785 - INFO - /testbed/build/bin/Deployment/compile-test
2025-07-04 19:14:31,785 - INFO - /testbed/build/bin/Development/compile-test
2025-07-04 19:14:31,785 - INFO - /testbed/build/bin/Development/compile-test
2025-07-04 19:14:31,785 - INFO - testbed/build/bin/compile-test
2025-07-04 19:14:31,785 - INFO - testbed/build/bin/compile-test
2025-07-04 19:14:31,785 - INFO - testbed/build/bin/Release/compile-test
2025-07-04 19:14:31,785 - INFO - testbed/build/bin/Release/compile-test
2025-07-04 19:14:31,785 - INFO - testbed/build/bin/Debug/compile-test
2025-07-04 19:14:31,785 - INFO - testbed/build/bin/Debug/compile-test
2025-07-04 19:14:31,785 - INFO - testbed/build/bin/MinSizeRel/compile-test
2025-07-04 19:14:31,785 - INFO - testbed/build/bin/MinSizeRel/compile-test
2025-07-04 19:14:31,785 - INFO - testbed/build/bin/RelWithDebInfo/compile-test
2025-07-04 19:14:31,786 - INFO - testbed/build/bin/RelWithDebInfo/compile-test
2025-07-04 19:14:31,786 - INFO - testbed/build/bin/Deployment/compile-test
2025-07-04 19:14:31,786 - INFO - testbed/build/bin/Deployment/compile-test
2025-07-04 19:14:31,786 - INFO - testbed/build/bin/Development/compile-test
2025-07-04 19:14:31,786 - INFO - testbed/build/bin/Development/compile-test
2025-07-04 19:14:31,786 - INFO - 11/17 Test #11: compile-test .....................***Not Run   0.00 sec
2025-07-04 19:14:31,786 - INFO -       Start 12: printf-test
2025-07-04 19:14:31,786 - INFO - Could not find executable /testbed/build/bin/printf-test
2025-07-04 19:14:31,786 - INFO - Looked in the following places:
2025-07-04 19:14:31,786 - INFO - /testbed/build/bin/printf-test
2025-07-04 19:14:31,786 - INFO - /testbed/build/bin/printf-test
2025-07-04 19:14:31,786 - INFO - /testbed/build/bin/Release/printf-test
2025-07-04 19:14:31,786 - INFO - /testbed/build/bin/Release/printf-test
2025-07-04 19:14:31,786 - INFO - /testbed/build/bin/Debug/printf-test
2025-07-04 19:14:31,786 - INFO - /testbed/build/bin/Debug/printf-test
2025-07-04 19:14:31,786 - INFO - /testbed/build/bin/MinSizeRel/printf-test
2025-07-04 19:14:31,786 - INFO - /testbed/build/bin/MinSizeRel/printf-test
2025-07-04 19:14:31,786 - INFO - /testbed/build/bin/RelWithDebInfo/printf-test
2025-07-04 19:14:31,786 - INFO - /testbed/build/bin/RelWithDebInfo/printf-test
2025-07-04 19:14:31,786 - INFO - /testbed/build/bin/Deployment/printf-test
2025-07-04 19:14:31,786 - INFO - /testbed/build/bin/Deployment/printf-test
2025-07-04 19:14:31,786 - INFO - /testbed/build/bin/Development/printf-test
2025-07-04 19:14:31,786 - INFO - /testbed/build/bin/Development/printf-test
2025-07-04 19:14:31,786 - INFO - testbed/build/bin/printf-test
2025-07-04 19:14:31,786 - INFO - testbed/build/bin/printf-test
2025-07-04 19:14:31,786 - INFO - testbed/build/bin/Release/printf-test
2025-07-04 19:14:31,786 - INFO - testbed/build/bin/Release/printf-test
2025-07-04 19:14:31,786 - INFO - testbed/build/bin/Debug/printf-test
2025-07-04 19:14:31,786 - INFO - testbed/build/bin/Debug/printf-test
2025-07-04 19:14:31,786 - INFO - testbed/build/bin/MinSizeRel/printf-test
2025-07-04 19:14:31,786 - INFO - testbed/build/bin/MinSizeRel/printf-test
2025-07-04 19:14:31,786 - INFO - testbed/build/bin/RelWithDebInfo/printf-test
2025-07-04 19:14:31,786 - INFO - testbed/build/bin/RelWithDebInfo/printf-test
2025-07-04 19:14:31,786 - INFO - testbed/build/bin/Deployment/printf-test
2025-07-04 19:14:31,786 - INFO - testbed/build/bin/Deployment/printf-test
2025-07-04 19:14:31,786 - INFO - testbed/build/bin/Development/printf-test
2025-07-04 19:14:31,786 - INFO - testbed/build/bin/Development/printf-test
2025-07-04 19:14:31,786 - INFO - 12/17 Test #12: printf-test ......................***Not Run   0.00 sec
2025-07-04 19:14:31,786 - INFO -       Start 13: custom-formatter-test
2025-07-04 19:14:31,786 - INFO - Could not find executable /testbed/build/bin/custom-formatter-test
2025-07-04 19:14:31,786 - INFO - Looked in the following places:
2025-07-04 19:14:31,786 - INFO - /testbed/build/bin/custom-formatter-test
2025-07-04 19:14:31,786 - INFO - /testbed/build/bin/custom-formatter-test
2025-07-04 19:14:31,786 - INFO - /testbed/build/bin/Release/custom-formatter-test
2025-07-04 19:14:31,786 - INFO - /testbed/build/bin/Release/custom-formatter-test
2025-07-04 19:14:31,786 - INFO - /testbed/build/bin/Debug/custom-formatter-test
2025-07-04 19:14:31,786 - INFO - /testbed/build/bin/Debug/custom-formatter-test
2025-07-04 19:14:31,786 - INFO - /testbed/build/bin/MinSizeRel/custom-formatter-test
2025-07-04 19:14:31,786 - INFO - /testbed/build/bin/MinSizeRel/custom-formatter-test
2025-07-04 19:14:31,786 - INFO - /testbed/build/bin/RelWithDebInfo/custom-formatter-test
2025-07-04 19:14:31,786 - INFO - /testbed/build/bin/RelWithDebInfo/custom-formatter-test
2025-07-04 19:14:31,786 - INFO - /testbed/build/bin/Deployment/custom-formatter-test
2025-07-04 19:14:31,786 - INFO - /testbed/build/bin/Deployment/custom-formatter-test
2025-07-04 19:14:31,786 - INFO - /testbed/build/bin/Development/custom-formatter-test
2025-07-04 19:14:31,786 - INFO - /testbed/build/bin/Development/custom-formatter-test
2025-07-04 19:14:31,786 - INFO - testbed/build/bin/custom-formatter-test
2025-07-04 19:14:31,786 - INFO - testbed/build/bin/custom-formatter-test
2025-07-04 19:14:31,786 - INFO - testbed/build/bin/Release/custom-formatter-test
2025-07-04 19:14:31,786 - INFO - testbed/build/bin/Release/custom-formatter-test
2025-07-04 19:14:31,786 - INFO - testbed/build/bin/Debug/custom-formatter-test
2025-07-04 19:14:31,786 - INFO - testbed/build/bin/Debug/custom-formatter-test
2025-07-04 19:14:31,787 - INFO - testbed/build/bin/MinSizeRel/custom-formatter-test
2025-07-04 19:14:31,787 - INFO - testbed/build/bin/MinSizeRel/custom-formatter-test
2025-07-04 19:14:31,787 - INFO - testbed/build/bin/RelWithDebInfo/custom-formatter-test
2025-07-04 19:14:31,787 - INFO - testbed/build/bin/RelWithDebInfo/custom-formatter-test
2025-07-04 19:14:31,787 - INFO - testbed/build/bin/Deployment/custom-formatter-test
2025-07-04 19:14:31,787 - INFO - testbed/build/bin/Deployment/custom-formatter-test
2025-07-04 19:14:31,787 - INFO - testbed/build/bin/Development/custom-formatter-test
2025-07-04 19:14:31,787 - INFO - testbed/build/bin/Development/custom-formatter-test
2025-07-04 19:14:31,787 - INFO - 13/17 Test #13: custom-formatter-test ............***Not Run   0.00 sec
2025-07-04 19:14:31,787 - INFO -       Start 14: ranges-test
2025-07-04 19:14:31,787 - INFO - Could not find executable /testbed/build/bin/ranges-test
2025-07-04 19:14:31,787 - INFO - Looked in the following places:
2025-07-04 19:14:31,787 - INFO - /testbed/build/bin/ranges-test
2025-07-04 19:14:31,787 - INFO - /testbed/build/bin/ranges-test
2025-07-04 19:14:31,787 - INFO - /testbed/build/bin/Release/ranges-test
2025-07-04 19:14:31,787 - INFO - /testbed/build/bin/Release/ranges-test
2025-07-04 19:14:31,787 - INFO - /testbed/build/bin/Debug/ranges-test
2025-07-04 19:14:31,787 - INFO - /testbed/build/bin/Debug/ranges-test
2025-07-04 19:14:31,787 - INFO - /testbed/build/bin/MinSizeRel/ranges-test
2025-07-04 19:14:31,787 - INFO - /testbed/build/bin/MinSizeRel/ranges-test
2025-07-04 19:14:31,787 - INFO - /testbed/build/bin/RelWithDebInfo/ranges-test
2025-07-04 19:14:31,787 - INFO - /testbed/build/bin/RelWithDebInfo/ranges-test
2025-07-04 19:14:31,787 - INFO - /testbed/build/bin/Deployment/ranges-test
2025-07-04 19:14:31,787 - INFO - /testbed/build/bin/Deployment/ranges-test
2025-07-04 19:14:31,787 - INFO - /testbed/build/bin/Development/ranges-test
2025-07-04 19:14:31,787 - INFO - /testbed/build/bin/Development/ranges-test
2025-07-04 19:14:31,787 - INFO - testbed/build/bin/ranges-test
2025-07-04 19:14:31,787 - INFO - testbed/build/bin/ranges-test
2025-07-04 19:14:31,787 - INFO - testbed/build/bin/Release/ranges-test
2025-07-04 19:14:31,787 - INFO - testbed/build/bin/Release/ranges-test
2025-07-04 19:14:31,787 - INFO - testbed/build/bin/Debug/ranges-test
2025-07-04 19:14:31,787 - INFO - testbed/build/bin/Debug/ranges-test
2025-07-04 19:14:31,787 - INFO - testbed/build/bin/MinSizeRel/ranges-test
2025-07-04 19:14:31,787 - INFO - testbed/build/bin/MinSizeRel/ranges-test
2025-07-04 19:14:31,787 - INFO - testbed/build/bin/RelWithDebInfo/ranges-test
2025-07-04 19:14:31,787 - INFO - testbed/build/bin/RelWithDebInfo/ranges-test
2025-07-04 19:14:31,787 - INFO - testbed/build/bin/Deployment/ranges-test
2025-07-04 19:14:31,787 - INFO - testbed/build/bin/Deployment/ranges-test
2025-07-04 19:14:31,787 - INFO - testbed/build/bin/Development/ranges-test
2025-07-04 19:14:31,787 - INFO - testbed/build/bin/Development/ranges-test
2025-07-04 19:14:31,787 - INFO - 14/17 Test #14: ranges-test ......................***Not Run   0.00 sec
2025-07-04 19:14:31,787 - INFO -       Start 15: scan-test
2025-07-04 19:14:31,787 - INFO - Could not find executable /testbed/build/bin/scan-test
2025-07-04 19:14:31,787 - INFO - Looked in the following places:
2025-07-04 19:14:31,787 - INFO - /testbed/build/bin/scan-test
2025-07-04 19:14:31,787 - INFO - /testbed/build/bin/scan-test
2025-07-04 19:14:31,787 - INFO - /testbed/build/bin/Release/scan-test
2025-07-04 19:14:31,787 - INFO - /testbed/build/bin/Release/scan-test
2025-07-04 19:14:31,787 - INFO - /testbed/build/bin/Debug/scan-test
2025-07-04 19:14:31,787 - INFO - /testbed/build/bin/Debug/scan-test
2025-07-04 19:14:31,787 - INFO - /testbed/build/bin/MinSizeRel/scan-test
2025-07-04 19:14:31,787 - INFO - /testbed/build/bin/MinSizeRel/scan-test
2025-07-04 19:14:31,787 - INFO - /testbed/build/bin/RelWithDebInfo/scan-test
2025-07-04 19:14:31,787 - INFO - /testbed/build/bin/RelWithDebInfo/scan-test
2025-07-04 19:14:31,787 - INFO - /testbed/build/bin/Deployment/scan-test
2025-07-04 19:14:31,787 - INFO - /testbed/build/bin/Deployment/scan-test
2025-07-04 19:14:31,787 - INFO - /testbed/build/bin/Development/scan-test
2025-07-04 19:14:31,788 - INFO - /testbed/build/bin/Development/scan-test
2025-07-04 19:14:31,788 - INFO - testbed/build/bin/scan-test
2025-07-04 19:14:31,788 - INFO - testbed/build/bin/scan-test
2025-07-04 19:14:31,788 - INFO - testbed/build/bin/Release/scan-test
2025-07-04 19:14:31,788 - INFO - testbed/build/bin/Release/scan-test
2025-07-04 19:14:31,788 - INFO - testbed/build/bin/Debug/scan-test
2025-07-04 19:14:31,788 - INFO - testbed/build/bin/Debug/scan-test
2025-07-04 19:14:31,788 - INFO - testbed/build/bin/MinSizeRel/scan-test
2025-07-04 19:14:31,788 - INFO - testbed/build/bin/MinSizeRel/scan-test
2025-07-04 19:14:31,788 - INFO - testbed/build/bin/RelWithDebInfo/scan-test
2025-07-04 19:14:31,788 - INFO - testbed/build/bin/RelWithDebInfo/scan-test
2025-07-04 19:14:31,788 - INFO - testbed/build/bin/Deployment/scan-test
2025-07-04 19:14:31,788 - INFO - testbed/build/bin/Deployment/scan-test
2025-07-04 19:14:31,788 - INFO - testbed/build/bin/Development/scan-test
2025-07-04 19:14:31,788 - INFO - testbed/build/bin/Development/scan-test
2025-07-04 19:14:31,788 - INFO - 15/17 Test #15: scan-test ........................***Not Run   0.00 sec
2025-07-04 19:14:31,788 - INFO -       Start 16: posix-mock-test
2025-07-04 19:14:31,788 - INFO - Could not find executable /testbed/build/bin/posix-mock-test
2025-07-04 19:14:31,788 - INFO - Looked in the following places:
2025-07-04 19:14:31,788 - INFO - /testbed/build/bin/posix-mock-test
2025-07-04 19:14:31,788 - INFO - /testbed/build/bin/posix-mock-test
2025-07-04 19:14:31,788 - INFO - /testbed/build/bin/Release/posix-mock-test
2025-07-04 19:14:31,788 - INFO - /testbed/build/bin/Release/posix-mock-test
2025-07-04 19:14:31,788 - INFO - /testbed/build/bin/Debug/posix-mock-test
2025-07-04 19:14:31,788 - INFO - /testbed/build/bin/Debug/posix-mock-test
2025-07-04 19:14:31,788 - INFO - /testbed/build/bin/MinSizeRel/posix-mock-test
2025-07-04 19:14:31,788 - INFO - /testbed/build/bin/MinSizeRel/posix-mock-test
2025-07-04 19:14:31,788 - INFO - /testbed/build/bin/RelWithDebInfo/posix-mock-test
2025-07-04 19:14:31,788 - INFO - /testbed/build/bin/RelWithDebInfo/posix-mock-test
2025-07-04 19:14:31,788 - INFO - /testbed/build/bin/Deployment/posix-mock-test
2025-07-04 19:14:31,788 - INFO - /testbed/build/bin/Deployment/posix-mock-test
2025-07-04 19:14:31,788 - INFO - /testbed/build/bin/Development/posix-mock-test
2025-07-04 19:14:31,788 - INFO - /testbed/build/bin/Development/posix-mock-test
2025-07-04 19:14:31,788 - INFO - testbed/build/bin/posix-mock-test
2025-07-04 19:14:31,788 - INFO - testbed/build/bin/posix-mock-test
2025-07-04 19:14:31,788 - INFO - testbed/build/bin/Release/posix-mock-test
2025-07-04 19:14:31,788 - INFO - testbed/build/bin/Release/posix-mock-test
2025-07-04 19:14:31,788 - INFO - testbed/build/bin/Debug/posix-mock-test
2025-07-04 19:14:31,788 - INFO - testbed/build/bin/Debug/posix-mock-test
2025-07-04 19:14:31,788 - INFO - testbed/build/bin/MinSizeRel/posix-mock-test
2025-07-04 19:14:31,788 - INFO - testbed/build/bin/MinSizeRel/posix-mock-test
2025-07-04 19:14:31,788 - INFO - testbed/build/bin/RelWithDebInfo/posix-mock-test
2025-07-04 19:14:31,788 - INFO - testbed/build/bin/RelWithDebInfo/posix-mock-test
2025-07-04 19:14:31,788 - INFO - testbed/build/bin/Deployment/posix-mock-test
2025-07-04 19:14:31,788 - INFO - testbed/build/bin/Deployment/posix-mock-test
2025-07-04 19:14:31,788 - INFO - testbed/build/bin/Development/posix-mock-test
2025-07-04 19:14:31,788 - INFO - testbed/build/bin/Development/posix-mock-test
2025-07-04 19:14:31,788 - INFO - 16/17 Test #16: posix-mock-test ..................***Not Run   0.00 sec
2025-07-04 19:14:31,788 - INFO -       Start 17: posix-test
2025-07-04 19:14:31,788 - INFO - Could not find executable /testbed/build/bin/posix-test
2025-07-04 19:14:31,788 - INFO - Looked in the following places:
2025-07-04 19:14:31,788 - INFO - /testbed/build/bin/posix-test
2025-07-04 19:14:31,788 - INFO - /testbed/build/bin/posix-test
2025-07-04 19:14:31,788 - INFO - /testbed/build/bin/Release/posix-test
2025-07-04 19:14:31,788 - INFO - /testbed/build/bin/Release/posix-test
2025-07-04 19:14:31,788 - INFO - /testbed/build/bin/Debug/posix-test
2025-07-04 19:14:31,789 - INFO - /testbed/build/bin/Debug/posix-test
2025-07-04 19:14:31,789 - INFO - /testbed/build/bin/MinSizeRel/posix-test
2025-07-04 19:14:31,789 - INFO - /testbed/build/bin/MinSizeRel/posix-test
2025-07-04 19:14:31,789 - INFO - /testbed/build/bin/RelWithDebInfo/posix-test
2025-07-04 19:14:31,789 - INFO - /testbed/build/bin/RelWithDebInfo/posix-test
2025-07-04 19:14:31,789 - INFO - /testbed/build/bin/Deployment/posix-test
2025-07-04 19:14:31,789 - INFO - /testbed/build/bin/Deployment/posix-test
2025-07-04 19:14:31,789 - INFO - /testbed/build/bin/Development/posix-test
2025-07-04 19:14:31,789 - INFO - /testbed/build/bin/Development/posix-test
2025-07-04 19:14:31,789 - INFO - testbed/build/bin/posix-test
2025-07-04 19:14:31,789 - INFO - testbed/build/bin/posix-test
2025-07-04 19:14:31,789 - INFO - testbed/build/bin/Release/posix-test
2025-07-04 19:14:31,789 - INFO - testbed/build/bin/Release/posix-test
2025-07-04 19:14:31,789 - INFO - testbed/build/bin/Debug/posix-test
2025-07-04 19:14:31,789 - INFO - testbed/build/bin/Debug/posix-test
2025-07-04 19:14:31,789 - INFO - testbed/build/bin/MinSizeRel/posix-test
2025-07-04 19:14:31,789 - INFO - testbed/build/bin/MinSizeRel/posix-test
2025-07-04 19:14:31,789 - INFO - testbed/build/bin/RelWithDebInfo/posix-test
2025-07-04 19:14:31,789 - INFO - testbed/build/bin/RelWithDebInfo/posix-test
2025-07-04 19:14:31,789 - INFO - testbed/build/bin/Deployment/posix-test
2025-07-04 19:14:31,789 - INFO - testbed/build/bin/Deployment/posix-test
2025-07-04 19:14:31,789 - INFO - testbed/build/bin/Development/posix-test
2025-07-04 19:14:31,789 - INFO - testbed/build/bin/Development/posix-test
2025-07-04 19:14:31,789 - INFO - 17/17 Test #17: posix-test .......................***Not Run   0.00 sec
2025-07-04 19:14:31,789 - INFO - 0% tests passed, 17 tests failed out of 17
2025-07-04 19:14:31,789 - INFO - Total Test time (real) =   0.00 sec
2025-07-04 19:14:31,789 - INFO - The following tests FAILED:
2025-07-04 19:14:31,789 - INFO - 	  1 - assert-test (Not Run)
2025-07-04 19:14:31,789 - INFO - 	  2 - chrono-test (Not Run)
2025-07-04 19:14:31,789 - INFO - 	  3 - color-test (Not Run)
2025-07-04 19:14:31,789 - INFO - 	  4 - core-test (Not Run)
2025-07-04 19:14:31,789 - INFO - 	  5 - grisu-test (Not Run)
2025-07-04 19:14:31,789 - INFO - 	  6 - gtest-extra-test (Not Run)
2025-07-04 19:14:31,789 - INFO - 	  7 - format-test (Not Run)
2025-07-04 19:14:31,789 - INFO - 	  8 - format-impl-test (Not Run)
2025-07-04 19:14:31,789 - INFO - 	  9 - locale-test (Not Run)
2025-07-04 19:14:31,789 - INFO - 	 10 - ostream-test (Not Run)
2025-07-04 19:14:31,789 - INFO - 	 11 - compile-test (Not Run)
2025-07-04 19:14:31,789 - INFO - 	 12 - printf-test (Not Run)
2025-07-04 19:14:31,789 - INFO - 	 13 - custom-formatter-test (Not Run)
2025-07-04 19:14:31,789 - INFO - 	 14 - ranges-test (Not Run)
2025-07-04 19:14:31,789 - INFO - 	 15 - scan-test (Not Run)
2025-07-04 19:14:31,789 - INFO - 	 16 - posix-mock-test (Not Run)
2025-07-04 19:14:31,789 - INFO - 	 17 - posix-test (Not Run)
2025-07-04 19:14:31,789 - INFO - gmake: *** [Makefile:91: test] Error 8
2025-07-04 19:14:31,944 - INFO -  ---> Removed intermediate container b8af5e3df406
2025-07-04 19:14:31,949 - ERROR - Error: The command '/bin/sh -c git clone https://github.com/fmtlib/fmt /testbed &&     cd /testbed &&     git reset --hard 1f918159edded99c9c0cf005c96ecc12e4cc92b1 &&     git remote remove origin &&     mkdir build &&     cmake -S . -B build -D FMT_TEST=ON -D CMAKE_BUILD_TYPE=Release &&     cmake --build build --target test' returned a non-zero code: 2
2025-07-04 19:14:31,949 - ERROR - The command '/bin/sh -c git clone https://github.com/fmtlib/fmt /testbed &&     cd /testbed &&     git reset --hard 1f918159edded99c9c0cf005c96ecc12e4cc92b1 &&     git remote remove origin &&     mkdir build &&     cmake -S . -B build -D FMT_TEST=ON -D CMAKE_BUILD_TYPE=Release &&     cmake --build build --target test' returned a non-zero code: 2
