Checking out target files to a clean state...
+ cd /testbed
+ TARGET_COMMIT_SHA=0cef1f819e9811209a6b110ae37fe65e70aa79b0
+ TARGET_TEST_FILES=("test/CMakeLists.txt")
+ echo 'Checking out target files to a clean state...'
+ for FILE in "${TARGET_TEST_FILES[@]}"
+ git checkout 0cef1f819e9811209a6b110ae37fe65e70aa79b0 test/CMakeLists.txt
Updated 1 path from f5332467
Applying test patch...
+ echo 'Applying test patch...'
+ git apply -v -
Checking patch test/CMakeLists.txt...
Applied patch test/CMakeLists.txt cleanly.
+ cd build
+ echo 'Reconfiguring CMake...'
+ cmake .. -DCMAKE_BUILD_TYPE=Release -DFMT_TEST=ON
Reconfiguring CMake...
-- CMake version: 3.22.1
-- Module support is disabled.
-- Version: 8.1.2
-- Build type: Release
-- CXX_STANDARD: 11
-- Required features: cxx_variadic_templates
-- Target 'doc' disabled (requires doxygen)
-- FMT_PEDANTIC: OFF
-- Configuring done
-- Generating done
-- Build files have been written to: /testbed/build
Building the project...
+ cmake_config_rc=0
+ '[' 0 -ne 0 ']'
+ echo 'Building the project...'
+ cmake --build . -j2
Consolidate compiler generated dependencies of target gtest
Consolidate compiler generated dependencies of target fmt
[  3%] Built target gtest
[  7%] Built target fmt
Consolidate compiler generated dependencies of target test-main
Consolidate compiler generated dependencies of target format-impl-test
[ 21%] Built target test-main
[ 24%] Built target format-impl-test
Consolidate compiler generated dependencies of target printf-test
Consolidate compiler generated dependencies of target compile-fp-test
[ 27%] Built target printf-test
[ 36%] Built target compile-fp-test
Consolidate compiler generated dependencies of target ranges-test
Consolidate compiler generated dependencies of target scan-test
[ 41%] Built target ranges-test
[ 44%] Built target scan-test
Consolidate compiler generated dependencies of target xchar-test
Consolidate compiler generated dependencies of target unicode-test
[ 50%] Built target xchar-test
[ 56%] Built target unicode-test
Consolidate compiler generated dependencies of target enforce-checks-test
Consolidate compiler generated dependencies of target posix-mock-test
[ 60%] Built target enforce-checks-test
[ 69%] Built target posix-mock-test
Consolidate compiler generated dependencies of target os-test
Consolidate compiler generated dependencies of target args-test
[ 72%] Built target os-test
[ 75%] Built target args-test
Consolidate compiler generated dependencies of target assert-test
Consolidate compiler generated dependencies of target chrono-test
[ 78%] Built target assert-test
[ 81%] Built target chrono-test
Consolidate compiler generated dependencies of target color-test
Consolidate compiler generated dependencies of target core-test
[ 84%] Built target color-test
[ 87%] Built target core-test
Consolidate compiler generated dependencies of target gtest-extra-test
Consolidate compiler generated dependencies of target format-test
[ 90%] Built target gtest-extra-test
[ 93%] Built target format-test
Consolidate compiler generated dependencies of target ostream-test
Consolidate compiler generated dependencies of target compile-test
[ 96%] Built target ostream-test
[100%] Built target compile-test
+ build_rc=0
+ '[' 0 -ne 0 ']'
+ echo 'Running tests defined in test/CMakeLists.txt using ctest...'
+ export CTEST_OUTPUT_ON_FAILURE=True
+ CTEST_OUTPUT_ON_FAILURE=True
+ ctest -C Release
Running tests defined in test/CMakeLists.txt using ctest...
Test project /testbed/build
      Start  1: args-test
 1/19 Test  #1: args-test ........................   Passed    0.00 sec
      Start  2: assert-test
 2/19 Test  #2: assert-test ......................   Passed    0.00 sec
      Start  3: chrono-test
 3/19 Test  #3: chrono-test ......................   Passed    0.03 sec
      Start  4: color-test
 4/19 Test  #4: color-test .......................   Passed    0.00 sec
      Start  5: core-test
 5/19 Test  #5: core-test ........................   Passed    0.00 sec
      Start  6: gtest-extra-test
 6/19 Test  #6: gtest-extra-test .................   Passed    0.00 sec
      Start  7: format-test
 7/19 Test  #7: format-test ......................   Passed    0.01 sec
      Start  8: format-impl-test
 8/19 Test  #8: format-impl-test .................   Passed    0.01 sec
      Start  9: ostream-test
 9/19 Test  #9: ostream-test .....................   Passed    0.00 sec
      Start 10: compile-test
10/19 Test #10: compile-test .....................   Passed    0.00 sec
      Start 11: compile-fp-test
11/19 Test #11: compile-fp-test ..................   Passed    0.00 sec
      Start 12: printf-test
12/19 Test #12: printf-test ......................   Passed    0.01 sec
      Start 13: ranges-test
13/19 Test #13: ranges-test ......................   Passed    0.00 sec
      Start 14: scan-test
14/19 Test #14: scan-test ........................   Passed    0.00 sec
      Start 15: unicode-test
15/19 Test #15: unicode-test .....................   Passed    0.00 sec
      Start 16: xchar-test
16/19 Test #16: xchar-test .......................   Passed    0.00 sec
      Start 17: enforce-checks-test
17/19 Test #17: enforce-checks-test ..............   Passed    0.00 sec
      Start 18: posix-mock-test
18/19 Test #18: posix-mock-test ..................   Passed    0.01 sec
      Start 19: os-test
19/19 Test #19: os-test ..........................   Passed    0.01 sec

100% tests passed, 0 tests failed out of 19

Total Test time (real) =   0.13 sec
OMNIGRIL_EXIT_CODE=0
Cleaning up: Reverting test file changes...
+ rc=0
+ echo OMNIGRIL_EXIT_CODE=0
+ cd /testbed
+ echo 'Cleaning up: Reverting test file changes...'
+ for FILE in "${TARGET_TEST_FILES[@]}"
+ git checkout 0cef1f819e9811209a6b110ae37fe65e70aa79b0 test/CMakeLists.txt
Updated 1 path from f5332467
